<?xml version="1.0" encoding="UTF-8"?>
<coverage generated="1503548188975" clover="3.2.0">
  <project timestamp="1503548188975" name="All files">
    <metrics statements="275" coveredstatements="268" conditionals="87" coveredconditionals="81" methods="81" coveredmethods="74" elements="443" coveredelements="423" complexity="0" loc="275" ncloc="275" packages="13" files="26" classes="26">
      <package name="components.AboutMe">
        <metrics statements="1" coveredstatements="1" conditionals="0" coveredconditionals="0" methods="1" coveredmethods="1"/>
        <file name="AboutMe.jsx" path="C:\Users\Syneva\Development\onto-real-life\source\js\components\AboutMe\AboutMe.jsx">
          <metrics statements="1" coveredstatements="1" conditionals="0" coveredconditionals="0" methods="1" coveredmethods="1"/>
          <line num="6" count="1" type="stmt"/>
        </file>
      </package>
      <package name="components.BlogPosts">
        <metrics statements="26" coveredstatements="26" conditionals="10" coveredconditionals="10" methods="7" coveredmethods="7"/>
        <file name="PostContent.jsx" path="C:\Users\Syneva\Development\onto-real-life\source\js\components\BlogPosts\PostContent.jsx">
          <metrics statements="9" coveredstatements="9" conditionals="0" coveredconditionals="0" methods="3" coveredmethods="3"/>
          <line num="18" count="12" type="stmt"/>
          <line num="23" count="12" type="stmt"/>
          <line num="30" count="2" type="stmt"/>
          <line num="32" count="2" type="stmt"/>
          <line num="38" count="2" type="stmt"/>
          <line num="42" count="1" type="stmt"/>
          <line num="47" count="3" type="stmt"/>
          <line num="65" count="12" type="stmt"/>
          <line num="66" count="12" type="stmt"/>
        </file>
        <file name="PostContextNav.jsx" path="C:\Users\Syneva\Development\onto-real-life\source\js\components\BlogPosts\PostContextNav.jsx">
          <metrics statements="7" coveredstatements="7" conditionals="6" coveredconditionals="6" methods="2" coveredmethods="2"/>
          <line num="5" count="12" type="stmt"/>
          <line num="10" count="12" type="stmt"/>
          <line num="16" count="8" type="stmt"/>
          <line num="17" count="4" type="stmt"/>
          <line num="35" count="8" type="stmt"/>
          <line num="59" count="12" type="stmt"/>
          <line num="60" count="12" type="stmt"/>
        </file>
        <file name="PostPreviewer.jsx" path="C:\Users\Syneva\Development\onto-real-life\source\js\components\BlogPosts\PostPreviewer.jsx">
          <metrics statements="5" coveredstatements="5" conditionals="2" coveredconditionals="2" methods="1" coveredmethods="1"/>
          <line num="5" count="13" type="stmt"/>
          <line num="12" count="13" type="stmt"/>
          <line num="21" count="3" type="stmt"/>
          <line num="49" count="13" type="stmt"/>
          <line num="50" count="13" type="stmt"/>
        </file>
        <file name="PostTitle.jsx" path="C:\Users\Syneva\Development\onto-real-life\source\js\components\BlogPosts\PostTitle.jsx">
          <metrics statements="5" coveredstatements="5" conditionals="2" coveredconditionals="2" methods="1" coveredmethods="1"/>
          <line num="4" count="13" type="stmt"/>
          <line num="11" count="13" type="stmt"/>
          <line num="19" count="3" type="stmt"/>
          <line num="42" count="13" type="stmt"/>
          <line num="43" count="13" type="stmt"/>
        </file>
      </package>
      <package name="components.Carousel">
        <metrics statements="21" coveredstatements="17" conditionals="12" coveredconditionals="9" methods="6" coveredmethods="3"/>
        <file name="Carousel.jsx" path="C:\Users\Syneva\Development\onto-real-life\source\js\components\Carousel\Carousel.jsx">
          <metrics statements="21" coveredstatements="17" conditionals="12" coveredconditionals="9" methods="6" coveredmethods="3"/>
          <line num="5" count="13" type="stmt"/>
          <line num="10" count="13" type="stmt"/>
          <line num="17" count="2" type="stmt"/>
          <line num="18" count="2" type="stmt"/>
          <line num="20" count="2" type="stmt"/>
          <line num="24" count="2" type="stmt"/>
          <line num="28" count="0" type="stmt"/>
          <line num="32" count="0" type="stmt"/>
          <line num="36" count="0" type="stmt"/>
          <line num="37" count="0" type="stmt"/>
          <line num="43" count="2" type="stmt"/>
          <line num="48" count="6" type="stmt"/>
          <line num="49" count="6" type="cond" truecount="2" falsecount="0"/>
          <line num="50" count="2" type="stmt"/>
          <line num="51" count="4" type="cond" truecount="2" falsecount="0"/>
          <line num="54" count="2" type="stmt"/>
          <line num="55" count="2" type="cond" truecount="2" falsecount="3"/>
          <line num="57" count="2" type="stmt"/>
          <line num="59" count="6" type="stmt"/>
          <line num="73" count="13" type="stmt"/>
          <line num="74" count="13" type="stmt"/>
        </file>
      </package>
      <package name="components.Contact">
        <metrics statements="31" coveredstatements="31" conditionals="9" coveredconditionals="9" methods="11" coveredmethods="10"/>
        <file name="ContactMsg.jsx" path="C:\Users\Syneva\Development\onto-real-life\source\js\components\Contact\ContactMsg.jsx">
          <metrics statements="31" coveredstatements="31" conditionals="9" coveredconditionals="9" methods="11" coveredmethods="10"/>
          <line num="3" count="14" type="stmt"/>
          <line num="4" count="5" type="stmt"/>
          <line num="7" count="14" type="stmt"/>
          <line num="11" count="7" type="stmt"/>
          <line num="12" count="7" type="stmt"/>
          <line num="18" count="7" type="stmt"/>
          <line num="19" count="7" type="stmt"/>
          <line num="20" count="7" type="stmt"/>
          <line num="21" count="7" type="stmt"/>
          <line num="25" count="1" type="stmt"/>
          <line num="26" count="1" type="stmt"/>
          <line num="27" count="1" type="stmt"/>
          <line num="29" count="1" type="stmt"/>
          <line num="33" count="11" type="cond" truecount="2" falsecount="0"/>
          <line num="34" count="2" type="stmt"/>
          <line num="40" count="9" type="cond" truecount="2" falsecount="0"/>
          <line num="41" count="1" type="stmt"/>
          <line num="48" count="8" type="stmt"/>
          <line num="55" count="3" type="stmt"/>
          <line num="56" count="3" type="stmt"/>
          <line num="58" count="3" type="cond" truecount="2" falsecount="0"/>
          <line num="65" count="1" type="stmt"/>
          <line num="70" count="1" type="stmt"/>
          <line num="71" count="1" type="stmt"/>
          <line num="74" count="2" type="stmt"/>
          <line num="81" count="2" type="stmt"/>
          <line num="84" count="2" type="stmt"/>
          <line num="94" count="3" type="cond" truecount="3" falsecount="0"/>
          <line num="98" count="1" type="stmt"/>
          <line num="108" count="11" type="stmt"/>
          <line num="112" count="11" type="stmt"/>
        </file>
      </package>
      <package name="components.Global">
        <metrics statements="29" coveredstatements="29" conditionals="4" coveredconditionals="4" methods="10" coveredmethods="10"/>
        <file name="Header.jsx" path="C:\Users\Syneva\Development\onto-real-life\source\js\components\Global\Header.jsx">
          <metrics statements="5" coveredstatements="5" conditionals="0" coveredconditionals="0" methods="1" coveredmethods="1"/>
          <line num="6" count="12" type="stmt"/>
          <line num="10" count="12" type="stmt"/>
          <line num="18" count="1" type="stmt"/>
          <line num="31" count="12" type="stmt"/>
          <line num="32" count="12" type="stmt"/>
        </file>
        <file name="Menu.jsx" path="C:\Users\Syneva\Development\onto-real-life\source\js\components\Global\Menu.jsx">
          <metrics statements="12" coveredstatements="12" conditionals="4" coveredconditionals="4" methods="5" coveredmethods="5"/>
          <line num="7" count="1" type="stmt"/>
          <line num="8" count="1" type="stmt"/>
          <line num="12" count="1" type="stmt"/>
          <line num="16" count="2" type="stmt"/>
          <line num="17" count="2" type="stmt"/>
          <line num="23" count="2" type="cond" truecount="2" falsecount="0"/>
          <line num="25" count="1" type="stmt"/>
          <line num="26" count="1" type="stmt"/>
          <line num="28" count="1" type="stmt"/>
          <line num="32" count="3" type="stmt"/>
          <line num="36" count="3" type="cond" truecount="2" falsecount="0"/>
          <line num="40" count="3" type="stmt"/>
        </file>
        <file name="NotFound.jsx" path="C:\Users\Syneva\Development\onto-real-life\source\js\components\Global\NotFound.jsx">
          <metrics statements="1" coveredstatements="1" conditionals="0" coveredconditionals="0" methods="1" coveredmethods="1"/>
          <line num="4" count="1" type="stmt"/>
        </file>
        <file name="ResponsiveImg.jsx" path="C:\Users\Syneva\Development\onto-real-life\source\js\components\Global\ResponsiveImg.jsx">
          <metrics statements="5" coveredstatements="5" conditionals="0" coveredconditionals="0" methods="1" coveredmethods="1"/>
          <line num="4" count="13" type="stmt"/>
          <line num="11" count="13" type="stmt"/>
          <line num="19" count="1" type="stmt"/>
          <line num="33" count="13" type="stmt"/>
          <line num="34" count="13" type="stmt"/>
        </file>
        <file name="Title.jsx" path="C:\Users\Syneva\Development\onto-real-life\source\js\components\Global\Title.jsx">
          <metrics statements="1" coveredstatements="1" conditionals="0" coveredconditionals="0" methods="1" coveredmethods="1"/>
          <line num="7" count="1" type="stmt"/>
        </file>
        <file name="Video.jsx" path="C:\Users\Syneva\Development\onto-real-life\source\js\components\Global\Video.jsx">
          <metrics statements="5" coveredstatements="5" conditionals="0" coveredconditionals="0" methods="1" coveredmethods="1"/>
          <line num="4" count="13" type="stmt"/>
          <line num="9" count="13" type="stmt"/>
          <line num="15" count="1" type="stmt"/>
          <line num="18" count="13" type="stmt"/>
          <line num="19" count="13" type="stmt"/>
        </file>
      </package>
      <package name="components.SearchPosts">
        <metrics statements="12" coveredstatements="12" conditionals="8" coveredconditionals="8" methods="5" coveredmethods="5"/>
        <file name="PredictiveSuggestions.jsx" path="C:\Users\Syneva\Development\onto-real-life\source\js\components\SearchPosts\PredictiveSuggestions.jsx">
          <metrics statements="1" coveredstatements="1" conditionals="0" coveredconditionals="0" methods="1" coveredmethods="1"/>
          <line num="4" count="1" type="stmt"/>
        </file>
        <file name="SearchPosts.jsx" path="C:\Users\Syneva\Development\onto-real-life\source\js\components\SearchPosts\SearchPosts.jsx">
          <metrics statements="11" coveredstatements="11" conditionals="8" coveredconditionals="8" methods="4" coveredmethods="4"/>
          <line num="6" count="3" type="stmt"/>
          <line num="7" count="3" type="stmt"/>
          <line num="8" count="3" type="stmt"/>
          <line num="13" count="3" type="stmt"/>
          <line num="17" count="2" type="stmt"/>
          <line num="18" count="2" type="stmt"/>
          <line num="22" count="2" type="cond" truecount="2" falsecount="0"/>
          <line num="26" count="1" type="stmt"/>
          <line num="27" count="1" type="stmt"/>
          <line num="34" count="6" type="cond" truecount="2" falsecount="0"/>
          <line num="37" count="6" type="stmt"/>
        </file>
      </package>
      <package name="components.Spinner">
        <metrics statements="23" coveredstatements="23" conditionals="2" coveredconditionals="2" methods="7" coveredmethods="7"/>
        <file name="Spinner.jsx" path="C:\Users\Syneva\Development\onto-real-life\source\js\components\Spinner\Spinner.jsx">
          <metrics statements="23" coveredstatements="23" conditionals="2" coveredconditionals="2" methods="7" coveredmethods="7"/>
          <line num="4" count="14" type="stmt"/>
          <line num="8" count="14" type="stmt"/>
          <line num="17" count="14" type="stmt"/>
          <line num="21" count="5" type="stmt"/>
          <line num="22" count="5" type="cond" truecount="2" falsecount="0"/>
          <line num="23" count="1" type="stmt"/>
          <line num="26" count="4" type="stmt"/>
          <line num="32" count="4" type="stmt"/>
          <line num="38" count="1" type="stmt"/>
          <line num="39" count="1" type="stmt"/>
          <line num="40" count="1" type="stmt"/>
          <line num="44" count="3" type="stmt"/>
          <line num="48" count="1" type="stmt"/>
          <line num="49" count="1" type="stmt"/>
          <line num="51" count="1" type="stmt"/>
          <line num="52" count="1" type="stmt"/>
          <line num="53" count="1" type="stmt"/>
          <line num="55" count="1" type="stmt"/>
          <line num="59" count="12" type="stmt"/>
          <line num="73" count="48" type="stmt"/>
          <line num="84" count="4" type="stmt"/>
          <line num="120" count="14" type="stmt"/>
          <line num="121" count="14" type="stmt"/>
        </file>
      </package>
      <package name="utils">
        <metrics statements="85" coveredstatements="82" conditionals="32" coveredconditionals="29" methods="18" coveredmethods="15"/>
        <file name="img-rename.js" path="C:\Users\Syneva\Development\onto-real-life\source\js\utils\img-rename.js">
          <metrics statements="16" coveredstatements="14" conditionals="2" coveredconditionals="0" methods="2" coveredmethods="1"/>
          <line num="6" count="1" type="stmt"/>
          <line num="7" count="1" type="stmt"/>
          <line num="8" count="1" type="stmt"/>
          <line num="10" count="1" type="stmt"/>
          <line num="11" count="1" type="stmt"/>
          <line num="13" count="1" type="stmt"/>
          <line num="14" count="1" type="stmt"/>
          <line num="15" count="1" type="stmt"/>
          <line num="17" count="1" type="stmt"/>
          <line num="19" count="2" type="stmt"/>
          <line num="22" count="2" type="stmt"/>
          <line num="23" count="6" type="stmt"/>
          <line num="26" count="6" type="stmt"/>
          <line num="30" count="0" type="cond" truecount="0" falsecount="2"/>
          <line num="31" count="0" type="stmt"/>
          <line num="38" count="1" type="stmt"/>
        </file>
        <file name="post-helper.js" path="C:\Users\Syneva\Development\onto-real-life\source\js\utils\post-helper.js">
          <metrics statements="16" coveredstatements="15" conditionals="6" coveredconditionals="5" methods="5" coveredmethods="4"/>
          <line num="2" count="13" type="stmt"/>
          <line num="3" count="13" type="stmt"/>
          <line num="6" count="13" type="cond" truecount="1" falsecount="1"/>
          <line num="7" count="13" type="stmt"/>
          <line num="9" count="0" type="stmt"/>
          <line num="14" count="13" type="stmt"/>
          <line num="15" count="13" type="stmt"/>
          <line num="16" count="13" type="stmt"/>
          <line num="21" count="2" type="stmt"/>
          <line num="22" count="2" type="cond" truecount="4" falsecount="0"/>
          <line num="23" count="1" type="stmt"/>
          <line num="28" count="1" type="stmt"/>
          <line num="29" count="1" type="stmt"/>
          <line num="33" count="1" type="stmt"/>
          <line num="38" count="1" type="stmt"/>
          <line num="49" count="13" type="stmt"/>
        </file>
        <file name="search-posts.js" path="C:\Users\Syneva\Development\onto-real-life\source\js\utils\search-posts.js">
          <metrics statements="53" coveredstatements="53" conditionals="24" coveredconditionals="24" methods="11" coveredmethods="10"/>
          <line num="3" count="12" type="stmt"/>
          <line num="8" count="12" type="stmt"/>
          <line num="9" count="62" type="stmt"/>
          <line num="10" count="62" type="stmt"/>
          <line num="11" count="62" type="stmt"/>
          <line num="17" count="12" type="stmt"/>
          <line num="18" count="1207" type="stmt"/>
          <line num="20" count="1207" type="cond" truecount="2" falsecount="0"/>
          <line num="21" count="58" type="stmt"/>
          <line num="25" count="1149" type="stmt"/>
          <line num="26" count="1149" type="stmt"/>
          <line num="27" count="1149" type="cond" truecount="2" falsecount="0"/>
          <line num="29" count="1149" type="cond" truecount="2" falsecount="0"/>
          <line num="30" count="2" type="stmt"/>
          <line num="34" count="1147" type="stmt"/>
          <line num="35" count="1147" type="cond" truecount="2" falsecount="0"/>
          <line num="40" count="12" type="stmt"/>
          <line num="41" count="229" type="stmt"/>
          <line num="42" count="229" type="stmt"/>
          <line num="43" count="1145" type="stmt"/>
          <line num="45" count="1145" type="stmt"/>
          <line num="48" count="59" type="stmt"/>
          <line num="49" count="59" type="stmt"/>
          <line num="53" count="229" type="stmt"/>
          <line num="66" count="16" type="stmt"/>
          <line num="68" count="16" type="stmt"/>
          <line num="70" count="16" type="cond" truecount="4" falsecount="0"/>
          <line num="71" count="15" type="stmt"/>
          <line num="72" count="124" type="stmt"/>
          <line num="73" count="124" type="stmt"/>
          <line num="74" count="124" type="cond" truecount="2" falsecount="0"/>
          <line num="75" count="124" type="cond" truecount="2" falsecount="0"/>
          <line num="76" count="124" type="stmt"/>
          <line num="79" count="1" type="stmt"/>
          <line num="82" count="16" type="stmt"/>
          <line num="86" count="3" type="cond" truecount="2" falsecount="0"/>
          <line num="91" count="13169" type="cond" truecount="2" falsecount="0"/>
          <line num="92" count="3068" type="stmt"/>
          <line num="94" count="10101" type="stmt"/>
          <line num="95" count="10101" type="stmt"/>
          <line num="96" count="10101" type="stmt"/>
          <line num="102" count="1843" type="stmt"/>
          <line num="103" count="13169" type="stmt"/>
          <line num="104" count="13169" type="stmt"/>
          <line num="106" count="13169" type="cond" truecount="2" falsecount="0"/>
          <line num="107" count="3068" type="cond" truecount="2" falsecount="0"/>
          <line num="108" count="1887" type="stmt"/>
          <line num="111" count="10101" type="stmt"/>
          <line num="115" count="1843" type="stmt"/>
          <line num="119" count="124" type="stmt"/>
          <line num="120" count="1842" type="stmt"/>
          <line num="125" count="12" type="stmt"/>
          <line num="126" count="12" type="stmt"/>
        </file>
      </package>
      <package name="views.About">
        <metrics statements="1" coveredstatements="1" conditionals="0" coveredconditionals="0" methods="1" coveredmethods="1"/>
        <file name="index.jsx" path="C:\Users\Syneva\Development\onto-real-life\source\js\views\About\index.jsx">
          <metrics statements="1" coveredstatements="1" conditionals="0" coveredconditionals="0" methods="1" coveredmethods="1"/>
          <line num="7" count="1" type="stmt"/>
        </file>
      </package>
      <package name="views.App">
        <metrics statements="5" coveredstatements="5" conditionals="0" coveredconditionals="0" methods="1" coveredmethods="1"/>
        <file name="App.jsx" path="C:\Users\Syneva\Development\onto-real-life\source\js\views\App\App.jsx">
          <metrics statements="5" coveredstatements="5" conditionals="0" coveredconditionals="0" methods="1" coveredmethods="1"/>
          <line num="8" count="12" type="stmt"/>
          <line num="12" count="12" type="stmt"/>
          <line num="24" count="2" type="stmt"/>
          <line num="36" count="12" type="stmt"/>
          <line num="37" count="12" type="stmt"/>
        </file>
      </package>
      <package name="views.BlogPosts">
        <metrics statements="39" coveredstatements="39" conditionals="10" coveredconditionals="10" methods="12" coveredmethods="12"/>
        <file name="BlogPosts.jsx" path="C:\Users\Syneva\Development\onto-real-life\source\js\views\BlogPosts\BlogPosts.jsx">
          <metrics statements="13" coveredstatements="13" conditionals="0" coveredconditionals="0" methods="6" coveredmethods="6"/>
          <line num="9" count="12" type="stmt"/>
          <line num="11" count="12" type="stmt"/>
          <line num="15" count="12" type="stmt"/>
          <line num="23" count="3" type="stmt"/>
          <line num="25" count="3" type="stmt"/>
          <line num="26" count="3" type="stmt"/>
          <line num="29" count="4" type="stmt"/>
          <line num="30" count="1" type="stmt"/>
          <line num="34" count="4" type="stmt"/>
          <line num="35" count="1" type="stmt"/>
          <line num="39" count="3" type="stmt"/>
          <line num="48" count="12" type="stmt"/>
          <line num="49" count="12" type="stmt"/>
        </file>
        <file name="Post.jsx" path="C:\Users\Syneva\Development\onto-real-life\source\js\views\BlogPosts\Post.jsx">
          <metrics statements="17" coveredstatements="17" conditionals="10" coveredconditionals="10" methods="3" coveredmethods="3"/>
          <line num="9" count="12" type="stmt"/>
          <line num="15" count="12" type="stmt"/>
          <line num="27" count="3" type="stmt"/>
          <line num="32" count="3" type="stmt"/>
          <line num="33" count="7" type="cond" truecount="2" falsecount="0"/>
          <line num="34" count="3" type="stmt"/>
          <line num="35" count="3" type="stmt"/>
          <line num="37" count="3" type="stmt"/>
          <line num="42" count="3" type="stmt"/>
          <line num="46" count="6" type="stmt"/>
          <line num="47" count="6" type="stmt"/>
          <line num="49" count="6" type="cond" truecount="2" falsecount="0"/>
          <line num="50" count="5" type="stmt"/>
          <line num="52" count="1" type="stmt"/>
          <line num="54" count="1" type="stmt"/>
          <line num="70" count="12" type="stmt"/>
          <line num="71" count="12" type="stmt"/>
        </file>
        <file name="PostCollection.jsx" path="C:\Users\Syneva\Development\onto-real-life\source\js\views\BlogPosts\PostCollection.jsx">
          <metrics statements="9" coveredstatements="9" conditionals="0" coveredconditionals="0" methods="3" coveredmethods="3"/>
          <line num="8" count="12" type="stmt"/>
          <line num="13" count="12" type="stmt"/>
          <line num="20" count="3" type="stmt"/>
          <line num="21" count="6" type="stmt"/>
          <line num="22" count="6" type="stmt"/>
          <line num="34" count="3" type="stmt"/>
          <line num="35" count="3" type="stmt"/>
          <line num="46" count="12" type="stmt"/>
          <line num="47" count="12" type="stmt"/>
        </file>
      </package>
      <package name="views.Contact">
        <metrics statements="1" coveredstatements="1" conditionals="0" coveredconditionals="0" methods="1" coveredmethods="1"/>
        <file name="Contact.jsx" path="C:\Users\Syneva\Development\onto-real-life\source\js\views\Contact\Contact.jsx">
          <metrics statements="1" coveredstatements="1" conditionals="0" coveredconditionals="0" methods="1" coveredmethods="1"/>
          <line num="5" count="1" type="stmt"/>
        </file>
      </package>
      <package name="views.NotFound">
        <metrics statements="1" coveredstatements="1" conditionals="0" coveredconditionals="0" methods="1" coveredmethods="1"/>
        <file name="index.jsx" path="C:\Users\Syneva\Development\onto-real-life\source\js\views\NotFound\index.jsx">
          <metrics statements="1" coveredstatements="1" conditionals="0" coveredconditionals="0" methods="1" coveredmethods="1"/>
          <line num="5" count="1" type="stmt"/>
        </file>
      </package>
    </metrics>
  </project>
</coverage>
