{"/Users/syneva.j.runyan/Development/Learning/onto-real-life/source/js/components/AboutMe/AboutMe.jsx": {"path":"/Users/syneva.j.runyan/Development/Learning/onto-real-life/source/js/components/AboutMe/AboutMe.jsx","statementMap":{"0":{"start":{"line":6,"column":4},"end":{"line":30,"column":6}}},"fnMap":{"0":{"name":"(anonymous_0)","decl":{"start":{"line":5,"column":2},"end":{"line":5,"column":3}},"loc":{"start":{"line":5,"column":11},"end":{"line":31,"column":3}},"line":5}},"branchMap":{},"s":{"0":1},"f":{"0":1},"b":{},"_coverageSchema":"43e27e138ebf9cfc5966b082cf9a028302ed4184","hash":"cba8bda1ef17e68199f4e464040409b06d8cda4c"}
,"/Users/syneva.j.runyan/Development/Learning/onto-real-life/source/js/components/BlogPosts/PostContent.jsx": {"path":"/Users/syneva.j.runyan/Development/Learning/onto-real-life/source/js/components/BlogPosts/PostContent.jsx","statementMap":{"0":{"start":{"line":18,"column":18},"end":{"line":21,"column":1}},"1":{"start":{"line":23,"column":21},"end":{"line":26,"column":1}},"2":{"start":{"line":30,"column":4},"end":{"line":30,"column":17}},"3":{"start":{"line":32,"column":4},"end":{"line":36,"column":6}},"4":{"start":{"line":38,"column":4},"end":{"line":38,"column":50}},"5":{"start":{"line":42,"column":4},"end":{"line":42,"column":63}},"6":{"start":{"line":47,"column":4},"end":{"line":61,"column":6}},"7":{"start":{"line":65,"column":0},"end":{"line":65,"column":34}},"8":{"start":{"line":66,"column":0},"end":{"line":66,"column":40}}},"fnMap":{"0":{"name":"(anonymous_0)","decl":{"start":{"line":29,"column":2},"end":{"line":29,"column":3}},"loc":{"start":{"line":29,"column":21},"end":{"line":39,"column":3}},"line":29},"1":{"name":"(anonymous_1)","decl":{"start":{"line":41,"column":2},"end":{"line":41,"column":3}},"loc":{"start":{"line":41,"column":13},"end":{"line":43,"column":3}},"line":41},"2":{"name":"(anonymous_2)","decl":{"start":{"line":46,"column":2},"end":{"line":46,"column":3}},"loc":{"start":{"line":46,"column":11},"end":{"line":62,"column":3}},"line":46}},"branchMap":{},"s":{"0":7,"1":7,"2":2,"3":2,"4":2,"5":1,"6":3,"7":7,"8":7},"f":{"0":2,"1":1,"2":3},"b":{},"_coverageSchema":"43e27e138ebf9cfc5966b082cf9a028302ed4184","hash":"bd84c220adc5e5f094bac3affe4d5b553dd89b37"}
,"/Users/syneva.j.runyan/Development/Learning/onto-real-life/source/js/components/BlogPosts/PostContextNav.jsx": {"path":"/Users/syneva.j.runyan/Development/Learning/onto-real-life/source/js/components/BlogPosts/PostContextNav.jsx","statementMap":{"0":{"start":{"line":5,"column":18},"end":{"line":8,"column":1}},"1":{"start":{"line":10,"column":21},"end":{"line":13,"column":1}},"2":{"start":{"line":16,"column":20},"end":{"line":33,"column":3}},"3":{"start":{"line":17,"column":4},"end":{"line":32,"column":6}},"4":{"start":{"line":35,"column":2},"end":{"line":56,"column":4}},"5":{"start":{"line":59,"column":0},"end":{"line":59,"column":37}},"6":{"start":{"line":60,"column":0},"end":{"line":60,"column":43}}},"fnMap":{"0":{"name":"PostContextNav","decl":{"start":{"line":15,"column":24},"end":{"line":15,"column":38}},"loc":{"start":{"line":15,"column":46},"end":{"line":57,"column":1}},"line":15},"1":{"name":"(anonymous_1)","decl":{"start":{"line":16,"column":20},"end":{"line":16,"column":21}},"loc":{"start":{"line":16,"column":70},"end":{"line":33,"column":3}},"line":16}},"branchMap":{"0":{"loc":{"start":{"line":26,"column":9},"end":{"line":30,"column":16}},"type":"cond-expr","locations":[{"start":{"line":27,"column":12},"end":{"line":29,"column":17}},{"start":{"line":30,"column":12},"end":{"line":30,"column":16}}],"line":26},"1":{"loc":{"start":{"line":37,"column":7},"end":{"line":45,"column":14}},"type":"cond-expr","locations":[{"start":{"line":38,"column":10},"end":{"line":44,"column":11}},{"start":{"line":45,"column":10},"end":{"line":45,"column":14}}],"line":37},"2":{"loc":{"start":{"line":46,"column":7},"end":{"line":54,"column":14}},"type":"cond-expr","locations":[{"start":{"line":47,"column":10},"end":{"line":53,"column":11}},{"start":{"line":54,"column":10},"end":{"line":54,"column":14}}],"line":46}},"s":{"0":7,"1":7,"2":8,"3":4,"4":8,"5":7,"6":7},"f":{"0":8,"1":4},"b":{"0":[3,1],"1":[3,5],"2":[1,7]},"_coverageSchema":"43e27e138ebf9cfc5966b082cf9a028302ed4184","hash":"f5385c2124faed2b098ed07a0507f3e149fa5b47"}
,"/Users/syneva.j.runyan/Development/Learning/onto-real-life/source/js/components/BlogPosts/PostPreviewer.jsx": {"path":"/Users/syneva.j.runyan/Development/Learning/onto-real-life/source/js/components/BlogPosts/PostPreviewer.jsx","statementMap":{"0":{"start":{"line":5,"column":18},"end":{"line":10,"column":1}},"1":{"start":{"line":12,"column":21},"end":{"line":17,"column":1}},"2":{"start":{"line":21,"column":4},"end":{"line":45,"column":6}},"3":{"start":{"line":49,"column":0},"end":{"line":49,"column":36}},"4":{"start":{"line":50,"column":0},"end":{"line":50,"column":42}}},"fnMap":{"0":{"name":"(anonymous_0)","decl":{"start":{"line":20,"column":2},"end":{"line":20,"column":3}},"loc":{"start":{"line":20,"column":11},"end":{"line":46,"column":3}},"line":20}},"branchMap":{"0":{"loc":{"start":{"line":38,"column":11},"end":{"line":42,"column":18}},"type":"cond-expr","locations":[{"start":{"line":39,"column":14},"end":{"line":41,"column":19}},{"start":{"line":42,"column":14},"end":{"line":42,"column":18}}],"line":38}},"s":{"0":8,"1":8,"2":3,"3":8,"4":8},"f":{"0":3},"b":{"0":[1,2]},"_coverageSchema":"43e27e138ebf9cfc5966b082cf9a028302ed4184","hash":"d3fe2b4f34721849af338f98f2fcd2d7c6bb826b"}
,"/Users/syneva.j.runyan/Development/Learning/onto-real-life/source/js/components/BlogPosts/PostTitle.jsx": {"path":"/Users/syneva.j.runyan/Development/Learning/onto-real-life/source/js/components/BlogPosts/PostTitle.jsx","statementMap":{"0":{"start":{"line":4,"column":18},"end":{"line":9,"column":1}},"1":{"start":{"line":11,"column":21},"end":{"line":16,"column":1}},"2":{"start":{"line":19,"column":2},"end":{"line":41,"column":4}},"3":{"start":{"line":44,"column":0},"end":{"line":44,"column":32}},"4":{"start":{"line":45,"column":0},"end":{"line":45,"column":38}}},"fnMap":{"0":{"name":"PostTitle","decl":{"start":{"line":18,"column":24},"end":{"line":18,"column":33}},"loc":{"start":{"line":18,"column":41},"end":{"line":42,"column":1}},"line":18}},"branchMap":{"0":{"loc":{"start":{"line":34,"column":9},"end":{"line":38,"column":16}},"type":"cond-expr","locations":[{"start":{"line":35,"column":12},"end":{"line":37,"column":17}},{"start":{"line":38,"column":12},"end":{"line":38,"column":16}}],"line":34}},"s":{"0":8,"1":8,"2":3,"3":8,"4":8},"f":{"0":3},"b":{"0":[1,2]},"_coverageSchema":"43e27e138ebf9cfc5966b082cf9a028302ed4184","hash":"3119f8386b2321ad0297db79609f8e1a9a0a0418"}
,"/Users/syneva.j.runyan/Development/Learning/onto-real-life/source/js/components/Carousel/Carousel.jsx": {"path":"/Users/syneva.j.runyan/Development/Learning/onto-real-life/source/js/components/Carousel/Carousel.jsx","statementMap":{"0":{"start":{"line":5,"column":18},"end":{"line":11,"column":1}},"1":{"start":{"line":13,"column":21},"end":{"line":19,"column":1}},"2":{"start":{"line":23,"column":4},"end":{"line":23,"column":17}},"3":{"start":{"line":24,"column":4},"end":{"line":24,"column":27}},"4":{"start":{"line":26,"column":4},"end":{"line":28,"column":6}},"5":{"start":{"line":32,"column":4},"end":{"line":32,"column":103}},"6":{"start":{"line":36,"column":4},"end":{"line":36,"column":60}},"7":{"start":{"line":40,"column":4},"end":{"line":40,"column":43}},"8":{"start":{"line":41,"column":4},"end":{"line":41,"column":45}},"9":{"start":{"line":43,"column":29},"end":{"line":43,"column":79}},"10":{"start":{"line":44,"column":4},"end":{"line":46,"column":7}},"11":{"start":{"line":50,"column":4},"end":{"line":50,"column":23}},"12":{"start":{"line":51,"column":4},"end":{"line":51,"column":24}},"13":{"start":{"line":53,"column":30},"end":{"line":53,"column":51}},"14":{"start":{"line":54,"column":4},"end":{"line":56,"column":7}},"15":{"start":{"line":60,"column":4},"end":{"line":92,"column":6}},"16":{"start":{"line":65,"column":34},"end":{"line":65,"column":38}},"17":{"start":{"line":66,"column":12},"end":{"line":82,"column":13}},"18":{"start":{"line":67,"column":14},"end":{"line":67,"column":60}},"19":{"start":{"line":68,"column":19},"end":{"line":82,"column":13}},"20":{"start":{"line":74,"column":14},"end":{"line":74,"column":58}},"21":{"start":{"line":75,"column":19},"end":{"line":82,"column":13}},"22":{"start":{"line":81,"column":14},"end":{"line":81,"column":58}},"23":{"start":{"line":83,"column":12},"end":{"line":87,"column":14}},"24":{"start":{"line":96,"column":0},"end":{"line":96,"column":31}},"25":{"start":{"line":97,"column":0},"end":{"line":97,"column":37}}},"fnMap":{"0":{"name":"(anonymous_0)","decl":{"start":{"line":22,"column":2},"end":{"line":22,"column":3}},"loc":{"start":{"line":22,"column":21},"end":{"line":29,"column":3}},"line":22},"1":{"name":"(anonymous_1)","decl":{"start":{"line":31,"column":2},"end":{"line":31,"column":3}},"loc":{"start":{"line":31,"column":22},"end":{"line":33,"column":3}},"line":31},"2":{"name":"(anonymous_2)","decl":{"start":{"line":35,"column":2},"end":{"line":35,"column":3}},"loc":{"start":{"line":35,"column":25},"end":{"line":37,"column":3}},"line":35},"3":{"name":"(anonymous_3)","decl":{"start":{"line":39,"column":13},"end":{"line":39,"column":14}},"loc":{"start":{"line":39,"column":25},"end":{"line":47,"column":3}},"line":39},"4":{"name":"(anonymous_4)","decl":{"start":{"line":49,"column":14},"end":{"line":49,"column":15}},"loc":{"start":{"line":49,"column":21},"end":{"line":57,"column":3}},"line":49},"5":{"name":"(anonymous_5)","decl":{"start":{"line":59,"column":2},"end":{"line":59,"column":3}},"loc":{"start":{"line":59,"column":11},"end":{"line":93,"column":3}},"line":59},"6":{"name":"(anonymous_6)","decl":{"start":{"line":64,"column":34},"end":{"line":64,"column":35}},"loc":{"start":{"line":64,"column":52},"end":{"line":88,"column":11}},"line":64}},"branchMap":{"0":{"loc":{"start":{"line":32,"column":4},"end":{"line":32,"column":102}},"type":"cond-expr","locations":[{"start":{"line":32,"column":26},"end":{"line":32,"column":95}},{"start":{"line":32,"column":98},"end":{"line":32,"column":102}}],"line":32},"1":{"loc":{"start":{"line":36,"column":4},"end":{"line":36,"column":59}},"type":"cond-expr","locations":[{"start":{"line":36,"column":22},"end":{"line":36,"column":52}},{"start":{"line":36,"column":55},"end":{"line":36,"column":59}}],"line":36},"2":{"loc":{"start":{"line":39,"column":14},"end":{"line":39,"column":20}},"type":"default-arg","locations":[{"start":{"line":39,"column":18},"end":{"line":39,"column":20}}],"line":39},"3":{"loc":{"start":{"line":40,"column":4},"end":{"line":40,"column":42}},"type":"binary-expr","locations":[{"start":{"line":40,"column":4},"end":{"line":40,"column":20}},{"start":{"line":40,"column":24},"end":{"line":40,"column":42}}],"line":40},"4":{"loc":{"start":{"line":41,"column":4},"end":{"line":41,"column":44}},"type":"binary-expr","locations":[{"start":{"line":41,"column":4},"end":{"line":41,"column":21}},{"start":{"line":41,"column":25},"end":{"line":41,"column":44}}],"line":41},"5":{"loc":{"start":{"line":55,"column":14},"end":{"line":55,"column":84}},"type":"cond-expr","locations":[{"start":{"line":55,"column":38},"end":{"line":55,"column":54}},{"start":{"line":55,"column":57},"end":{"line":55,"column":84}}],"line":55},"6":{"loc":{"start":{"line":62,"column":9},"end":{"line":62,"column":166}},"type":"cond-expr","locations":[{"start":{"line":62,"column":72},"end":{"line":62,"column":159}},{"start":{"line":62,"column":162},"end":{"line":62,"column":166}}],"line":62},"7":{"loc":{"start":{"line":62,"column":10},"end":{"line":62,"column":68}},"type":"binary-expr","locations":[{"start":{"line":62,"column":10},"end":{"line":62,"column":38}},{"start":{"line":62,"column":42},"end":{"line":62,"column":68}}],"line":62},"8":{"loc":{"start":{"line":66,"column":12},"end":{"line":82,"column":13}},"type":"if","locations":[{"start":{"line":66,"column":12},"end":{"line":82,"column":13}},{"start":{"line":66,"column":12},"end":{"line":82,"column":13}}],"line":66},"9":{"loc":{"start":{"line":68,"column":19},"end":{"line":82,"column":13}},"type":"if","locations":[{"start":{"line":68,"column":19},"end":{"line":82,"column":13}},{"start":{"line":68,"column":19},"end":{"line":82,"column":13}}],"line":68},"10":{"loc":{"start":{"line":71,"column":14},"end":{"line":72,"column":81}},"type":"binary-expr","locations":[{"start":{"line":71,"column":14},"end":{"line":71,"column":45}},{"start":{"line":72,"column":15},"end":{"line":72,"column":53}},{"start":{"line":72,"column":57},"end":{"line":72,"column":80}}],"line":71},"11":{"loc":{"start":{"line":75,"column":19},"end":{"line":82,"column":13}},"type":"if","locations":[{"start":{"line":75,"column":19},"end":{"line":82,"column":13}},{"start":{"line":75,"column":19},"end":{"line":82,"column":13}}],"line":75},"12":{"loc":{"start":{"line":78,"column":14},"end":{"line":79,"column":81}},"type":"binary-expr","locations":[{"start":{"line":78,"column":14},"end":{"line":78,"column":45}},{"start":{"line":79,"column":15},"end":{"line":79,"column":26}},{"start":{"line":79,"column":30},"end":{"line":79,"column":80}}],"line":78},"13":{"loc":{"start":{"line":84,"column":14},"end":{"line":86,"column":27}},"type":"cond-expr","locations":[{"start":{"line":84,"column":33},"end":{"line":86,"column":19}},{"start":{"line":86,"column":23},"end":{"line":86,"column":27}}],"line":84},"14":{"loc":{"start":{"line":90,"column":9},"end":{"line":90,"column":166}},"type":"cond-expr","locations":[{"start":{"line":90,"column":72},"end":{"line":90,"column":159}},{"start":{"line":90,"column":162},"end":{"line":90,"column":166}}],"line":90},"15":{"loc":{"start":{"line":90,"column":10},"end":{"line":90,"column":68}},"type":"binary-expr","locations":[{"start":{"line":90,"column":10},"end":{"line":90,"column":38}},{"start":{"line":90,"column":42},"end":{"line":90,"column":68}}],"line":90}},"s":{"0":8,"1":8,"2":8,"3":8,"4":8,"5":9,"6":3,"7":1,"8":1,"9":1,"10":1,"11":1,"12":0,"13":0,"14":0,"15":11,"16":33,"17":33,"18":11,"19":22,"20":11,"21":11,"22":11,"23":33,"24":8,"25":8},"f":{"0":8,"1":9,"2":3,"3":1,"4":1,"5":11,"6":33},"b":{"0":[9,0],"1":[3,0],"2":[1],"3":[1,0],"4":[1,0],"5":[0,0],"6":[0,11],"7":[11,11],"8":[11,22],"9":[11,11],"10":[22,19,9],"11":[11,0],"12":[11,2,2],"13":[33,0],"14":[0,11],"15":[11,11]},"_coverageSchema":"43e27e138ebf9cfc5966b082cf9a028302ed4184","hash":"f2114faedaeb8ebfafb44ca00bcc3f77614b3dd7"}
,"/Users/syneva.j.runyan/Development/Learning/onto-real-life/source/js/components/Contact/ContactMsg.jsx": {"path":"/Users/syneva.j.runyan/Development/Learning/onto-real-life/source/js/components/Contact/ContactMsg.jsx","statementMap":{"0":{"start":{"line":3,"column":17},"end":{"line":5,"column":1}},"1":{"start":{"line":4,"column":2},"end":{"line":4,"column":17}},"2":{"start":{"line":7,"column":16},"end":{"line":7,"column":41}},"3":{"start":{"line":11,"column":4},"end":{"line":11,"column":17}},"4":{"start":{"line":12,"column":4},"end":{"line":16,"column":6}},"5":{"start":{"line":18,"column":4},"end":{"line":18,"column":66}},"6":{"start":{"line":19,"column":4},"end":{"line":19,"column":68}},"7":{"start":{"line":20,"column":4},"end":{"line":20,"column":58}},"8":{"start":{"line":21,"column":4},"end":{"line":21,"column":50}},"9":{"start":{"line":25,"column":21},"end":{"line":25,"column":35}},"10":{"start":{"line":26,"column":25},"end":{"line":26,"column":27}},"11":{"start":{"line":27,"column":4},"end":{"line":27,"column":35}},"12":{"start":{"line":29,"column":4},"end":{"line":29,"column":32}},"13":{"start":{"line":33,"column":4},"end":{"line":38,"column":5}},"14":{"start":{"line":34,"column":6},"end":{"line":37,"column":8}},"15":{"start":{"line":40,"column":4},"end":{"line":46,"column":5}},"16":{"start":{"line":41,"column":6},"end":{"line":45,"column":8}},"17":{"start":{"line":48,"column":4},"end":{"line":51,"column":6}},"18":{"start":{"line":55,"column":4},"end":{"line":55,"column":23}},"19":{"start":{"line":56,"column":4},"end":{"line":56,"column":24}},"20":{"start":{"line":58,"column":4},"end":{"line":72,"column":5}},"21":{"start":{"line":65,"column":6},"end":{"line":69,"column":8}},"22":{"start":{"line":70,"column":6},"end":{"line":70,"column":23}},"23":{"start":{"line":71,"column":6},"end":{"line":71,"column":13}},"24":{"start":{"line":74,"column":4},"end":{"line":77,"column":7}},"25":{"start":{"line":81,"column":23},"end":{"line":81,"column":87}},"26":{"start":{"line":84,"column":4},"end":{"line":90,"column":7}},"27":{"start":{"line":94,"column":4},"end":{"line":94,"column":65}},"28":{"start":{"line":98,"column":4},"end":{"line":104,"column":7}},"29":{"start":{"line":108,"column":26},"end":{"line":111,"column":5}},"30":{"start":{"line":112,"column":4},"end":{"line":147,"column":6}}},"fnMap":{"0":{"name":"(anonymous_0)","decl":{"start":{"line":3,"column":17},"end":{"line":3,"column":18}},"loc":{"start":{"line":3,"column":33},"end":{"line":5,"column":1}},"line":3},"1":{"name":"(anonymous_1)","decl":{"start":{"line":10,"column":2},"end":{"line":10,"column":3}},"loc":{"start":{"line":10,"column":21},"end":{"line":22,"column":3}},"line":10},"2":{"name":"(anonymous_2)","decl":{"start":{"line":24,"column":2},"end":{"line":24,"column":3}},"loc":{"start":{"line":24,"column":21},"end":{"line":30,"column":3}},"line":24},"3":{"name":"(anonymous_3)","decl":{"start":{"line":32,"column":2},"end":{"line":32,"column":3}},"loc":{"start":{"line":32,"column":37},"end":{"line":52,"column":3}},"line":32},"4":{"name":"(anonymous_4)","decl":{"start":{"line":54,"column":2},"end":{"line":54,"column":3}},"loc":{"start":{"line":54,"column":16},"end":{"line":78,"column":3}},"line":54},"5":{"name":"(anonymous_5)","decl":{"start":{"line":80,"column":2},"end":{"line":80,"column":3}},"loc":{"start":{"line":80,"column":36},"end":{"line":91,"column":3}},"line":80},"6":{"name":"(anonymous_6)","decl":{"start":{"line":88,"column":15},"end":{"line":88,"column":16}},"loc":{"start":{"line":88,"column":21},"end":{"line":88,"column":23}},"line":88},"7":{"name":"(anonymous_7)","decl":{"start":{"line":89,"column":13},"end":{"line":89,"column":14}},"loc":{"start":{"line":89,"column":19},"end":{"line":89,"column":21}},"line":89},"8":{"name":"(anonymous_8)","decl":{"start":{"line":93,"column":2},"end":{"line":93,"column":3}},"loc":{"start":{"line":93,"column":38},"end":{"line":95,"column":3}},"line":93},"9":{"name":"(anonymous_9)","decl":{"start":{"line":97,"column":2},"end":{"line":97,"column":3}},"loc":{"start":{"line":97,"column":14},"end":{"line":105,"column":3}},"line":97},"10":{"name":"(anonymous_10)","decl":{"start":{"line":107,"column":2},"end":{"line":107,"column":3}},"loc":{"start":{"line":107,"column":11},"end":{"line":148,"column":3}},"line":107}},"branchMap":{"0":{"loc":{"start":{"line":33,"column":4},"end":{"line":38,"column":5}},"type":"if","locations":[{"start":{"line":33,"column":4},"end":{"line":38,"column":5}},{"start":{"line":33,"column":4},"end":{"line":38,"column":5}}],"line":33},"1":{"loc":{"start":{"line":40,"column":4},"end":{"line":46,"column":5}},"type":"if","locations":[{"start":{"line":40,"column":4},"end":{"line":46,"column":5}},{"start":{"line":40,"column":4},"end":{"line":46,"column":5}}],"line":40},"2":{"loc":{"start":{"line":58,"column":4},"end":{"line":72,"column":5}},"type":"if","locations":[{"start":{"line":58,"column":4},"end":{"line":72,"column":5}},{"start":{"line":58,"column":4},"end":{"line":72,"column":5}}],"line":58},"3":{"loc":{"start":{"line":94,"column":11},"end":{"line":94,"column":64}},"type":"binary-expr","locations":[{"start":{"line":94,"column":11},"end":{"line":94,"column":28}},{"start":{"line":94,"column":32},"end":{"line":94,"column":47}},{"start":{"line":94,"column":51},"end":{"line":94,"column":64}}],"line":94}},"s":{"0":9,"1":5,"2":9,"3":7,"4":7,"5":7,"6":7,"7":7,"8":7,"9":1,"10":1,"11":1,"12":1,"13":9,"14":1,"15":8,"16":0,"17":8,"18":1,"19":1,"20":1,"21":0,"22":0,"23":0,"24":1,"25":1,"26":1,"27":3,"28":0,"29":9,"30":9},"f":{"0":5,"1":7,"2":1,"3":9,"4":1,"5":1,"6":0,"7":0,"8":3,"9":0,"10":9},"b":{"0":[1,8],"1":[0,8],"2":[0,1],"3":[3,1,1]},"_coverageSchema":"43e27e138ebf9cfc5966b082cf9a028302ed4184","hash":"559fe798cd120df7cca68b47919aef5574c9e98b"}
,"/Users/syneva.j.runyan/Development/Learning/onto-real-life/source/js/components/Global/Footer.jsx": {"path":"/Users/syneva.j.runyan/Development/Learning/onto-real-life/source/js/components/Global/Footer.jsx","statementMap":{"0":{"start":{"line":5,"column":2},"end":{"line":18,"column":4}}},"fnMap":{"0":{"name":"Footer","decl":{"start":{"line":4,"column":24},"end":{"line":4,"column":30}},"loc":{"start":{"line":4,"column":33},"end":{"line":19,"column":1}},"line":4}},"branchMap":{},"s":{"0":1},"f":{"0":1},"b":{},"_coverageSchema":"43e27e138ebf9cfc5966b082cf9a028302ed4184","hash":"f002c43e69a521dfb9f10f2b2592fff5acbd2ba4"}
,"/Users/syneva.j.runyan/Development/Learning/onto-real-life/source/js/components/Global/Header.jsx": {"path":"/Users/syneva.j.runyan/Development/Learning/onto-real-life/source/js/components/Global/Header.jsx","statementMap":{"0":{"start":{"line":6,"column":18},"end":{"line":8,"column":1}},"1":{"start":{"line":10,"column":21},"end":{"line":14,"column":1}},"2":{"start":{"line":18,"column":4},"end":{"line":31,"column":6}},"3":{"start":{"line":35,"column":0},"end":{"line":35,"column":29}},"4":{"start":{"line":36,"column":0},"end":{"line":36,"column":35}}},"fnMap":{"0":{"name":"(anonymous_0)","decl":{"start":{"line":17,"column":2},"end":{"line":17,"column":3}},"loc":{"start":{"line":17,"column":11},"end":{"line":32,"column":3}},"line":17}},"branchMap":{},"s":{"0":7,"1":7,"2":1,"3":7,"4":7},"f":{"0":1},"b":{},"_coverageSchema":"43e27e138ebf9cfc5966b082cf9a028302ed4184","hash":"38d41b83bceb5f196de32435844d5658a23d25a7"}
,"/Users/syneva.j.runyan/Development/Learning/onto-real-life/source/js/components/Global/Menu.jsx": {"path":"/Users/syneva.j.runyan/Development/Learning/onto-real-life/source/js/components/Global/Menu.jsx","statementMap":{"0":{"start":{"line":8,"column":4},"end":{"line":8,"column":12}},"1":{"start":{"line":9,"column":4},"end":{"line":11,"column":6}},"2":{"start":{"line":13,"column":4},"end":{"line":13,"column":54}},"3":{"start":{"line":17,"column":4},"end":{"line":17,"column":53}},"4":{"start":{"line":18,"column":4},"end":{"line":20,"column":7}},"5":{"start":{"line":24,"column":4},"end":{"line":28,"column":5}},"6":{"start":{"line":26,"column":6},"end":{"line":26,"column":63}},"7":{"start":{"line":27,"column":6},"end":{"line":27,"column":13}},"8":{"start":{"line":29,"column":4},"end":{"line":29,"column":64}},"9":{"start":{"line":33,"column":4},"end":{"line":33,"column":46}},"10":{"start":{"line":37,"column":27},"end":{"line":39,"column":19}},"11":{"start":{"line":41,"column":4},"end":{"line":89,"column":6}}},"fnMap":{"0":{"name":"(anonymous_0)","decl":{"start":{"line":7,"column":2},"end":{"line":7,"column":3}},"loc":{"start":{"line":7,"column":16},"end":{"line":14,"column":3}},"line":7},"1":{"name":"(anonymous_1)","decl":{"start":{"line":16,"column":2},"end":{"line":16,"column":3}},"loc":{"start":{"line":16,"column":15},"end":{"line":21,"column":3}},"line":16},"2":{"name":"(anonymous_2)","decl":{"start":{"line":23,"column":2},"end":{"line":23,"column":3}},"loc":{"start":{"line":23,"column":37},"end":{"line":30,"column":3}},"line":23},"3":{"name":"(anonymous_3)","decl":{"start":{"line":32,"column":2},"end":{"line":32,"column":3}},"loc":{"start":{"line":32,"column":33},"end":{"line":34,"column":3}},"line":32},"4":{"name":"(anonymous_4)","decl":{"start":{"line":36,"column":2},"end":{"line":36,"column":3}},"loc":{"start":{"line":36,"column":11},"end":{"line":90,"column":3}},"line":36}},"branchMap":{"0":{"loc":{"start":{"line":24,"column":4},"end":{"line":28,"column":5}},"type":"if","locations":[{"start":{"line":24,"column":4},"end":{"line":28,"column":5}},{"start":{"line":24,"column":4},"end":{"line":28,"column":5}}],"line":24},"1":{"loc":{"start":{"line":37,"column":27},"end":{"line":39,"column":19}},"type":"cond-expr","locations":[{"start":{"line":38,"column":8},"end":{"line":38,"column":32}},{"start":{"line":39,"column":8},"end":{"line":39,"column":19}}],"line":37}},"s":{"0":1,"1":1,"2":1,"3":2,"4":2,"5":2,"6":1,"7":1,"8":1,"9":3,"10":3,"11":3},"f":{"0":1,"1":2,"2":2,"3":3,"4":3},"b":{"0":[1,1],"1":[1,2]},"_coverageSchema":"43e27e138ebf9cfc5966b082cf9a028302ed4184","hash":"8f0868c4d6a76341c5fbd74f0521824045a37b0a"}
,"/Users/syneva.j.runyan/Development/Learning/onto-real-life/source/js/components/Global/Modal.jsx": {"path":"/Users/syneva.j.runyan/Development/Learning/onto-real-life/source/js/components/Global/Modal.jsx","statementMap":{"0":{"start":{"line":4,"column":18},"end":{"line":8,"column":1}},"1":{"start":{"line":9,"column":21},"end":{"line":12,"column":1}},"2":{"start":{"line":16,"column":4},"end":{"line":27,"column":6}},"3":{"start":{"line":31,"column":0},"end":{"line":31,"column":28}},"4":{"start":{"line":32,"column":0},"end":{"line":32,"column":34}}},"fnMap":{"0":{"name":"(anonymous_0)","decl":{"start":{"line":10,"column":13},"end":{"line":10,"column":14}},"loc":{"start":{"line":10,"column":19},"end":{"line":10,"column":21}},"line":10},"1":{"name":"(anonymous_1)","decl":{"start":{"line":15,"column":2},"end":{"line":15,"column":3}},"loc":{"start":{"line":15,"column":11},"end":{"line":28,"column":3}},"line":15}},"branchMap":{},"s":{"0":7,"1":7,"2":0,"3":7,"4":7},"f":{"0":0,"1":0},"b":{},"_coverageSchema":"43e27e138ebf9cfc5966b082cf9a028302ed4184","hash":"8f6639a3638f19806995ec18bc3b58561ebe3423"}
,"/Users/syneva.j.runyan/Development/Learning/onto-real-life/source/js/components/Global/NotFound.jsx": {"path":"/Users/syneva.j.runyan/Development/Learning/onto-real-life/source/js/components/Global/NotFound.jsx","statementMap":{"0":{"start":{"line":4,"column":2},"end":{"line":6,"column":4}}},"fnMap":{"0":{"name":"NotFound","decl":{"start":{"line":3,"column":24},"end":{"line":3,"column":32}},"loc":{"start":{"line":3,"column":35},"end":{"line":7,"column":1}},"line":3}},"branchMap":{},"s":{"0":1},"f":{"0":1},"b":{},"_coverageSchema":"43e27e138ebf9cfc5966b082cf9a028302ed4184","hash":"4a58b47a0653ee3c2bf45f17d4914fef78f7033a"}
,"/Users/syneva.j.runyan/Development/Learning/onto-real-life/source/js/components/Global/ResponsiveImg.jsx": {"path":"/Users/syneva.j.runyan/Development/Learning/onto-real-life/source/js/components/Global/ResponsiveImg.jsx","statementMap":{"0":{"start":{"line":4,"column":18},"end":{"line":10,"column":1}},"1":{"start":{"line":12,"column":21},"end":{"line":18,"column":1}},"2":{"start":{"line":21,"column":2},"end":{"line":33,"column":4}},"3":{"start":{"line":36,"column":0},"end":{"line":36,"column":36}},"4":{"start":{"line":37,"column":0},"end":{"line":37,"column":42}}},"fnMap":{"0":{"name":"ResponsiveImg","decl":{"start":{"line":20,"column":24},"end":{"line":20,"column":37}},"loc":{"start":{"line":20,"column":105},"end":{"line":34,"column":1}},"line":20}},"branchMap":{"0":{"loc":{"start":{"line":20,"column":94},"end":{"line":20,"column":102}},"type":"default-arg","locations":[{"start":{"line":20,"column":100},"end":{"line":20,"column":102}}],"line":20}},"s":{"0":8,"1":8,"2":1,"3":8,"4":8},"f":{"0":1},"b":{"0":[1]},"_coverageSchema":"43e27e138ebf9cfc5966b082cf9a028302ed4184","hash":"2eceb51bc17bb6929b288d0057a9a9da9764cc64"}
,"/Users/syneva.j.runyan/Development/Learning/onto-real-life/source/js/components/Global/SocialShares.jsx": {"path":"/Users/syneva.j.runyan/Development/Learning/onto-real-life/source/js/components/Global/SocialShares.jsx","statementMap":{"0":{"start":{"line":4,"column":18},"end":{"line":4,"column":95}},"1":{"start":{"line":5,"column":23},"end":{"line":5,"column":50}},"2":{"start":{"line":6,"column":2},"end":{"line":39,"column":4}}},"fnMap":{"0":{"name":"SocialShares","decl":{"start":{"line":3,"column":24},"end":{"line":3,"column":36}},"loc":{"start":{"line":3,"column":39},"end":{"line":40,"column":1}},"line":3}},"branchMap":{"0":{"loc":{"start":{"line":4,"column":18},"end":{"line":4,"column":95}},"type":"binary-expr","locations":[{"start":{"line":4,"column":18},"end":{"line":4,"column":33}},{"start":{"line":4,"column":37},"end":{"line":4,"column":66}},{"start":{"line":4,"column":70},"end":{"line":4,"column":95}}],"line":4}},"s":{"0":1,"1":1,"2":1},"f":{"0":1},"b":{"0":[1,1,0]},"_coverageSchema":"43e27e138ebf9cfc5966b082cf9a028302ed4184","hash":"11dcd9c76efc3902ad70d6d27b5eb146c1d9f7a6"}
,"/Users/syneva.j.runyan/Development/Learning/onto-real-life/source/js/components/Global/Title.jsx": {"path":"/Users/syneva.j.runyan/Development/Learning/onto-real-life/source/js/components/Global/Title.jsx","statementMap":{"0":{"start":{"line":7,"column":4},"end":{"line":21,"column":6}}},"fnMap":{"0":{"name":"(anonymous_0)","decl":{"start":{"line":6,"column":2},"end":{"line":6,"column":3}},"loc":{"start":{"line":6,"column":11},"end":{"line":22,"column":3}},"line":6}},"branchMap":{},"s":{"0":1},"f":{"0":1},"b":{},"_coverageSchema":"43e27e138ebf9cfc5966b082cf9a028302ed4184","hash":"03d1a22a4c7f48005b35c516f8356387b9052641"}
,"/Users/syneva.j.runyan/Development/Learning/onto-real-life/source/js/components/Global/Video.jsx": {"path":"/Users/syneva.j.runyan/Development/Learning/onto-real-life/source/js/components/Global/Video.jsx","statementMap":{"0":{"start":{"line":4,"column":18},"end":{"line":7,"column":1}},"1":{"start":{"line":9,"column":22},"end":{"line":12,"column":1}},"2":{"start":{"line":15,"column":2},"end":{"line":15,"column":79}},"3":{"start":{"line":18,"column":0},"end":{"line":18,"column":28}},"4":{"start":{"line":19,"column":0},"end":{"line":19,"column":36}}},"fnMap":{"0":{"name":"Video","decl":{"start":{"line":14,"column":24},"end":{"line":14,"column":29}},"loc":{"start":{"line":14,"column":37},"end":{"line":16,"column":1}},"line":14}},"branchMap":{},"s":{"0":8,"1":8,"2":1,"3":8,"4":8},"f":{"0":1},"b":{},"_coverageSchema":"43e27e138ebf9cfc5966b082cf9a028302ed4184","hash":"e332e0bdf59bf4431b9b0ae23822dd23a08aa35e"}
,"/Users/syneva.j.runyan/Development/Learning/onto-real-life/source/js/components/InteractiveGlobe/Globe.jsx": {"path":"/Users/syneva.j.runyan/Development/Learning/onto-real-life/source/js/components/InteractiveGlobe/Globe.jsx","statementMap":{"0":{"start":{"line":10,"column":18},"end":{"line":12,"column":1}},"1":{"start":{"line":14,"column":21},"end":{"line":16,"column":1}},"2":{"start":{"line":20,"column":4},"end":{"line":20,"column":17}},"3":{"start":{"line":22,"column":4},"end":{"line":22,"column":33}},"4":{"start":{"line":23,"column":4},"end":{"line":23,"column":19}},"5":{"start":{"line":24,"column":4},"end":{"line":24,"column":22}},"6":{"start":{"line":26,"column":4},"end":{"line":26,"column":52}},"7":{"start":{"line":28,"column":4},"end":{"line":30,"column":6}},"8":{"start":{"line":33,"column":4},"end":{"line":33,"column":23}},"9":{"start":{"line":34,"column":4},"end":{"line":34,"column":24}},"10":{"start":{"line":36,"column":4},"end":{"line":38,"column":5}},"11":{"start":{"line":37,"column":6},"end":{"line":37,"column":35}},"12":{"start":{"line":40,"column":4},"end":{"line":44,"column":5}},"13":{"start":{"line":41,"column":6},"end":{"line":41,"column":23}},"14":{"start":{"line":43,"column":6},"end":{"line":43,"column":31}},"15":{"start":{"line":46,"column":4},"end":{"line":46,"column":19}},"16":{"start":{"line":50,"column":4},"end":{"line":54,"column":5}},"17":{"start":{"line":51,"column":6},"end":{"line":51,"column":23}},"18":{"start":{"line":53,"column":6},"end":{"line":53,"column":31}},"19":{"start":{"line":59,"column":4},"end":{"line":59,"column":225}},"20":{"start":{"line":59,"column":52},"end":{"line":59,"column":112}},"21":{"start":{"line":59,"column":72},"end":{"line":59,"column":112}},"22":{"start":{"line":59,"column":113},"end":{"line":59,"column":139}},"23":{"start":{"line":59,"column":140},"end":{"line":59,"column":222}},"24":{"start":{"line":63,"column":4},"end":{"line":66,"column":5}},"25":{"start":{"line":64,"column":20},"end":{"line":64,"column":69}},"26":{"start":{"line":65,"column":6},"end":{"line":65,"column":68}},"27":{"start":{"line":68,"column":4},"end":{"line":68,"column":17}},"28":{"start":{"line":72,"column":4},"end":{"line":85,"column":5}},"29":{"start":{"line":73,"column":19},"end":{"line":73,"column":23}},"30":{"start":{"line":74,"column":22},"end":{"line":82,"column":7}},"31":{"start":{"line":75,"column":8},"end":{"line":81,"column":9}},"32":{"start":{"line":76,"column":18},"end":{"line":76,"column":42}},"33":{"start":{"line":77,"column":24},"end":{"line":77,"column":47}},"34":{"start":{"line":78,"column":10},"end":{"line":78,"column":23}},"35":{"start":{"line":79,"column":10},"end":{"line":79,"column":64}},"36":{"start":{"line":80,"column":10},"end":{"line":80,"column":62}},"37":{"start":{"line":84,"column":6},"end":{"line":84,"column":58}},"38":{"start":{"line":89,"column":4},"end":{"line":92,"column":5}},"39":{"start":{"line":90,"column":6},"end":{"line":90,"column":54}},"40":{"start":{"line":91,"column":6},"end":{"line":91,"column":37}},"41":{"start":{"line":96,"column":18},"end":{"line":96,"column":54}},"42":{"start":{"line":97,"column":4},"end":{"line":97,"column":58}},"43":{"start":{"line":98,"column":4},"end":{"line":98,"column":47}},"44":{"start":{"line":99,"column":4},"end":{"line":99,"column":49}},"45":{"start":{"line":100,"column":4},"end":{"line":104,"column":6}},"46":{"start":{"line":105,"column":4},"end":{"line":109,"column":6}},"47":{"start":{"line":110,"column":4},"end":{"line":110,"column":79}},"48":{"start":{"line":115,"column":4},"end":{"line":115,"column":24}},"49":{"start":{"line":116,"column":4},"end":{"line":116,"column":23}},"50":{"start":{"line":117,"column":24},"end":{"line":117,"column":46}},"51":{"start":{"line":118,"column":4},"end":{"line":118,"column":44}},"52":{"start":{"line":119,"column":4},"end":{"line":119,"column":44}},"53":{"start":{"line":120,"column":4},"end":{"line":120,"column":38}},"54":{"start":{"line":121,"column":4},"end":{"line":121,"column":38}},"55":{"start":{"line":122,"column":4},"end":{"line":122,"column":38}},"56":{"start":{"line":141,"column":4},"end":{"line":141,"column":23}},"57":{"start":{"line":142,"column":4},"end":{"line":142,"column":24}},"58":{"start":{"line":143,"column":19},"end":{"line":143,"column":39}},"59":{"start":{"line":144,"column":19},"end":{"line":144,"column":39}},"60":{"start":{"line":146,"column":24},"end":{"line":146,"column":46}},"61":{"start":{"line":148,"column":6},"end":{"line":148,"column":79}},"62":{"start":{"line":150,"column":6},"end":{"line":151,"column":63}},"63":{"start":{"line":152,"column":4},"end":{"line":152,"column":37}},"64":{"start":{"line":156,"column":20},"end":{"line":156,"column":65}},"65":{"start":{"line":157,"column":4},"end":{"line":160,"column":5}},"66":{"start":{"line":159,"column":6},"end":{"line":159,"column":31}},"67":{"start":{"line":161,"column":18},"end":{"line":161,"column":50}},"68":{"start":{"line":162,"column":16},"end":{"line":165,"column":5}},"69":{"start":{"line":166,"column":4},"end":{"line":166,"column":21}},"70":{"start":{"line":167,"column":4},"end":{"line":167,"column":23}},"71":{"start":{"line":172,"column":20},"end":{"line":172,"column":65}},"72":{"start":{"line":173,"column":4},"end":{"line":173,"column":49}},"73":{"start":{"line":177,"column":4},"end":{"line":200,"column":7}},"74":{"start":{"line":178,"column":6},"end":{"line":199,"column":7}},"75":{"start":{"line":179,"column":23},"end":{"line":182,"column":28}},"76":{"start":{"line":183,"column":8},"end":{"line":187,"column":21}},"77":{"start":{"line":188,"column":8},"end":{"line":188,"column":95}},"78":{"start":{"line":192,"column":8},"end":{"line":198,"column":29}},"79":{"start":{"line":204,"column":4},"end":{"line":206,"column":5}},"80":{"start":{"line":205,"column":6},"end":{"line":205,"column":44}},"81":{"start":{"line":210,"column":4},"end":{"line":210,"column":52}},"82":{"start":{"line":211,"column":4},"end":{"line":211,"column":27}},"83":{"start":{"line":212,"column":4},"end":{"line":214,"column":5}},"84":{"start":{"line":213,"column":6},"end":{"line":213,"column":23}},"85":{"start":{"line":218,"column":4},"end":{"line":258,"column":6}},"86":{"start":{"line":220,"column":6},"end":{"line":222,"column":7}},"87":{"start":{"line":221,"column":8},"end":{"line":221,"column":26}},"88":{"start":{"line":224,"column":6},"end":{"line":242,"column":7}},"89":{"start":{"line":227,"column":10},"end":{"line":227,"column":38}},"90":{"start":{"line":228,"column":10},"end":{"line":228,"column":35}},"91":{"start":{"line":231,"column":26},"end":{"line":231,"column":28}},"92":{"start":{"line":232,"column":10},"end":{"line":234,"column":11}},"93":{"start":{"line":233,"column":12},"end":{"line":233,"column":26}},"94":{"start":{"line":236,"column":10},"end":{"line":240,"column":31}},"95":{"start":{"line":244,"column":17},"end":{"line":244,"column":64}},"96":{"start":{"line":246,"column":6},"end":{"line":257,"column":7}},"97":{"start":{"line":247,"column":8},"end":{"line":256,"column":10}},"98":{"start":{"line":262,"column":29},"end":{"line":268,"column":5}},"99":{"start":{"line":269,"column":4},"end":{"line":292,"column":6}},"100":{"start":{"line":296,"column":0},"end":{"line":296,"column":28}},"101":{"start":{"line":297,"column":0},"end":{"line":297,"column":34}}},"fnMap":{"0":{"name":"(anonymous_0)","decl":{"start":{"line":15,"column":17},"end":{"line":15,"column":18}},"loc":{"start":{"line":15,"column":23},"end":{"line":15,"column":25}},"line":15},"1":{"name":"(anonymous_1)","decl":{"start":{"line":19,"column":2},"end":{"line":19,"column":3}},"loc":{"start":{"line":19,"column":21},"end":{"line":31,"column":3}},"line":19},"2":{"name":"(anonymous_2)","decl":{"start":{"line":32,"column":2},"end":{"line":32,"column":3}},"loc":{"start":{"line":32,"column":22},"end":{"line":47,"column":3}},"line":32},"3":{"name":"(anonymous_3)","decl":{"start":{"line":49,"column":2},"end":{"line":49,"column":3}},"loc":{"start":{"line":49,"column":23},"end":{"line":55,"column":3}},"line":49},"4":{"name":"(anonymous_4)","decl":{"start":{"line":57,"column":2},"end":{"line":57,"column":3}},"loc":{"start":{"line":57,"column":13},"end":{"line":60,"column":3}},"line":57},"5":{"name":"(anonymous_5)","decl":{"start":{"line":59,"column":23},"end":{"line":59,"column":24}},"loc":{"start":{"line":59,"column":50},"end":{"line":59,"column":224}},"line":59},"6":{"name":"(anonymous_6)","decl":{"start":{"line":62,"column":2},"end":{"line":62,"column":3}},"loc":{"start":{"line":62,"column":28},"end":{"line":69,"column":3}},"line":62},"7":{"name":"(anonymous_7)","decl":{"start":{"line":71,"column":2},"end":{"line":71,"column":3}},"loc":{"start":{"line":71,"column":14},"end":{"line":86,"column":3}},"line":71},"8":{"name":"(anonymous_8)","decl":{"start":{"line":74,"column":22},"end":{"line":74,"column":23}},"loc":{"start":{"line":74,"column":31},"end":{"line":82,"column":7}},"line":74},"9":{"name":"(anonymous_9)","decl":{"start":{"line":88,"column":2},"end":{"line":88,"column":3}},"loc":{"start":{"line":88,"column":22},"end":{"line":93,"column":3}},"line":88},"10":{"name":"(anonymous_10)","decl":{"start":{"line":95,"column":2},"end":{"line":95,"column":3}},"loc":{"start":{"line":95,"column":26},"end":{"line":112,"column":3}},"line":95},"11":{"name":"(anonymous_11)","decl":{"start":{"line":114,"column":2},"end":{"line":114,"column":3}},"loc":{"start":{"line":114,"column":17},"end":{"line":123,"column":3}},"line":114},"12":{"name":"(anonymous_12)","decl":{"start":{"line":125,"column":2},"end":{"line":125,"column":3}},"loc":{"start":{"line":125,"column":14},"end":{"line":137,"column":3}},"line":125},"13":{"name":"(anonymous_13)","decl":{"start":{"line":140,"column":2},"end":{"line":140,"column":3}},"loc":{"start":{"line":140,"column":16},"end":{"line":153,"column":3}},"line":140},"14":{"name":"(anonymous_14)","decl":{"start":{"line":155,"column":2},"end":{"line":155,"column":3}},"loc":{"start":{"line":155,"column":16},"end":{"line":168,"column":3}},"line":155},"15":{"name":"(anonymous_15)","decl":{"start":{"line":170,"column":2},"end":{"line":170,"column":3}},"loc":{"start":{"line":170,"column":17},"end":{"line":174,"column":3}},"line":170},"16":{"name":"(anonymous_16)","decl":{"start":{"line":176,"column":2},"end":{"line":176,"column":3}},"loc":{"start":{"line":176,"column":43},"end":{"line":201,"column":3}},"line":176},"17":{"name":"(anonymous_17)","decl":{"start":{"line":177,"column":40},"end":{"line":177,"column":41}},"loc":{"start":{"line":177,"column":69},"end":{"line":200,"column":5}},"line":177},"18":{"name":"(anonymous_18)","decl":{"start":{"line":203,"column":2},"end":{"line":203,"column":3}},"loc":{"start":{"line":203,"column":29},"end":{"line":207,"column":3}},"line":203},"19":{"name":"(anonymous_19)","decl":{"start":{"line":204,"column":11},"end":{"line":204,"column":12}},"loc":{"start":{"line":204,"column":17},"end":{"line":206,"column":5}},"line":204},"20":{"name":"(anonymous_20)","decl":{"start":{"line":209,"column":15},"end":{"line":209,"column":16}},"loc":{"start":{"line":209,"column":21},"end":{"line":215,"column":3}},"line":209},"21":{"name":"(anonymous_21)","decl":{"start":{"line":217,"column":2},"end":{"line":217,"column":3}},"loc":{"start":{"line":217,"column":47},"end":{"line":259,"column":3}},"line":217},"22":{"name":"(anonymous_22)","decl":{"start":{"line":218,"column":11},"end":{"line":218,"column":12}},"loc":{"start":{"line":218,"column":22},"end":{"line":258,"column":5}},"line":218},"23":{"name":"(anonymous_23)","decl":{"start":{"line":261,"column":2},"end":{"line":261,"column":3}},"loc":{"start":{"line":261,"column":11},"end":{"line":293,"column":3}},"line":261}},"branchMap":{"0":{"loc":{"start":{"line":36,"column":4},"end":{"line":38,"column":5}},"type":"if","locations":[{"start":{"line":36,"column":4},"end":{"line":38,"column":5}},{"start":{"line":36,"column":4},"end":{"line":38,"column":5}}],"line":36},"1":{"loc":{"start":{"line":40,"column":4},"end":{"line":44,"column":5}},"type":"if","locations":[{"start":{"line":40,"column":4},"end":{"line":44,"column":5}},{"start":{"line":40,"column":4},"end":{"line":44,"column":5}}],"line":40},"2":{"loc":{"start":{"line":50,"column":4},"end":{"line":54,"column":5}},"type":"if","locations":[{"start":{"line":50,"column":4},"end":{"line":54,"column":5}},{"start":{"line":50,"column":4},"end":{"line":54,"column":5}}],"line":50},"3":{"loc":{"start":{"line":59,"column":52},"end":{"line":59,"column":112}},"type":"if","locations":[{"start":{"line":59,"column":52},"end":{"line":59,"column":112}},{"start":{"line":59,"column":52},"end":{"line":59,"column":112}}],"line":59},"4":{"loc":{"start":{"line":59,"column":124},"end":{"line":59,"column":138}},"type":"binary-expr","locations":[{"start":{"line":59,"column":124},"end":{"line":59,"column":132}},{"start":{"line":59,"column":136},"end":{"line":59,"column":138}}],"line":59},"5":{"loc":{"start":{"line":62,"column":15},"end":{"line":62,"column":26}},"type":"default-arg","locations":[{"start":{"line":62,"column":24},"end":{"line":62,"column":26}}],"line":62},"6":{"loc":{"start":{"line":63,"column":4},"end":{"line":66,"column":5}},"type":"if","locations":[{"start":{"line":63,"column":4},"end":{"line":66,"column":5}},{"start":{"line":63,"column":4},"end":{"line":66,"column":5}}],"line":63},"7":{"loc":{"start":{"line":63,"column":7},"end":{"line":63,"column":31}},"type":"binary-expr","locations":[{"start":{"line":63,"column":7},"end":{"line":63,"column":13}},{"start":{"line":63,"column":17},"end":{"line":63,"column":31}}],"line":63},"8":{"loc":{"start":{"line":65,"column":13},"end":{"line":65,"column":67}},"type":"binary-expr","locations":[{"start":{"line":65,"column":13},"end":{"line":65,"column":18}},{"start":{"line":65,"column":22},"end":{"line":65,"column":58}},{"start":{"line":65,"column":62},"end":{"line":65,"column":67}}],"line":65},"9":{"loc":{"start":{"line":72,"column":4},"end":{"line":85,"column":5}},"type":"if","locations":[{"start":{"line":72,"column":4},"end":{"line":85,"column":5}},{"start":{"line":72,"column":4},"end":{"line":85,"column":5}}],"line":72},"10":{"loc":{"start":{"line":72,"column":7},"end":{"line":72,"column":65}},"type":"binary-expr","locations":[{"start":{"line":72,"column":7},"end":{"line":72,"column":26}},{"start":{"line":72,"column":30},"end":{"line":72,"column":65}}],"line":72},"11":{"loc":{"start":{"line":75,"column":8},"end":{"line":81,"column":9}},"type":"if","locations":[{"start":{"line":75,"column":8},"end":{"line":81,"column":9}},{"start":{"line":75,"column":8},"end":{"line":81,"column":9}}],"line":75},"12":{"loc":{"start":{"line":77,"column":24},"end":{"line":77,"column":47}},"type":"cond-expr","locations":[{"start":{"line":77,"column":32},"end":{"line":77,"column":44}},{"start":{"line":77,"column":46},"end":{"line":77,"column":47}}],"line":77},"13":{"loc":{"start":{"line":89,"column":4},"end":{"line":92,"column":5}},"type":"if","locations":[{"start":{"line":89,"column":4},"end":{"line":92,"column":5}},{"start":{"line":89,"column":4},"end":{"line":92,"column":5}}],"line":89},"14":{"loc":{"start":{"line":157,"column":4},"end":{"line":160,"column":5}},"type":"if","locations":[{"start":{"line":157,"column":4},"end":{"line":160,"column":5}},{"start":{"line":157,"column":4},"end":{"line":160,"column":5}}],"line":157},"15":{"loc":{"start":{"line":178,"column":6},"end":{"line":199,"column":7}},"type":"if","locations":[{"start":{"line":178,"column":6},"end":{"line":199,"column":7}},{"start":{"line":178,"column":6},"end":{"line":199,"column":7}}],"line":178},"16":{"loc":{"start":{"line":178,"column":9},"end":{"line":178,"column":91}},"type":"binary-expr","locations":[{"start":{"line":178,"column":9},"end":{"line":178,"column":31}},{"start":{"line":178,"column":35},"end":{"line":178,"column":61}},{"start":{"line":178,"column":65},"end":{"line":178,"column":91}}],"line":178},"17":{"loc":{"start":{"line":210,"column":4},"end":{"line":210,"column":51}},"type":"binary-expr","locations":[{"start":{"line":210,"column":4},"end":{"line":210,"column":19}},{"start":{"line":210,"column":23},"end":{"line":210,"column":51}}],"line":210},"18":{"loc":{"start":{"line":212,"column":4},"end":{"line":214,"column":5}},"type":"if","locations":[{"start":{"line":212,"column":4},"end":{"line":214,"column":5}},{"start":{"line":212,"column":4},"end":{"line":214,"column":5}}],"line":212},"19":{"loc":{"start":{"line":220,"column":6},"end":{"line":222,"column":7}},"type":"if","locations":[{"start":{"line":220,"column":6},"end":{"line":222,"column":7}},{"start":{"line":220,"column":6},"end":{"line":222,"column":7}}],"line":220},"20":{"loc":{"start":{"line":220,"column":9},"end":{"line":220,"column":57}},"type":"binary-expr","locations":[{"start":{"line":220,"column":9},"end":{"line":220,"column":24}},{"start":{"line":220,"column":28},"end":{"line":220,"column":57}}],"line":220},"21":{"loc":{"start":{"line":224,"column":6},"end":{"line":242,"column":7}},"type":"if","locations":[{"start":{"line":224,"column":6},"end":{"line":242,"column":7}},{"start":{"line":224,"column":6},"end":{"line":242,"column":7}}],"line":224},"22":{"loc":{"start":{"line":224,"column":9},"end":{"line":224,"column":79}},"type":"binary-expr","locations":[{"start":{"line":224,"column":9},"end":{"line":224,"column":25}},{"start":{"line":224,"column":30},"end":{"line":224,"column":45}},{"start":{"line":224,"column":49},"end":{"line":224,"column":78}}],"line":224},"23":{"loc":{"start":{"line":232,"column":10},"end":{"line":234,"column":11}},"type":"if","locations":[{"start":{"line":232,"column":10},"end":{"line":234,"column":11}},{"start":{"line":232,"column":10},"end":{"line":234,"column":11}}],"line":232},"24":{"loc":{"start":{"line":246,"column":6},"end":{"line":257,"column":7}},"type":"if","locations":[{"start":{"line":246,"column":6},"end":{"line":257,"column":7}},{"start":{"line":246,"column":6},"end":{"line":257,"column":7}}],"line":246},"25":{"loc":{"start":{"line":250,"column":21},"end":{"line":250,"column":60}},"type":"binary-expr","locations":[{"start":{"line":250,"column":21},"end":{"line":250,"column":25}},{"start":{"line":250,"column":29},"end":{"line":250,"column":60}}],"line":250}},"s":{"0":9,"1":9,"2":2,"3":2,"4":2,"5":2,"6":2,"7":2,"8":3,"9":3,"10":3,"11":0,"12":3,"13":0,"14":3,"15":3,"16":0,"17":0,"18":0,"19":3,"20":0,"21":0,"22":0,"23":0,"24":0,"25":0,"26":0,"27":0,"28":0,"29":0,"30":0,"31":0,"32":0,"33":0,"34":0,"35":0,"36":0,"37":0,"38":3,"39":0,"40":0,"41":0,"42":0,"43":0,"44":0,"45":0,"46":0,"47":0,"48":0,"49":0,"50":0,"51":0,"52":0,"53":0,"54":0,"55":0,"56":0,"57":0,"58":0,"59":0,"60":0,"61":0,"62":0,"63":0,"64":2,"65":2,"66":0,"67":2,"68":2,"69":2,"70":2,"71":2,"72":2,"73":2,"74":70,"75":70,"76":70,"77":70,"78":70,"79":0,"80":0,"81":0,"82":0,"83":0,"84":0,"85":141,"86":1,"87":0,"88":0,"89":0,"90":0,"91":0,"92":0,"93":0,"94":0,"95":0,"96":0,"97":0,"98":2,"99":2,"100":9,"101":9},"f":{"0":0,"1":2,"2":3,"3":0,"4":3,"5":0,"6":0,"7":0,"8":0,"9":3,"10":0,"11":0,"12":0,"13":0,"14":2,"15":2,"16":2,"17":70,"18":0,"19":0,"20":0,"21":141,"22":1,"23":2},"b":{"0":[0,3],"1":[0,3],"2":[0,0],"3":[0,0],"4":[0,0],"5":[0],"6":[0,0],"7":[0,0],"8":[0,0,0],"9":[0,0],"10":[0,0],"11":[0,0],"12":[0,0],"13":[0,3],"14":[0,2],"15":[70,0],"16":[70,70,70],"17":[0,0],"18":[0,0],"19":[0,0],"20":[1,0],"21":[0,0],"22":[0,0,0],"23":[0,0],"24":[0,0],"25":[0,0]},"_coverageSchema":"43e27e138ebf9cfc5966b082cf9a028302ed4184","hash":"60087d095bb37d31c9ae8e38e61fa9c300f1e425"}
,"/Users/syneva.j.runyan/Development/Learning/onto-real-life/source/js/components/InteractiveGlobe/GlobeSettings.js": {"path":"/Users/syneva.j.runyan/Development/Learning/onto-real-life/source/js/components/InteractiveGlobe/GlobeSettings.js","statementMap":{"0":{"start":{"line":4,"column":21},"end":{"line":6,"column":1}},"1":{"start":{"line":7,"column":18},"end":{"line":9,"column":1}},"2":{"start":{"line":12,"column":2},"end":{"line":19,"column":4}},"3":{"start":{"line":22,"column":0},"end":{"line":22,"column":36}},"4":{"start":{"line":23,"column":0},"end":{"line":23,"column":42}}},"fnMap":{"0":{"name":"(anonymous_0)","decl":{"start":{"line":5,"column":14},"end":{"line":5,"column":15}},"loc":{"start":{"line":5,"column":20},"end":{"line":5,"column":22}},"line":5},"1":{"name":"GlobeSettings","decl":{"start":{"line":11,"column":24},"end":{"line":11,"column":37}},"loc":{"start":{"line":11,"column":45},"end":{"line":20,"column":1}},"line":11}},"branchMap":{},"s":{"0":9,"1":9,"2":0,"3":9,"4":9},"f":{"0":0,"1":0},"b":{},"_coverageSchema":"43e27e138ebf9cfc5966b082cf9a028302ed4184","hash":"aca93859086f45d05e27e4a81946e8154cf2f147"}
,"/Users/syneva.j.runyan/Development/Learning/onto-real-life/source/js/components/InteractiveGlobe/Marker.jsx": {"path":"/Users/syneva.j.runyan/Development/Learning/onto-real-life/source/js/components/InteractiveGlobe/Marker.jsx","statementMap":{"0":{"start":{"line":4,"column":21},"end":{"line":10,"column":1}},"1":{"start":{"line":11,"column":18},"end":{"line":17,"column":1}},"2":{"start":{"line":20,"column":2},"end":{"line":30,"column":4}},"3":{"start":{"line":33,"column":0},"end":{"line":33,"column":29}},"4":{"start":{"line":34,"column":0},"end":{"line":34,"column":35}}},"fnMap":{"0":{"name":"(anonymous_0)","decl":{"start":{"line":7,"column":11},"end":{"line":7,"column":12}},"loc":{"start":{"line":7,"column":17},"end":{"line":7,"column":19}},"line":7},"1":{"name":"(anonymous_1)","decl":{"start":{"line":9,"column":11},"end":{"line":9,"column":12}},"loc":{"start":{"line":9,"column":17},"end":{"line":9,"column":19}},"line":9},"2":{"name":"Marker","decl":{"start":{"line":19,"column":24},"end":{"line":19,"column":30}},"loc":{"start":{"line":19,"column":38},"end":{"line":31,"column":1}},"line":19}},"branchMap":{"0":{"loc":{"start":{"line":25,"column":7},"end":{"line":25,"column":124}},"type":"cond-expr","locations":[{"start":{"line":25,"column":26},"end":{"line":25,"column":117}},{"start":{"line":25,"column":120},"end":{"line":25,"column":124}}],"line":25}},"s":{"0":9,"1":9,"2":3,"3":9,"4":9},"f":{"0":0,"1":0,"2":3},"b":{"0":[0,3]},"_coverageSchema":"43e27e138ebf9cfc5966b082cf9a028302ed4184","hash":"e0603caa7077b0bc196ee9be1a5a5296977b8c22"}
,"/Users/syneva.j.runyan/Development/Learning/onto-real-life/source/js/components/PhotoGallery/PhotoGallery.jsx": {"path":"/Users/syneva.j.runyan/Development/Learning/onto-real-life/source/js/components/PhotoGallery/PhotoGallery.jsx","statementMap":{"0":{"start":{"line":6,"column":18},"end":{"line":9,"column":1}},"1":{"start":{"line":10,"column":21},"end":{"line":13,"column":1}},"2":{"start":{"line":17,"column":4},"end":{"line":17,"column":119}},"3":{"start":{"line":17,"column":45},"end":{"line":17,"column":117}},"4":{"start":{"line":17,"column":65},"end":{"line":17,"column":84}},"5":{"start":{"line":20,"column":4},"end":{"line":24,"column":6}},"6":{"start":{"line":28,"column":0},"end":{"line":28,"column":35}},"7":{"start":{"line":29,"column":0},"end":{"line":29,"column":41}}},"fnMap":{"0":{"name":"(anonymous_0)","decl":{"start":{"line":11,"column":16},"end":{"line":11,"column":17}},"loc":{"start":{"line":11,"column":22},"end":{"line":11,"column":24}},"line":11},"1":{"name":"(anonymous_1)","decl":{"start":{"line":16,"column":25},"end":{"line":16,"column":26}},"loc":{"start":{"line":16,"column":31},"end":{"line":18,"column":3}},"line":16},"2":{"name":"(anonymous_2)","decl":{"start":{"line":17,"column":33},"end":{"line":17,"column":34}},"loc":{"start":{"line":17,"column":45},"end":{"line":17,"column":117}},"line":17},"3":{"name":"(anonymous_3)","decl":{"start":{"line":17,"column":60},"end":{"line":17,"column":61}},"loc":{"start":{"line":17,"column":65},"end":{"line":17,"column":84}},"line":17},"4":{"name":"(anonymous_4)","decl":{"start":{"line":19,"column":2},"end":{"line":19,"column":3}},"loc":{"start":{"line":19,"column":11},"end":{"line":25,"column":3}},"line":19}},"branchMap":{},"s":{"0":7,"1":7,"2":0,"3":0,"4":0,"5":0,"6":7,"7":7},"f":{"0":0,"1":0,"2":0,"3":0,"4":0},"b":{},"_coverageSchema":"43e27e138ebf9cfc5966b082cf9a028302ed4184","hash":"73e80a7f4c3ab7ddb4ca32f145d5e852be5c7473"}
,"/Users/syneva.j.runyan/Development/Learning/onto-real-life/source/js/components/SearchPosts/PredictiveSuggestions.jsx": {"path":"/Users/syneva.j.runyan/Development/Learning/onto-real-life/source/js/components/SearchPosts/PredictiveSuggestions.jsx","statementMap":{"0":{"start":{"line":5,"column":18},"end":{"line":11,"column":1}},"1":{"start":{"line":12,"column":21},"end":{"line":18,"column":1}},"2":{"start":{"line":20,"column":32},"end":{"line":45,"column":1}},"3":{"start":{"line":21,"column":2},"end":{"line":44,"column":4}},"4":{"start":{"line":24,"column":8},"end":{"line":41,"column":10}},"5":{"start":{"line":47,"column":35},"end":{"line":53,"column":1}},"6":{"start":{"line":48,"column":2},"end":{"line":52,"column":4}},"7":{"start":{"line":55,"column":23},"end":{"line":61,"column":1}},"8":{"start":{"line":56,"column":2},"end":{"line":60,"column":4}},"9":{"start":{"line":63,"column":21},"end":{"line":65,"column":48}},"10":{"start":{"line":66,"column":2},"end":{"line":73,"column":4}},"11":{"start":{"line":76,"column":0},"end":{"line":76,"column":44}},"12":{"start":{"line":77,"column":0},"end":{"line":77,"column":50}}},"fnMap":{"0":{"name":"(anonymous_0)","decl":{"start":{"line":14,"column":15},"end":{"line":14,"column":16}},"loc":{"start":{"line":14,"column":21},"end":{"line":14,"column":23}},"line":14},"1":{"name":"(anonymous_1)","decl":{"start":{"line":20,"column":32},"end":{"line":20,"column":33}},"loc":{"start":{"line":20,"column":67},"end":{"line":45,"column":1}},"line":20},"2":{"name":"(anonymous_2)","decl":{"start":{"line":23,"column":23},"end":{"line":23,"column":24}},"loc":{"start":{"line":23,"column":34},"end":{"line":42,"column":7}},"line":23},"3":{"name":"(anonymous_3)","decl":{"start":{"line":47,"column":35},"end":{"line":47,"column":36}},"loc":{"start":{"line":47,"column":46},"end":{"line":53,"column":1}},"line":47},"4":{"name":"(anonymous_4)","decl":{"start":{"line":55,"column":23},"end":{"line":55,"column":24}},"loc":{"start":{"line":55,"column":37},"end":{"line":61,"column":1}},"line":55},"5":{"name":"PredictiveSuggestions","decl":{"start":{"line":62,"column":24},"end":{"line":62,"column":45}},"loc":{"start":{"line":62,"column":53},"end":{"line":74,"column":1}},"line":62}},"branchMap":{"0":{"loc":{"start":{"line":63,"column":21},"end":{"line":65,"column":48}},"type":"cond-expr","locations":[{"start":{"line":64,"column":6},"end":{"line":64,"column":82}},{"start":{"line":65,"column":6},"end":{"line":65,"column":48}}],"line":63},"1":{"loc":{"start":{"line":68,"column":7},"end":{"line":68,"column":44}},"type":"cond-expr","locations":[{"start":{"line":68,"column":19},"end":{"line":68,"column":37}},{"start":{"line":68,"column":40},"end":{"line":68,"column":44}}],"line":68},"2":{"loc":{"start":{"line":69,"column":7},"end":{"line":71,"column":31}},"type":"cond-expr","locations":[{"start":{"line":70,"column":10},"end":{"line":70,"column":64}},{"start":{"line":71,"column":10},"end":{"line":71,"column":31}}],"line":69},"3":{"loc":{"start":{"line":69,"column":7},"end":{"line":69,"column":56}},"type":"binary-expr","locations":[{"start":{"line":69,"column":7},"end":{"line":69,"column":24}},{"start":{"line":69,"column":28},"end":{"line":69,"column":56}}],"line":69}},"s":{"0":7,"1":7,"2":7,"3":0,"4":0,"5":7,"6":0,"7":7,"8":0,"9":0,"10":0,"11":7,"12":7},"f":{"0":0,"1":0,"2":0,"3":0,"4":0,"5":0},"b":{"0":[0,0],"1":[0,0],"2":[0,0],"3":[0,0]},"_coverageSchema":"43e27e138ebf9cfc5966b082cf9a028302ed4184","hash":"4074ee0035e2787f5f1ee92cfd729d2ccbf15e47"}
,"/Users/syneva.j.runyan/Development/Learning/onto-real-life/source/js/components/SearchPosts/SearchPosts.jsx": {"path":"/Users/syneva.j.runyan/Development/Learning/onto-real-life/source/js/components/SearchPosts/SearchPosts.jsx","statementMap":{"0":{"start":{"line":5,"column":30},"end":{"line":5,"column":65}},"1":{"start":{"line":9,"column":4},"end":{"line":9,"column":17}},"2":{"start":{"line":10,"column":4},"end":{"line":10,"column":35}},"3":{"start":{"line":11,"column":4},"end":{"line":16,"column":6}},"4":{"start":{"line":18,"column":4},"end":{"line":18,"column":50}},"5":{"start":{"line":19,"column":4},"end":{"line":19,"column":56}},"6":{"start":{"line":20,"column":4},"end":{"line":20,"column":46}},"7":{"start":{"line":24,"column":23},"end":{"line":24,"column":37}},"8":{"start":{"line":25,"column":4},"end":{"line":29,"column":7}},"9":{"start":{"line":31,"column":4},"end":{"line":33,"column":5}},"10":{"start":{"line":32,"column":6},"end":{"line":32,"column":35}},"11":{"start":{"line":37,"column":4},"end":{"line":41,"column":5}},"12":{"start":{"line":38,"column":6},"end":{"line":40,"column":9}},"13":{"start":{"line":43,"column":4},"end":{"line":43,"column":28}},"14":{"start":{"line":47,"column":4},"end":{"line":47,"column":45}},"15":{"start":{"line":48,"column":4},"end":{"line":50,"column":5}},"16":{"start":{"line":49,"column":6},"end":{"line":49,"column":25}},"17":{"start":{"line":54,"column":4},"end":{"line":56,"column":7}},"18":{"start":{"line":60,"column":4},"end":{"line":65,"column":7}},"19":{"start":{"line":69,"column":28},"end":{"line":69,"column":60}},"20":{"start":{"line":71,"column":4},"end":{"line":73,"column":7}},"21":{"start":{"line":78,"column":6},"end":{"line":80,"column":23}},"22":{"start":{"line":82,"column":4},"end":{"line":119,"column":6}},"23":{"start":{"line":90,"column":12},"end":{"line":90,"column":35}}},"fnMap":{"0":{"name":"(anonymous_0)","decl":{"start":{"line":8,"column":2},"end":{"line":8,"column":3}},"loc":{"start":{"line":8,"column":21},"end":{"line":21,"column":3}},"line":8},"1":{"name":"(anonymous_1)","decl":{"start":{"line":23,"column":2},"end":{"line":23,"column":3}},"loc":{"start":{"line":23,"column":14},"end":{"line":34,"column":3}},"line":23},"2":{"name":"(anonymous_2)","decl":{"start":{"line":36,"column":2},"end":{"line":36,"column":3}},"loc":{"start":{"line":36,"column":16},"end":{"line":44,"column":3}},"line":36},"3":{"name":"(anonymous_3)","decl":{"start":{"line":46,"column":2},"end":{"line":46,"column":3}},"loc":{"start":{"line":46,"column":11},"end":{"line":51,"column":3}},"line":46},"4":{"name":"(anonymous_4)","decl":{"start":{"line":53,"column":2},"end":{"line":53,"column":3}},"loc":{"start":{"line":53,"column":21},"end":{"line":57,"column":3}},"line":53},"5":{"name":"(anonymous_5)","decl":{"start":{"line":59,"column":2},"end":{"line":59,"column":3}},"loc":{"start":{"line":59,"column":16},"end":{"line":66,"column":3}},"line":59},"6":{"name":"(anonymous_6)","decl":{"start":{"line":68,"column":2},"end":{"line":68,"column":3}},"loc":{"start":{"line":68,"column":26},"end":{"line":74,"column":3}},"line":68},"7":{"name":"(anonymous_7)","decl":{"start":{"line":76,"column":2},"end":{"line":76,"column":3}},"loc":{"start":{"line":76,"column":11},"end":{"line":120,"column":3}},"line":76},"8":{"name":"(anonymous_8)","decl":{"start":{"line":89,"column":15},"end":{"line":89,"column":16}},"loc":{"start":{"line":89,"column":24},"end":{"line":91,"column":11}},"line":89}},"branchMap":{"0":{"loc":{"start":{"line":31,"column":4},"end":{"line":33,"column":5}},"type":"if","locations":[{"start":{"line":31,"column":4},"end":{"line":33,"column":5}},{"start":{"line":31,"column":4},"end":{"line":33,"column":5}}],"line":31},"1":{"loc":{"start":{"line":37,"column":4},"end":{"line":41,"column":5}},"type":"if","locations":[{"start":{"line":37,"column":4},"end":{"line":41,"column":5}},{"start":{"line":37,"column":4},"end":{"line":41,"column":5}}],"line":37},"2":{"loc":{"start":{"line":47,"column":4},"end":{"line":47,"column":44}},"type":"binary-expr","locations":[{"start":{"line":47,"column":4},"end":{"line":47,"column":18}},{"start":{"line":47,"column":22},"end":{"line":47,"column":44}}],"line":47},"3":{"loc":{"start":{"line":48,"column":4},"end":{"line":50,"column":5}},"type":"if","locations":[{"start":{"line":48,"column":4},"end":{"line":50,"column":5}},{"start":{"line":48,"column":4},"end":{"line":50,"column":5}}],"line":48},"4":{"loc":{"start":{"line":78,"column":6},"end":{"line":80,"column":23}},"type":"cond-expr","locations":[{"start":{"line":79,"column":10},"end":{"line":79,"column":30}},{"start":{"line":80,"column":10},"end":{"line":80,"column":23}}],"line":78},"5":{"loc":{"start":{"line":78,"column":6},"end":{"line":78,"column":63}},"type":"binary-expr","locations":[{"start":{"line":78,"column":6},"end":{"line":78,"column":27}},{"start":{"line":78,"column":31},"end":{"line":78,"column":63}}],"line":78},"6":{"loc":{"start":{"line":99,"column":9},"end":{"line":109,"column":16}},"type":"cond-expr","locations":[{"start":{"line":102,"column":12},"end":{"line":108,"column":14}},{"start":{"line":109,"column":12},"end":{"line":109,"column":16}}],"line":99},"7":{"loc":{"start":{"line":99,"column":9},"end":{"line":101,"column":26}},"type":"binary-expr","locations":[{"start":{"line":99,"column":10},"end":{"line":99,"column":31}},{"start":{"line":100,"column":10},"end":{"line":100,"column":68}},{"start":{"line":101,"column":8},"end":{"line":101,"column":26}}],"line":99},"8":{"loc":{"start":{"line":110,"column":9},"end":{"line":117,"column":16}},"type":"cond-expr","locations":[{"start":{"line":111,"column":12},"end":{"line":116,"column":21}},{"start":{"line":117,"column":12},"end":{"line":117,"column":16}}],"line":110},"9":{"loc":{"start":{"line":110,"column":9},"end":{"line":110,"column":67}},"type":"binary-expr","locations":[{"start":{"line":110,"column":9},"end":{"line":110,"column":30}},{"start":{"line":110,"column":34},"end":{"line":110,"column":67}}],"line":110}},"s":{"0":7,"1":0,"2":0,"3":0,"4":0,"5":0,"6":0,"7":0,"8":0,"9":0,"10":0,"11":0,"12":0,"13":0,"14":0,"15":0,"16":0,"17":0,"18":0,"19":0,"20":0,"21":0,"22":0,"23":0},"f":{"0":0,"1":0,"2":0,"3":0,"4":0,"5":0,"6":0,"7":0,"8":0},"b":{"0":[0,0],"1":[0,0],"2":[0,0],"3":[0,0],"4":[0,0],"5":[0,0],"6":[0,0],"7":[0,0,0],"8":[0,0],"9":[0,0]},"_coverageSchema":"43e27e138ebf9cfc5966b082cf9a028302ed4184","hash":"8a99607a1fd23787b6c08c0db7bc2eb794bd2e3a"}
,"/Users/syneva.j.runyan/Development/Learning/onto-real-life/source/js/components/Spinner/Spinner.jsx": {"path":"/Users/syneva.j.runyan/Development/Learning/onto-real-life/source/js/components/Spinner/Spinner.jsx","statementMap":{"0":{"start":{"line":4,"column":18},"end":{"line":6,"column":1}},"1":{"start":{"line":8,"column":21},"end":{"line":15,"column":1}},"2":{"start":{"line":17,"column":18},"end":{"line":17,"column":24}},"3":{"start":{"line":21,"column":4},"end":{"line":21,"column":17}},"4":{"start":{"line":22,"column":4},"end":{"line":24,"column":5}},"5":{"start":{"line":23,"column":6},"end":{"line":23,"column":79}},"6":{"start":{"line":26,"column":4},"end":{"line":30,"column":6}},"7":{"start":{"line":32,"column":4},"end":{"line":32,"column":50}},"8":{"start":{"line":38,"column":4},"end":{"line":38,"column":57}},"9":{"start":{"line":39,"column":4},"end":{"line":39,"column":50}},"10":{"start":{"line":40,"column":4},"end":{"line":40,"column":56}},"11":{"start":{"line":44,"column":4},"end":{"line":44,"column":33}},"12":{"start":{"line":48,"column":19},"end":{"line":48,"column":27}},"13":{"start":{"line":49,"column":17},"end":{"line":49,"column":35}},"14":{"start":{"line":51,"column":29},"end":{"line":51,"column":63}},"15":{"start":{"line":52,"column":4},"end":{"line":52,"column":58}},"16":{"start":{"line":53,"column":28},"end":{"line":53,"column":70}},"17":{"start":{"line":55,"column":4},"end":{"line":55,"column":67}},"18":{"start":{"line":59,"column":4},"end":{"line":69,"column":6}},"19":{"start":{"line":73,"column":4},"end":{"line":80,"column":6}},"20":{"start":{"line":84,"column":4},"end":{"line":116,"column":6}},"21":{"start":{"line":120,"column":0},"end":{"line":120,"column":30}},"22":{"start":{"line":121,"column":0},"end":{"line":121,"column":36}}},"fnMap":{"0":{"name":"(anonymous_0)","decl":{"start":{"line":20,"column":2},"end":{"line":20,"column":3}},"loc":{"start":{"line":20,"column":21},"end":{"line":33,"column":3}},"line":20},"1":{"name":"(anonymous_1)","decl":{"start":{"line":37,"column":2},"end":{"line":37,"column":3}},"loc":{"start":{"line":37,"column":61},"end":{"line":41,"column":3}},"line":37},"2":{"name":"(anonymous_2)","decl":{"start":{"line":43,"column":2},"end":{"line":43,"column":3}},"loc":{"start":{"line":43,"column":33},"end":{"line":45,"column":3}},"line":43},"3":{"name":"(anonymous_3)","decl":{"start":{"line":47,"column":2},"end":{"line":47,"column":3}},"loc":{"start":{"line":47,"column":14},"end":{"line":56,"column":3}},"line":47},"4":{"name":"(anonymous_4)","decl":{"start":{"line":58,"column":2},"end":{"line":58,"column":3}},"loc":{"start":{"line":58,"column":46},"end":{"line":70,"column":3}},"line":58},"5":{"name":"(anonymous_5)","decl":{"start":{"line":72,"column":2},"end":{"line":72,"column":3}},"loc":{"start":{"line":72,"column":31},"end":{"line":81,"column":3}},"line":72},"6":{"name":"(anonymous_6)","decl":{"start":{"line":83,"column":2},"end":{"line":83,"column":3}},"loc":{"start":{"line":83,"column":11},"end":{"line":117,"column":3}},"line":83}},"branchMap":{"0":{"loc":{"start":{"line":22,"column":4},"end":{"line":24,"column":5}},"type":"if","locations":[{"start":{"line":22,"column":4},"end":{"line":24,"column":5}},{"start":{"line":22,"column":4},"end":{"line":24,"column":5}}],"line":22}},"s":{"0":9,"1":9,"2":9,"3":5,"4":5,"5":1,"6":4,"7":4,"8":1,"9":1,"10":1,"11":3,"12":1,"13":1,"14":1,"15":1,"16":1,"17":1,"18":12,"19":48,"20":4,"21":9,"22":9},"f":{"0":5,"1":1,"2":3,"3":1,"4":12,"5":48,"6":4},"b":{"0":[1,4]},"_coverageSchema":"43e27e138ebf9cfc5966b082cf9a028302ed4184","hash":"c3b96f77aa78522746bed8c2c3af4d25dab8aae9"}
,"/Users/syneva.j.runyan/Development/Learning/onto-real-life/source/js/utils/post-helper.js": {"path":"/Users/syneva.j.runyan/Development/Learning/onto-real-life/source/js/utils/post-helper.js","statementMap":{"0":{"start":{"line":2,"column":22},"end":{"line":2,"column":35}},"1":{"start":{"line":3,"column":24},"end":{"line":3,"column":38}},"2":{"start":{"line":6,"column":0},"end":{"line":10,"column":1}},"3":{"start":{"line":7,"column":2},"end":{"line":7,"column":41}},"4":{"start":{"line":9,"column":2},"end":{"line":9,"column":59}},"5":{"start":{"line":14,"column":4},"end":{"line":14,"column":27}},"6":{"start":{"line":15,"column":4},"end":{"line":15,"column":39}},"7":{"start":{"line":16,"column":4},"end":{"line":16,"column":35}},"8":{"start":{"line":21,"column":4},"end":{"line":25,"column":6}},"9":{"start":{"line":22,"column":6},"end":{"line":24,"column":7}},"10":{"start":{"line":23,"column":8},"end":{"line":23,"column":42}},"11":{"start":{"line":28,"column":23},"end":{"line":28,"column":41}},"12":{"start":{"line":29,"column":4},"end":{"line":32,"column":6}},"13":{"start":{"line":33,"column":4},"end":{"line":37,"column":6}},"14":{"start":{"line":38,"column":4},"end":{"line":38,"column":22}}},"fnMap":{"0":{"name":"(anonymous_0)","decl":{"start":{"line":13,"column":2},"end":{"line":13,"column":3}},"loc":{"start":{"line":13,"column":51},"end":{"line":17,"column":3}},"line":13},"1":{"name":"(anonymous_1)","decl":{"start":{"line":19,"column":2},"end":{"line":19,"column":3}},"loc":{"start":{"line":19,"column":42},"end":{"line":26,"column":3}},"line":19},"2":{"name":"(anonymous_2)","decl":{"start":{"line":21,"column":11},"end":{"line":21,"column":12}},"loc":{"start":{"line":21,"column":22},"end":{"line":25,"column":5}},"line":21},"3":{"name":"(anonymous_3)","decl":{"start":{"line":27,"column":2},"end":{"line":27,"column":3}},"loc":{"start":{"line":27,"column":28},"end":{"line":39,"column":3}},"line":27},"4":{"name":"(anonymous_4)","decl":{"start":{"line":41,"column":2},"end":{"line":41,"column":3}},"loc":{"start":{"line":41,"column":28},"end":{"line":46,"column":3}},"line":41}},"branchMap":{"0":{"loc":{"start":{"line":6,"column":0},"end":{"line":10,"column":1}},"type":"if","locations":[{"start":{"line":6,"column":0},"end":{"line":10,"column":1}},{"start":{"line":6,"column":0},"end":{"line":10,"column":1}}],"line":6},"1":{"loc":{"start":{"line":22,"column":6},"end":{"line":24,"column":7}},"type":"if","locations":[{"start":{"line":22,"column":6},"end":{"line":24,"column":7}},{"start":{"line":22,"column":6},"end":{"line":24,"column":7}}],"line":22},"2":{"loc":{"start":{"line":22,"column":10},"end":{"line":22,"column":66}},"type":"binary-expr","locations":[{"start":{"line":22,"column":10},"end":{"line":22,"column":37}},{"start":{"line":22,"column":41},"end":{"line":22,"column":66}}],"line":22}},"s":{"0":8,"1":8,"2":8,"3":8,"4":0,"5":8,"6":8,"7":8,"8":2,"9":2,"10":1,"11":1,"12":1,"13":1,"14":1},"f":{"0":8,"1":2,"2":2,"3":1,"4":0},"b":{"0":[8,0],"1":[1,1],"2":[2,1]},"_coverageSchema":"43e27e138ebf9cfc5966b082cf9a028302ed4184","hash":"dd53ce33c447abad6eff9a2685b6b401ebd6d265"}
,"/Users/syneva.j.runyan/Development/Learning/onto-real-life/source/js/utils/search-posts.js": {"path":"/Users/syneva.j.runyan/Development/Learning/onto-real-life/source/js/utils/search-posts.js","statementMap":{"0":{"start":{"line":4,"column":23},"end":{"line":4,"column":54}},"1":{"start":{"line":9,"column":24},"end":{"line":20,"column":1}},"2":{"start":{"line":14,"column":20},"end":{"line":14,"column":62}},"3":{"start":{"line":15,"column":21},"end":{"line":18,"column":3}},"4":{"start":{"line":19,"column":2},"end":{"line":19,"column":32}},"5":{"start":{"line":25,"column":26},"end":{"line":44,"column":1}},"6":{"start":{"line":26,"column":19},"end":{"line":26,"column":58}},"7":{"start":{"line":28,"column":2},"end":{"line":30,"column":3}},"8":{"start":{"line":29,"column":4},"end":{"line":29,"column":22}},"9":{"start":{"line":33,"column":31},"end":{"line":33,"column":76}},"10":{"start":{"line":34,"column":19},"end":{"line":34,"column":79}},"11":{"start":{"line":35,"column":2},"end":{"line":35,"column":47}},"12":{"start":{"line":37,"column":2},"end":{"line":39,"column":3}},"13":{"start":{"line":38,"column":4},"end":{"line":38,"column":22}},"14":{"start":{"line":42,"column":21},"end":{"line":42,"column":59}},"15":{"start":{"line":43,"column":2},"end":{"line":43,"column":44}},"16":{"start":{"line":48,"column":24},"end":{"line":67,"column":1}},"17":{"start":{"line":49,"column":26},"end":{"line":49,"column":50}},"18":{"start":{"line":51,"column":2},"end":{"line":64,"column":3}},"19":{"start":{"line":52,"column":21},"end":{"line":52,"column":71}},"20":{"start":{"line":54,"column":4},"end":{"line":63,"column":5}},"21":{"start":{"line":57,"column":6},"end":{"line":61,"column":8}},"22":{"start":{"line":62,"column":6},"end":{"line":62,"column":70}},"23":{"start":{"line":66,"column":2},"end":{"line":66,"column":27}},"24":{"start":{"line":74,"column":4},"end":{"line":74,"column":19}},"25":{"start":{"line":76,"column":4},"end":{"line":76,"column":40}},"26":{"start":{"line":77,"column":4},"end":{"line":77,"column":23}},"27":{"start":{"line":79,"column":4},"end":{"line":93,"column":5}},"28":{"start":{"line":80,"column":6},"end":{"line":88,"column":9}},"29":{"start":{"line":81,"column":25},"end":{"line":81,"column":41}},"30":{"start":{"line":82,"column":22},"end":{"line":82,"column":53}},"31":{"start":{"line":83,"column":24},"end":{"line":85,"column":14}},"32":{"start":{"line":86,"column":21},"end":{"line":86,"column":55}},"33":{"start":{"line":87,"column":8},"end":{"line":87,"column":64}},"34":{"start":{"line":90,"column":6},"end":{"line":92,"column":8}},"35":{"start":{"line":95,"column":4},"end":{"line":95,"column":16}},"36":{"start":{"line":99,"column":30},"end":{"line":99,"column":57}},"37":{"start":{"line":100,"column":24},"end":{"line":102,"column":10}},"38":{"start":{"line":103,"column":4},"end":{"line":109,"column":7}},"39":{"start":{"line":104,"column":22},"end":{"line":104,"column":53}},"40":{"start":{"line":105,"column":6},"end":{"line":108,"column":8}},"41":{"start":{"line":114,"column":4},"end":{"line":116,"column":5}},"42":{"start":{"line":115,"column":6},"end":{"line":115,"column":21}},"43":{"start":{"line":117,"column":21},"end":{"line":117,"column":23}},"44":{"start":{"line":118,"column":4},"end":{"line":118,"column":32}},"45":{"start":{"line":119,"column":4},"end":{"line":119,"column":44}},"46":{"start":{"line":125,"column":28},"end":{"line":125,"column":38}},"47":{"start":{"line":126,"column":4},"end":{"line":150,"column":5}},"48":{"start":{"line":127,"column":22},"end":{"line":127,"column":53}},"49":{"start":{"line":131,"column":20},"end":{"line":131,"column":50}},"50":{"start":{"line":132,"column":6},"end":{"line":132,"column":75}},"51":{"start":{"line":135,"column":26},"end":{"line":138,"column":7}},"52":{"start":{"line":140,"column":6},"end":{"line":149,"column":7}},"53":{"start":{"line":142,"column":34},"end":{"line":145,"column":9}},"54":{"start":{"line":146,"column":8},"end":{"line":146,"column":60}},"55":{"start":{"line":148,"column":8},"end":{"line":148,"column":56}},"56":{"start":{"line":152,"column":4},"end":{"line":152,"column":29}},"57":{"start":{"line":160,"column":27},"end":{"line":160,"column":32}},"58":{"start":{"line":161,"column":30},"end":{"line":171,"column":6}},"59":{"start":{"line":162,"column":6},"end":{"line":168,"column":7}},"60":{"start":{"line":163,"column":8},"end":{"line":163,"column":32}},"61":{"start":{"line":165,"column":8},"end":{"line":167,"column":10}},"62":{"start":{"line":170,"column":6},"end":{"line":170,"column":19}},"63":{"start":{"line":173,"column":4},"end":{"line":173,"column":58}},"64":{"start":{"line":174,"column":4},"end":{"line":174,"column":29}},"65":{"start":{"line":178,"column":4},"end":{"line":180,"column":7}},"66":{"start":{"line":179,"column":6},"end":{"line":179,"column":60}},"67":{"start":{"line":184,"column":24},"end":{"line":184,"column":59}}},"fnMap":{"0":{"name":"(anonymous_0)","decl":{"start":{"line":9,"column":24},"end":{"line":9,"column":25}},"loc":{"start":{"line":13,"column":2},"end":{"line":20,"column":1}},"line":13},"1":{"name":"(anonymous_1)","decl":{"start":{"line":25,"column":26},"end":{"line":25,"column":27}},"loc":{"start":{"line":25,"column":61},"end":{"line":44,"column":1}},"line":25},"2":{"name":"(anonymous_2)","decl":{"start":{"line":48,"column":24},"end":{"line":48,"column":25}},"loc":{"start":{"line":48,"column":50},"end":{"line":67,"column":1}},"line":48},"3":{"name":"(anonymous_3)","decl":{"start":{"line":73,"column":2},"end":{"line":73,"column":3}},"loc":{"start":{"line":73,"column":21},"end":{"line":96,"column":3}},"line":73},"4":{"name":"(anonymous_4)","decl":{"start":{"line":80,"column":33},"end":{"line":80,"column":34}},"loc":{"start":{"line":80,"column":46},"end":{"line":88,"column":7}},"line":80},"5":{"name":"(anonymous_5)","decl":{"start":{"line":98,"column":2},"end":{"line":98,"column":3}},"loc":{"start":{"line":98,"column":19},"end":{"line":110,"column":3}},"line":98},"6":{"name":"(anonymous_6)","decl":{"start":{"line":103,"column":27},"end":{"line":103,"column":28}},"loc":{"start":{"line":103,"column":45},"end":{"line":109,"column":5}},"line":103},"7":{"name":"(anonymous_7)","decl":{"start":{"line":112,"column":2},"end":{"line":112,"column":3}},"loc":{"start":{"line":112,"column":43},"end":{"line":120,"column":3}},"line":112},"8":{"name":"(anonymous_8)","decl":{"start":{"line":124,"column":2},"end":{"line":124,"column":3}},"loc":{"start":{"line":124,"column":42},"end":{"line":153,"column":3}},"line":124},"9":{"name":"(anonymous_9)","decl":{"start":{"line":159,"column":2},"end":{"line":159,"column":3}},"loc":{"start":{"line":159,"column":49},"end":{"line":175,"column":3}},"line":159},"10":{"name":"(anonymous_10)","decl":{"start":{"line":161,"column":50},"end":{"line":161,"column":51}},"loc":{"start":{"line":161,"column":59},"end":{"line":171,"column":5}},"line":161},"11":{"name":"(anonymous_11)","decl":{"start":{"line":177,"column":2},"end":{"line":177,"column":3}},"loc":{"start":{"line":177,"column":34},"end":{"line":181,"column":3}},"line":177},"12":{"name":"(anonymous_12)","decl":{"start":{"line":178,"column":18},"end":{"line":178,"column":19}},"loc":{"start":{"line":178,"column":26},"end":{"line":180,"column":5}},"line":178}},"branchMap":{"0":{"loc":{"start":{"line":28,"column":2},"end":{"line":30,"column":3}},"type":"if","locations":[{"start":{"line":28,"column":2},"end":{"line":30,"column":3}},{"start":{"line":28,"column":2},"end":{"line":30,"column":3}}],"line":28},"1":{"loc":{"start":{"line":35,"column":15},"end":{"line":35,"column":46}},"type":"cond-expr","locations":[{"start":{"line":35,"column":33},"end":{"line":35,"column":41}},{"start":{"line":35,"column":44},"end":{"line":35,"column":46}}],"line":35},"2":{"loc":{"start":{"line":37,"column":2},"end":{"line":39,"column":3}},"type":"if","locations":[{"start":{"line":37,"column":2},"end":{"line":39,"column":3}},{"start":{"line":37,"column":2},"end":{"line":39,"column":3}}],"line":37},"3":{"loc":{"start":{"line":43,"column":9},"end":{"line":43,"column":43}},"type":"cond-expr","locations":[{"start":{"line":43,"column":28},"end":{"line":43,"column":38}},{"start":{"line":43,"column":41},"end":{"line":43,"column":43}}],"line":43},"4":{"loc":{"start":{"line":48,"column":33},"end":{"line":48,"column":48}},"type":"default-arg","locations":[{"start":{"line":48,"column":46},"end":{"line":48,"column":48}}],"line":48},"5":{"loc":{"start":{"line":79,"column":4},"end":{"line":93,"column":5}},"type":"if","locations":[{"start":{"line":79,"column":4},"end":{"line":93,"column":5}},{"start":{"line":79,"column":4},"end":{"line":93,"column":5}}],"line":79},"6":{"loc":{"start":{"line":79,"column":8},"end":{"line":79,"column":42}},"type":"binary-expr","locations":[{"start":{"line":79,"column":8},"end":{"line":79,"column":13}},{"start":{"line":79,"column":17},"end":{"line":79,"column":42}}],"line":79},"7":{"loc":{"start":{"line":83,"column":24},"end":{"line":85,"column":14}},"type":"cond-expr","locations":[{"start":{"line":84,"column":12},"end":{"line":84,"column":45}},{"start":{"line":85,"column":12},"end":{"line":85,"column":14}}],"line":83},"8":{"loc":{"start":{"line":86,"column":21},"end":{"line":86,"column":55}},"type":"cond-expr","locations":[{"start":{"line":86,"column":37},"end":{"line":86,"column":50}},{"start":{"line":86,"column":53},"end":{"line":86,"column":55}}],"line":86},"9":{"loc":{"start":{"line":100,"column":24},"end":{"line":102,"column":10}},"type":"cond-expr","locations":[{"start":{"line":101,"column":8},"end":{"line":101,"column":43}},{"start":{"line":102,"column":8},"end":{"line":102,"column":10}}],"line":100},"10":{"loc":{"start":{"line":114,"column":4},"end":{"line":116,"column":5}},"type":"if","locations":[{"start":{"line":114,"column":4},"end":{"line":116,"column":5}},{"start":{"line":114,"column":4},"end":{"line":116,"column":5}}],"line":114},"11":{"loc":{"start":{"line":140,"column":6},"end":{"line":149,"column":7}},"type":"if","locations":[{"start":{"line":140,"column":6},"end":{"line":149,"column":7}},{"start":{"line":140,"column":6},"end":{"line":149,"column":7}}],"line":140},"12":{"loc":{"start":{"line":162,"column":6},"end":{"line":168,"column":7}},"type":"if","locations":[{"start":{"line":162,"column":6},"end":{"line":168,"column":7}},{"start":{"line":162,"column":6},"end":{"line":168,"column":7}}],"line":162},"13":{"loc":{"start":{"line":173,"column":4},"end":{"line":173,"column":57}},"type":"binary-expr","locations":[{"start":{"line":173,"column":4},"end":{"line":173,"column":21}},{"start":{"line":173,"column":25},"end":{"line":173,"column":57}}],"line":173}},"s":{"0":7,"1":7,"2":48,"3":48,"4":48,"5":7,"6":1093,"7":1093,"8":36,"9":1057,"10":1057,"11":1057,"12":1057,"13":0,"14":1057,"15":1057,"16":7,"17":209,"18":209,"19":1045,"20":1045,"21":48,"22":48,"23":209,"24":7,"25":7,"26":7,"27":7,"28":7,"29":111,"30":111,"31":111,"32":111,"33":111,"34":0,"35":7,"36":0,"37":0,"38":0,"39":0,"40":0,"41":11564,"42":3001,"43":8563,"44":8563,"45":8563,"46":1608,"47":1608,"48":1608,"49":11564,"50":11564,"51":11564,"52":11564,"53":3001,"54":3001,"55":8563,"56":1608,"57":3001,"58":3001,"59":5245,"60":822,"61":822,"62":5245,"63":3001,"64":3001,"65":111,"66":1608,"67":7},"f":{"0":48,"1":1093,"2":209,"3":7,"4":111,"5":0,"6":0,"7":11564,"8":1608,"9":3001,"10":5245,"11":111,"12":1608},"b":{"0":[36,1057],"1":[0,1057],"2":[0,1057],"3":[12,1045],"4":[1],"5":[7,0],"6":[7,7],"7":[98,13],"8":[108,3],"9":[0,0],"10":[3001,8563],"11":[3001,8563],"12":[822,4423],"13":[3001,2179]},"_coverageSchema":"43e27e138ebf9cfc5966b082cf9a028302ed4184","hash":"1d332ed41c814a9872b70d37a3d62d8c4eb235f4"}
,"/Users/syneva.j.runyan/Development/Learning/onto-real-life/source/js/views/About/index.jsx": {"path":"/Users/syneva.j.runyan/Development/Learning/onto-real-life/source/js/views/About/index.jsx","statementMap":{"0":{"start":{"line":7,"column":4},"end":{"line":19,"column":6}}},"fnMap":{"0":{"name":"(anonymous_0)","decl":{"start":{"line":6,"column":2},"end":{"line":6,"column":3}},"loc":{"start":{"line":6,"column":11},"end":{"line":20,"column":3}},"line":6}},"branchMap":{},"s":{"0":1},"f":{"0":1},"b":{},"_coverageSchema":"43e27e138ebf9cfc5966b082cf9a028302ed4184","hash":"7caa0d3e88cd487c8088a50740bc8b021af87542"}
,"/Users/syneva.j.runyan/Development/Learning/onto-real-life/source/js/views/App/App.jsx": {"path":"/Users/syneva.j.runyan/Development/Learning/onto-real-life/source/js/views/App/App.jsx","statementMap":{"0":{"start":{"line":7,"column":18},"end":{"line":9,"column":1}},"1":{"start":{"line":11,"column":21},"end":{"line":15,"column":1}},"2":{"start":{"line":23,"column":4},"end":{"line":31,"column":6}},"3":{"start":{"line":35,"column":0},"end":{"line":35,"column":26}},"4":{"start":{"line":36,"column":0},"end":{"line":36,"column":32}}},"fnMap":{"0":{"name":"(anonymous_0)","decl":{"start":{"line":22,"column":2},"end":{"line":22,"column":3}},"loc":{"start":{"line":22,"column":11},"end":{"line":32,"column":3}},"line":22}},"branchMap":{},"s":{"0":7,"1":7,"2":0,"3":7,"4":7},"f":{"0":0},"b":{},"_coverageSchema":"43e27e138ebf9cfc5966b082cf9a028302ed4184","hash":"7f9cf86e43fb2e30b9688fde2f7ef010cd798082"}
,"/Users/syneva.j.runyan/Development/Learning/onto-real-life/source/js/views/BlogPosts/BlogPosts.jsx": {"path":"/Users/syneva.j.runyan/Development/Learning/onto-real-life/source/js/views/BlogPosts/BlogPosts.jsx","statementMap":{"0":{"start":{"line":9,"column":22},"end":{"line":9,"column":41}},"1":{"start":{"line":11,"column":18},"end":{"line":13,"column":1}},"2":{"start":{"line":15,"column":21},"end":{"line":19,"column":1}},"3":{"start":{"line":23,"column":4},"end":{"line":23,"column":17}},"4":{"start":{"line":25,"column":4},"end":{"line":25,"column":63}},"5":{"start":{"line":26,"column":4},"end":{"line":26,"column":47}},"6":{"start":{"line":29,"column":4},"end":{"line":30,"column":74}},"7":{"start":{"line":30,"column":6},"end":{"line":30,"column":73}},"8":{"start":{"line":34,"column":4},"end":{"line":35,"column":73}},"9":{"start":{"line":35,"column":6},"end":{"line":35,"column":72}},"10":{"start":{"line":39,"column":4},"end":{"line":44,"column":6}},"11":{"start":{"line":48,"column":0},"end":{"line":48,"column":32}},"12":{"start":{"line":49,"column":0},"end":{"line":49,"column":38}}},"fnMap":{"0":{"name":"(anonymous_0)","decl":{"start":{"line":22,"column":2},"end":{"line":22,"column":3}},"loc":{"start":{"line":22,"column":21},"end":{"line":27,"column":3}},"line":22},"1":{"name":"(anonymous_1)","decl":{"start":{"line":28,"column":2},"end":{"line":28,"column":3}},"loc":{"start":{"line":28,"column":24},"end":{"line":31,"column":3}},"line":28},"2":{"name":"(anonymous_2)","decl":{"start":{"line":29,"column":11},"end":{"line":29,"column":12}},"loc":{"start":{"line":30,"column":6},"end":{"line":30,"column":73}},"line":30},"3":{"name":"(anonymous_3)","decl":{"start":{"line":33,"column":2},"end":{"line":33,"column":3}},"loc":{"start":{"line":33,"column":30},"end":{"line":36,"column":3}},"line":33},"4":{"name":"(anonymous_4)","decl":{"start":{"line":34,"column":11},"end":{"line":34,"column":12}},"loc":{"start":{"line":35,"column":6},"end":{"line":35,"column":72}},"line":35},"5":{"name":"(anonymous_5)","decl":{"start":{"line":38,"column":2},"end":{"line":38,"column":3}},"loc":{"start":{"line":38,"column":11},"end":{"line":45,"column":3}},"line":38}},"branchMap":{},"s":{"0":7,"1":7,"2":7,"3":3,"4":3,"5":3,"6":4,"7":1,"8":4,"9":1,"10":3,"11":7,"12":7},"f":{"0":3,"1":4,"2":1,"3":4,"4":1,"5":3},"b":{},"_coverageSchema":"43e27e138ebf9cfc5966b082cf9a028302ed4184","hash":"04c9ad649f464433b3f95222739789f2361bfc50"}
,"/Users/syneva.j.runyan/Development/Learning/onto-real-life/source/js/views/BlogPosts/Post.jsx": {"path":"/Users/syneva.j.runyan/Development/Learning/onto-real-life/source/js/views/BlogPosts/Post.jsx","statementMap":{"0":{"start":{"line":9,"column":18},"end":{"line":13,"column":1}},"1":{"start":{"line":15,"column":21},"end":{"line":23,"column":1}},"2":{"start":{"line":27,"column":24},"end":{"line":30,"column":5}},"3":{"start":{"line":32,"column":4},"end":{"line":40,"column":7}},"4":{"start":{"line":33,"column":6},"end":{"line":39,"column":7}},"5":{"start":{"line":34,"column":29},"end":{"line":34,"column":55}},"6":{"start":{"line":35,"column":8},"end":{"line":36,"column":74}},"7":{"start":{"line":37,"column":8},"end":{"line":38,"column":74}},"8":{"start":{"line":42,"column":4},"end":{"line":42,"column":23}},"9":{"start":{"line":46,"column":19},"end":{"line":46,"column":49}},"10":{"start":{"line":47,"column":17},"end":{"line":47,"column":47}},"11":{"start":{"line":49,"column":4},"end":{"line":51,"column":5}},"12":{"start":{"line":50,"column":6},"end":{"line":50,"column":35}},"13":{"start":{"line":52,"column":24},"end":{"line":52,"column":75}},"14":{"start":{"line":54,"column":4},"end":{"line":66,"column":6}},"15":{"start":{"line":70,"column":0},"end":{"line":70,"column":27}},"16":{"start":{"line":71,"column":0},"end":{"line":71,"column":33}}},"fnMap":{"0":{"name":"(anonymous_0)","decl":{"start":{"line":26,"column":2},"end":{"line":26,"column":3}},"loc":{"start":{"line":26,"column":37},"end":{"line":43,"column":3}},"line":26},"1":{"name":"(anonymous_1)","decl":{"start":{"line":32,"column":36},"end":{"line":32,"column":37}},"loc":{"start":{"line":32,"column":53},"end":{"line":40,"column":5}},"line":32},"2":{"name":"(anonymous_2)","decl":{"start":{"line":45,"column":2},"end":{"line":45,"column":3}},"loc":{"start":{"line":45,"column":11},"end":{"line":67,"column":3}},"line":45}},"branchMap":{"0":{"loc":{"start":{"line":33,"column":6},"end":{"line":39,"column":7}},"type":"if","locations":[{"start":{"line":33,"column":6},"end":{"line":39,"column":7}},{"start":{"line":33,"column":6},"end":{"line":39,"column":7}}],"line":33},"1":{"loc":{"start":{"line":36,"column":10},"end":{"line":36,"column":73}},"type":"binary-expr","locations":[{"start":{"line":36,"column":11},"end":{"line":36,"column":34}},{"start":{"line":36,"column":38},"end":{"line":36,"column":64}},{"start":{"line":36,"column":69},"end":{"line":36,"column":73}}],"line":36},"2":{"loc":{"start":{"line":38,"column":10},"end":{"line":38,"column":73}},"type":"binary-expr","locations":[{"start":{"line":38,"column":11},"end":{"line":38,"column":34}},{"start":{"line":38,"column":38},"end":{"line":38,"column":64}},{"start":{"line":38,"column":69},"end":{"line":38,"column":73}}],"line":38},"3":{"loc":{"start":{"line":49,"column":4},"end":{"line":51,"column":5}},"type":"if","locations":[{"start":{"line":49,"column":4},"end":{"line":51,"column":5}},{"start":{"line":49,"column":4},"end":{"line":51,"column":5}}],"line":49}},"s":{"0":7,"1":7,"2":0,"3":0,"4":0,"5":0,"6":0,"7":0,"8":0,"9":0,"10":0,"11":0,"12":0,"13":0,"14":0,"15":7,"16":7},"f":{"0":0,"1":0,"2":0},"b":{"0":[0,0],"1":[0,0,0],"2":[0,0,0],"3":[0,0]},"_coverageSchema":"43e27e138ebf9cfc5966b082cf9a028302ed4184","hash":"d581db61d7ebf9c211d259a10a859e62ca8a37b1"}
,"/Users/syneva.j.runyan/Development/Learning/onto-real-life/source/js/views/BlogPosts/PostCollection.jsx": {"path":"/Users/syneva.j.runyan/Development/Learning/onto-real-life/source/js/views/BlogPosts/PostCollection.jsx","statementMap":{"0":{"start":{"line":6,"column":18},"end":{"line":9,"column":1}},"1":{"start":{"line":11,"column":21},"end":{"line":14,"column":1}},"2":{"start":{"line":18,"column":4},"end":{"line":29,"column":7}},"3":{"start":{"line":19,"column":26},"end":{"line":19,"column":39}},"4":{"start":{"line":20,"column":6},"end":{"line":28,"column":8}},"5":{"start":{"line":32,"column":29},"end":{"line":35,"column":5}},"6":{"start":{"line":36,"column":4},"end":{"line":43,"column":6}},"7":{"start":{"line":47,"column":0},"end":{"line":47,"column":37}},"8":{"start":{"line":48,"column":0},"end":{"line":48,"column":43}}},"fnMap":{"0":{"name":"(anonymous_0)","decl":{"start":{"line":17,"column":2},"end":{"line":17,"column":3}},"loc":{"start":{"line":17,"column":37},"end":{"line":30,"column":3}},"line":17},"1":{"name":"(anonymous_1)","decl":{"start":{"line":18,"column":36},"end":{"line":18,"column":37}},"loc":{"start":{"line":18,"column":44},"end":{"line":29,"column":5}},"line":18},"2":{"name":"(anonymous_2)","decl":{"start":{"line":31,"column":2},"end":{"line":31,"column":3}},"loc":{"start":{"line":31,"column":11},"end":{"line":44,"column":3}},"line":31}},"branchMap":{},"s":{"0":7,"1":7,"2":2,"3":4,"4":4,"5":2,"6":2,"7":7,"8":7},"f":{"0":2,"1":4,"2":2},"b":{},"_coverageSchema":"43e27e138ebf9cfc5966b082cf9a028302ed4184","hash":"d7566415e523ce8d20c13e5472214ea31bbb760c"}
,"/Users/syneva.j.runyan/Development/Learning/onto-real-life/source/js/views/Contact/Contact.jsx": {"path":"/Users/syneva.j.runyan/Development/Learning/onto-real-life/source/js/views/Contact/Contact.jsx","statementMap":{"0":{"start":{"line":5,"column":2},"end":{"line":14,"column":4}}},"fnMap":{"0":{"name":"Contact","decl":{"start":{"line":4,"column":24},"end":{"line":4,"column":31}},"loc":{"start":{"line":4,"column":34},"end":{"line":15,"column":1}},"line":4}},"branchMap":{},"s":{"0":1},"f":{"0":1},"b":{},"_coverageSchema":"43e27e138ebf9cfc5966b082cf9a028302ed4184","hash":"7a4798c6f74b5ed99ae646fef1ff31137bb6e47e"}
,"/Users/syneva.j.runyan/Development/Learning/onto-real-life/source/js/views/NotFound/index.jsx": {"path":"/Users/syneva.j.runyan/Development/Learning/onto-real-life/source/js/views/NotFound/index.jsx","statementMap":{"0":{"start":{"line":5,"column":4},"end":{"line":13,"column":6}}},"fnMap":{"0":{"name":"(anonymous_0)","decl":{"start":{"line":4,"column":2},"end":{"line":4,"column":3}},"loc":{"start":{"line":4,"column":11},"end":{"line":14,"column":3}},"line":4}},"branchMap":{},"s":{"0":1},"f":{"0":1},"b":{},"_coverageSchema":"43e27e138ebf9cfc5966b082cf9a028302ed4184","hash":"5ea8653f59c06f33da3ce122b006b3fdf441e53f"}
,"/Users/syneva.j.runyan/Development/Learning/onto-real-life/source/js/views/Photos/Photos.jsx": {"path":"/Users/syneva.j.runyan/Development/Learning/onto-real-life/source/js/views/Photos/Photos.jsx","statementMap":{"0":{"start":{"line":9,"column":4},"end":{"line":9,"column":17}},"1":{"start":{"line":10,"column":4},"end":{"line":14,"column":6}},"2":{"start":{"line":17,"column":4},"end":{"line":20,"column":7}},"3":{"start":{"line":23,"column":4},"end":{"line":25,"column":6}},"4":{"start":{"line":29,"column":4},"end":{"line":42,"column":6}}},"fnMap":{"0":{"name":"(anonymous_0)","decl":{"start":{"line":8,"column":2},"end":{"line":8,"column":3}},"loc":{"start":{"line":8,"column":21},"end":{"line":15,"column":3}},"line":8},"1":{"name":"(anonymous_1)","decl":{"start":{"line":16,"column":18},"end":{"line":16,"column":19}},"loc":{"start":{"line":16,"column":35},"end":{"line":21,"column":3}},"line":16},"2":{"name":"(anonymous_2)","decl":{"start":{"line":22,"column":15},"end":{"line":22,"column":16}},"loc":{"start":{"line":22,"column":21},"end":{"line":26,"column":3}},"line":22},"3":{"name":"(anonymous_3)","decl":{"start":{"line":28,"column":2},"end":{"line":28,"column":3}},"loc":{"start":{"line":28,"column":11},"end":{"line":43,"column":3}},"line":28}},"branchMap":{"0":{"loc":{"start":{"line":19,"column":14},"end":{"line":19,"column":92}},"type":"cond-expr","locations":[{"start":{"line":19,"column":40},"end":{"line":19,"column":87}},{"start":{"line":19,"column":90},"end":{"line":19,"column":92}}],"line":19},"1":{"loc":{"start":{"line":19,"column":40},"end":{"line":19,"column":87}},"type":"binary-expr","locations":[{"start":{"line":19,"column":40},"end":{"line":19,"column":81}},{"start":{"line":19,"column":85},"end":{"line":19,"column":87}}],"line":19},"2":{"loc":{"start":{"line":38,"column":9},"end":{"line":40,"column":16}},"type":"cond-expr","locations":[{"start":{"line":39,"column":12},"end":{"line":39,"column":89}},{"start":{"line":40,"column":12},"end":{"line":40,"column":16}}],"line":38}},"s":{"0":0,"1":0,"2":0,"3":0,"4":0},"f":{"0":0,"1":0,"2":0,"3":0},"b":{"0":[0,0],"1":[0,0],"2":[0,0]},"_coverageSchema":"43e27e138ebf9cfc5966b082cf9a028302ed4184","hash":"55ea586456e5bd18bbb4f3df55346288cc740cf1"}
}
