{"C:\\Users\\Syneva\\Development\\onto-real-life\\source\\js\\components\\AboutMe\\AboutMe.jsx": {"path":"C:\\Users\\Syneva\\Development\\onto-real-life\\source\\js\\components\\AboutMe\\AboutMe.jsx","statementMap":{"0":{"start":{"line":6,"column":4},"end":{"line":30,"column":6}}},"fnMap":{"0":{"name":"(anonymous_0)","decl":{"start":{"line":5,"column":2},"end":{"line":5,"column":3}},"loc":{"start":{"line":5,"column":11},"end":{"line":31,"column":3}},"line":5}},"branchMap":{},"s":{"0":1},"f":{"0":1},"b":{},"_coverageSchema":"332fd63041d2c1bcb487cc26dd0d5f7d97098a6c","hash":"e880a91e9ca750d62ef0c98301b07669367b4937"}
,"C:\\Users\\Syneva\\Development\\onto-real-life\\source\\js\\components\\BlogPosts\\PostContent.jsx": {"path":"C:\\Users\\Syneva\\Development\\onto-real-life\\source\\js\\components\\BlogPosts\\PostContent.jsx","statementMap":{"0":{"start":{"line":18,"column":18},"end":{"line":21,"column":1}},"1":{"start":{"line":23,"column":21},"end":{"line":26,"column":1}},"2":{"start":{"line":30,"column":4},"end":{"line":30,"column":17}},"3":{"start":{"line":32,"column":4},"end":{"line":36,"column":6}},"4":{"start":{"line":38,"column":4},"end":{"line":38,"column":50}},"5":{"start":{"line":42,"column":4},"end":{"line":42,"column":63}},"6":{"start":{"line":47,"column":4},"end":{"line":61,"column":6}},"7":{"start":{"line":65,"column":0},"end":{"line":65,"column":34}},"8":{"start":{"line":66,"column":0},"end":{"line":66,"column":40}}},"fnMap":{"0":{"name":"(anonymous_0)","decl":{"start":{"line":29,"column":2},"end":{"line":29,"column":3}},"loc":{"start":{"line":29,"column":21},"end":{"line":39,"column":3}},"line":29},"1":{"name":"(anonymous_1)","decl":{"start":{"line":41,"column":2},"end":{"line":41,"column":3}},"loc":{"start":{"line":41,"column":13},"end":{"line":43,"column":3}},"line":41},"2":{"name":"(anonymous_2)","decl":{"start":{"line":46,"column":2},"end":{"line":46,"column":3}},"loc":{"start":{"line":46,"column":11},"end":{"line":62,"column":3}},"line":46}},"branchMap":{},"s":{"0":12,"1":12,"2":2,"3":2,"4":2,"5":1,"6":3,"7":12,"8":12},"f":{"0":2,"1":1,"2":3},"b":{},"_coverageSchema":"332fd63041d2c1bcb487cc26dd0d5f7d97098a6c","hash":"c3b3ed79b179d9016bd523bd37dbe5f07c72a246"}
,"C:\\Users\\Syneva\\Development\\onto-real-life\\source\\js\\components\\BlogPosts\\PostContextNav.jsx": {"path":"C:\\Users\\Syneva\\Development\\onto-real-life\\source\\js\\components\\BlogPosts\\PostContextNav.jsx","statementMap":{"0":{"start":{"line":5,"column":18},"end":{"line":8,"column":1}},"1":{"start":{"line":10,"column":21},"end":{"line":13,"column":1}},"2":{"start":{"line":16,"column":20},"end":{"line":33,"column":3}},"3":{"start":{"line":17,"column":4},"end":{"line":32,"column":6}},"4":{"start":{"line":35,"column":2},"end":{"line":56,"column":4}},"5":{"start":{"line":59,"column":0},"end":{"line":59,"column":37}},"6":{"start":{"line":60,"column":0},"end":{"line":60,"column":43}}},"fnMap":{"0":{"name":"PostContextNav","decl":{"start":{"line":15,"column":24},"end":{"line":15,"column":38}},"loc":{"start":{"line":15,"column":46},"end":{"line":57,"column":1}},"line":15},"1":{"name":"(anonymous_1)","decl":{"start":{"line":16,"column":20},"end":{"line":16,"column":21}},"loc":{"start":{"line":16,"column":70},"end":{"line":33,"column":3}},"line":16}},"branchMap":{"0":{"loc":{"start":{"line":26,"column":9},"end":{"line":30,"column":16}},"type":"cond-expr","locations":[{"start":{"line":27,"column":12},"end":{"line":29,"column":17}},{"start":{"line":30,"column":12},"end":{"line":30,"column":16}}],"line":26},"1":{"loc":{"start":{"line":37,"column":7},"end":{"line":45,"column":14}},"type":"cond-expr","locations":[{"start":{"line":38,"column":10},"end":{"line":44,"column":11}},{"start":{"line":45,"column":10},"end":{"line":45,"column":14}}],"line":37},"2":{"loc":{"start":{"line":46,"column":7},"end":{"line":54,"column":14}},"type":"cond-expr","locations":[{"start":{"line":47,"column":10},"end":{"line":53,"column":11}},{"start":{"line":54,"column":10},"end":{"line":54,"column":14}}],"line":46}},"s":{"0":12,"1":12,"2":8,"3":4,"4":8,"5":12,"6":12},"f":{"0":8,"1":4},"b":{"0":[3,1],"1":[3,5],"2":[1,7]},"_coverageSchema":"332fd63041d2c1bcb487cc26dd0d5f7d97098a6c","hash":"7d0a09d545fbfdb932e7b2ce421a9693085c502b"}
,"C:\\Users\\Syneva\\Development\\onto-real-life\\source\\js\\components\\BlogPosts\\PostPreviewer.jsx": {"path":"C:\\Users\\Syneva\\Development\\onto-real-life\\source\\js\\components\\BlogPosts\\PostPreviewer.jsx","statementMap":{"0":{"start":{"line":5,"column":18},"end":{"line":10,"column":1}},"1":{"start":{"line":12,"column":21},"end":{"line":17,"column":1}},"2":{"start":{"line":21,"column":4},"end":{"line":45,"column":6}},"3":{"start":{"line":49,"column":0},"end":{"line":49,"column":36}},"4":{"start":{"line":50,"column":0},"end":{"line":50,"column":42}}},"fnMap":{"0":{"name":"(anonymous_0)","decl":{"start":{"line":20,"column":2},"end":{"line":20,"column":3}},"loc":{"start":{"line":20,"column":11},"end":{"line":46,"column":3}},"line":20}},"branchMap":{"0":{"loc":{"start":{"line":38,"column":11},"end":{"line":42,"column":18}},"type":"cond-expr","locations":[{"start":{"line":39,"column":14},"end":{"line":41,"column":19}},{"start":{"line":42,"column":14},"end":{"line":42,"column":18}}],"line":38}},"s":{"0":13,"1":13,"2":3,"3":13,"4":13},"f":{"0":3},"b":{"0":[1,2]},"_coverageSchema":"332fd63041d2c1bcb487cc26dd0d5f7d97098a6c","hash":"74e0d60248298a9ac98811130facecf0868f90d5"}
,"C:\\Users\\Syneva\\Development\\onto-real-life\\source\\js\\components\\BlogPosts\\PostTitle.jsx": {"path":"C:\\Users\\Syneva\\Development\\onto-real-life\\source\\js\\components\\BlogPosts\\PostTitle.jsx","statementMap":{"0":{"start":{"line":4,"column":18},"end":{"line":9,"column":1}},"1":{"start":{"line":11,"column":21},"end":{"line":16,"column":1}},"2":{"start":{"line":19,"column":2},"end":{"line":39,"column":4}},"3":{"start":{"line":42,"column":0},"end":{"line":42,"column":32}},"4":{"start":{"line":43,"column":0},"end":{"line":43,"column":38}}},"fnMap":{"0":{"name":"PostTitle","decl":{"start":{"line":18,"column":24},"end":{"line":18,"column":33}},"loc":{"start":{"line":18,"column":41},"end":{"line":40,"column":1}},"line":18}},"branchMap":{"0":{"loc":{"start":{"line":33,"column":7},"end":{"line":37,"column":14}},"type":"cond-expr","locations":[{"start":{"line":34,"column":10},"end":{"line":36,"column":15}},{"start":{"line":37,"column":10},"end":{"line":37,"column":14}}],"line":33}},"s":{"0":13,"1":13,"2":3,"3":13,"4":13},"f":{"0":3},"b":{"0":[1,2]},"_coverageSchema":"332fd63041d2c1bcb487cc26dd0d5f7d97098a6c","hash":"f5eb00d56e729a7e8d1f2d81dfb51a41b540b38d"}
,"C:\\Users\\Syneva\\Development\\onto-real-life\\source\\js\\components\\Carousel\\Carousel.jsx": {"path":"C:\\Users\\Syneva\\Development\\onto-real-life\\source\\js\\components\\Carousel\\Carousel.jsx","statementMap":{"0":{"start":{"line":5,"column":18},"end":{"line":8,"column":1}},"1":{"start":{"line":10,"column":21},"end":{"line":13,"column":1}},"2":{"start":{"line":17,"column":8},"end":{"line":17,"column":21}},"3":{"start":{"line":18,"column":8},"end":{"line":18,"column":31}},"4":{"start":{"line":20,"column":8},"end":{"line":22,"column":9}},"5":{"start":{"line":24,"column":8},"end":{"line":24,"column":56}},"6":{"start":{"line":28,"column":8},"end":{"line":28,"column":83}},"7":{"start":{"line":32,"column":8},"end":{"line":32,"column":39}},"8":{"start":{"line":36,"column":34},"end":{"line":36,"column":84}},"9":{"start":{"line":37,"column":8},"end":{"line":39,"column":10}},"10":{"start":{"line":43,"column":8},"end":{"line":69,"column":9}},"11":{"start":{"line":48,"column":42},"end":{"line":48,"column":59}},"12":{"start":{"line":49,"column":20},"end":{"line":58,"column":21}},"13":{"start":{"line":50,"column":24},"end":{"line":50,"column":69}},"14":{"start":{"line":51,"column":27},"end":{"line":58,"column":21}},"15":{"start":{"line":54,"column":24},"end":{"line":54,"column":67}},"16":{"start":{"line":55,"column":27},"end":{"line":58,"column":21}},"17":{"start":{"line":57,"column":24},"end":{"line":57,"column":67}},"18":{"start":{"line":59,"column":20},"end":{"line":65,"column":26}},"19":{"start":{"line":73,"column":0},"end":{"line":73,"column":31}},"20":{"start":{"line":74,"column":0},"end":{"line":74,"column":37}}},"fnMap":{"0":{"name":"(anonymous_0)","decl":{"start":{"line":16,"column":4},"end":{"line":16,"column":5}},"loc":{"start":{"line":16,"column":23},"end":{"line":25,"column":5}},"line":16},"1":{"name":"(anonymous_1)","decl":{"start":{"line":27,"column":4},"end":{"line":27,"column":5}},"loc":{"start":{"line":27,"column":29},"end":{"line":29,"column":5}},"line":27},"2":{"name":"(anonymous_2)","decl":{"start":{"line":31,"column":4},"end":{"line":31,"column":5}},"loc":{"start":{"line":31,"column":27},"end":{"line":33,"column":5}},"line":31},"3":{"name":"(anonymous_3)","decl":{"start":{"line":35,"column":4},"end":{"line":35,"column":5}},"loc":{"start":{"line":35,"column":16},"end":{"line":40,"column":5}},"line":35},"4":{"name":"(anonymous_4)","decl":{"start":{"line":42,"column":4},"end":{"line":42,"column":5}},"loc":{"start":{"line":42,"column":14},"end":{"line":70,"column":5}},"line":42},"5":{"name":"(anonymous_5)","decl":{"start":{"line":47,"column":40},"end":{"line":47,"column":41}},"loc":{"start":{"line":47,"column":58},"end":{"line":66,"column":17}},"line":47}},"branchMap":{"0":{"loc":{"start":{"line":49,"column":20},"end":{"line":58,"column":21}},"type":"if","locations":[{"start":{"line":49,"column":20},"end":{"line":58,"column":21}},{"start":{"line":49,"column":20},"end":{"line":58,"column":21}}],"line":49},"1":{"loc":{"start":{"line":51,"column":27},"end":{"line":58,"column":21}},"type":"if","locations":[{"start":{"line":51,"column":27},"end":{"line":58,"column":21}},{"start":{"line":51,"column":27},"end":{"line":58,"column":21}}],"line":51},"2":{"loc":{"start":{"line":52,"column":24},"end":{"line":53,"column":83}},"type":"binary-expr","locations":[{"start":{"line":52,"column":24},"end":{"line":52,"column":54}},{"start":{"line":53,"column":21},"end":{"line":53,"column":56}},{"start":{"line":53,"column":60},"end":{"line":53,"column":82}}],"line":52},"3":{"loc":{"start":{"line":55,"column":27},"end":{"line":58,"column":21}},"type":"if","locations":[{"start":{"line":55,"column":27},"end":{"line":58,"column":21}},{"start":{"line":55,"column":27},"end":{"line":58,"column":21}}],"line":55},"4":{"loc":{"start":{"line":55,"column":31},"end":{"line":56,"column":85}},"type":"binary-expr","locations":[{"start":{"line":55,"column":31},"end":{"line":55,"column":60}},{"start":{"line":56,"column":21},"end":{"line":56,"column":31}},{"start":{"line":56,"column":35},"end":{"line":56,"column":84}}],"line":55}},"s":{"0":13,"1":13,"2":2,"3":2,"4":2,"5":2,"6":0,"7":0,"8":0,"9":0,"10":2,"11":6,"12":6,"13":2,"14":4,"15":2,"16":2,"17":2,"18":6,"19":13,"20":13},"f":{"0":2,"1":0,"2":0,"3":0,"4":2,"5":6},"b":{"0":[2,4],"1":[2,2],"2":[4,4,2],"3":[2,0],"4":[2,0,0]},"_coverageSchema":"332fd63041d2c1bcb487cc26dd0d5f7d97098a6c","hash":"d6b6cb437d3c27f0378aef770fc1cc3a1bc35ff6"}
,"C:\\Users\\Syneva\\Development\\onto-real-life\\source\\js\\components\\Contact\\ContactMsg.jsx": {"path":"C:\\Users\\Syneva\\Development\\onto-real-life\\source\\js\\components\\Contact\\ContactMsg.jsx","statementMap":{"0":{"start":{"line":3,"column":17},"end":{"line":5,"column":1}},"1":{"start":{"line":4,"column":2},"end":{"line":4,"column":17}},"2":{"start":{"line":7,"column":16},"end":{"line":7,"column":41}},"3":{"start":{"line":11,"column":4},"end":{"line":11,"column":17}},"4":{"start":{"line":12,"column":4},"end":{"line":16,"column":6}},"5":{"start":{"line":18,"column":4},"end":{"line":18,"column":66}},"6":{"start":{"line":19,"column":4},"end":{"line":19,"column":68}},"7":{"start":{"line":20,"column":4},"end":{"line":20,"column":58}},"8":{"start":{"line":21,"column":4},"end":{"line":21,"column":50}},"9":{"start":{"line":25,"column":21},"end":{"line":25,"column":35}},"10":{"start":{"line":26,"column":25},"end":{"line":26,"column":27}},"11":{"start":{"line":27,"column":4},"end":{"line":27,"column":35}},"12":{"start":{"line":29,"column":4},"end":{"line":29,"column":32}},"13":{"start":{"line":33,"column":4},"end":{"line":38,"column":5}},"14":{"start":{"line":34,"column":6},"end":{"line":37,"column":8}},"15":{"start":{"line":40,"column":4},"end":{"line":46,"column":5}},"16":{"start":{"line":41,"column":6},"end":{"line":45,"column":8}},"17":{"start":{"line":48,"column":4},"end":{"line":51,"column":6}},"18":{"start":{"line":55,"column":4},"end":{"line":55,"column":23}},"19":{"start":{"line":56,"column":4},"end":{"line":56,"column":24}},"20":{"start":{"line":58,"column":4},"end":{"line":72,"column":5}},"21":{"start":{"line":65,"column":6},"end":{"line":69,"column":8}},"22":{"start":{"line":70,"column":6},"end":{"line":70,"column":23}},"23":{"start":{"line":71,"column":6},"end":{"line":71,"column":13}},"24":{"start":{"line":74,"column":4},"end":{"line":77,"column":7}},"25":{"start":{"line":81,"column":23},"end":{"line":81,"column":87}},"26":{"start":{"line":84,"column":4},"end":{"line":90,"column":7}},"27":{"start":{"line":94,"column":4},"end":{"line":94,"column":65}},"28":{"start":{"line":98,"column":4},"end":{"line":104,"column":7}},"29":{"start":{"line":108,"column":26},"end":{"line":111,"column":5}},"30":{"start":{"line":112,"column":4},"end":{"line":147,"column":6}}},"fnMap":{"0":{"name":"(anonymous_0)","decl":{"start":{"line":3,"column":17},"end":{"line":3,"column":18}},"loc":{"start":{"line":3,"column":33},"end":{"line":5,"column":1}},"line":3},"1":{"name":"(anonymous_1)","decl":{"start":{"line":10,"column":2},"end":{"line":10,"column":3}},"loc":{"start":{"line":10,"column":21},"end":{"line":22,"column":3}},"line":10},"2":{"name":"(anonymous_2)","decl":{"start":{"line":24,"column":2},"end":{"line":24,"column":3}},"loc":{"start":{"line":24,"column":21},"end":{"line":30,"column":3}},"line":24},"3":{"name":"(anonymous_3)","decl":{"start":{"line":32,"column":2},"end":{"line":32,"column":3}},"loc":{"start":{"line":32,"column":37},"end":{"line":52,"column":3}},"line":32},"4":{"name":"(anonymous_4)","decl":{"start":{"line":54,"column":2},"end":{"line":54,"column":3}},"loc":{"start":{"line":54,"column":16},"end":{"line":78,"column":3}},"line":54},"5":{"name":"(anonymous_5)","decl":{"start":{"line":80,"column":2},"end":{"line":80,"column":3}},"loc":{"start":{"line":80,"column":36},"end":{"line":91,"column":3}},"line":80},"6":{"name":"(anonymous_6)","decl":{"start":{"line":88,"column":15},"end":{"line":88,"column":16}},"loc":{"start":{"line":88,"column":21},"end":{"line":88,"column":23}},"line":88},"7":{"name":"(anonymous_7)","decl":{"start":{"line":89,"column":13},"end":{"line":89,"column":14}},"loc":{"start":{"line":89,"column":19},"end":{"line":89,"column":21}},"line":89},"8":{"name":"(anonymous_8)","decl":{"start":{"line":93,"column":2},"end":{"line":93,"column":3}},"loc":{"start":{"line":93,"column":38},"end":{"line":95,"column":3}},"line":93},"9":{"name":"(anonymous_9)","decl":{"start":{"line":97,"column":2},"end":{"line":97,"column":3}},"loc":{"start":{"line":97,"column":14},"end":{"line":105,"column":3}},"line":97},"10":{"name":"(anonymous_10)","decl":{"start":{"line":107,"column":2},"end":{"line":107,"column":3}},"loc":{"start":{"line":107,"column":11},"end":{"line":148,"column":3}},"line":107}},"branchMap":{"0":{"loc":{"start":{"line":33,"column":4},"end":{"line":38,"column":5}},"type":"if","locations":[{"start":{"line":33,"column":4},"end":{"line":38,"column":5}},{"start":{"line":33,"column":4},"end":{"line":38,"column":5}}],"line":33},"1":{"loc":{"start":{"line":40,"column":4},"end":{"line":46,"column":5}},"type":"if","locations":[{"start":{"line":40,"column":4},"end":{"line":46,"column":5}},{"start":{"line":40,"column":4},"end":{"line":46,"column":5}}],"line":40},"2":{"loc":{"start":{"line":58,"column":4},"end":{"line":72,"column":5}},"type":"if","locations":[{"start":{"line":58,"column":4},"end":{"line":72,"column":5}},{"start":{"line":58,"column":4},"end":{"line":72,"column":5}}],"line":58},"3":{"loc":{"start":{"line":94,"column":11},"end":{"line":94,"column":64}},"type":"binary-expr","locations":[{"start":{"line":94,"column":11},"end":{"line":94,"column":28}},{"start":{"line":94,"column":32},"end":{"line":94,"column":47}},{"start":{"line":94,"column":51},"end":{"line":94,"column":64}}],"line":94}},"s":{"0":14,"1":5,"2":14,"3":7,"4":7,"5":7,"6":7,"7":7,"8":7,"9":1,"10":1,"11":1,"12":1,"13":11,"14":2,"15":9,"16":1,"17":8,"18":3,"19":3,"20":3,"21":1,"22":1,"23":1,"24":2,"25":2,"26":2,"27":3,"28":1,"29":11,"30":11},"f":{"0":5,"1":7,"2":1,"3":11,"4":3,"5":2,"6":0,"7":2,"8":3,"9":1,"10":11},"b":{"0":[2,9],"1":[1,8],"2":[1,2],"3":[3,1,1]},"_coverageSchema":"332fd63041d2c1bcb487cc26dd0d5f7d97098a6c","hash":"6830a1c04492908de74d29ccd4d1e1b241f82991"}
,"C:\\Users\\Syneva\\Development\\onto-real-life\\source\\js\\components\\Global\\Header.jsx": {"path":"C:\\Users\\Syneva\\Development\\onto-real-life\\source\\js\\components\\Global\\Header.jsx","statementMap":{"0":{"start":{"line":6,"column":18},"end":{"line":8,"column":1}},"1":{"start":{"line":10,"column":21},"end":{"line":14,"column":1}},"2":{"start":{"line":18,"column":4},"end":{"line":27,"column":6}},"3":{"start":{"line":31,"column":0},"end":{"line":31,"column":29}},"4":{"start":{"line":32,"column":0},"end":{"line":32,"column":35}}},"fnMap":{"0":{"name":"(anonymous_0)","decl":{"start":{"line":17,"column":2},"end":{"line":17,"column":3}},"loc":{"start":{"line":17,"column":11},"end":{"line":28,"column":3}},"line":17}},"branchMap":{},"s":{"0":12,"1":12,"2":1,"3":12,"4":12},"f":{"0":1},"b":{},"_coverageSchema":"332fd63041d2c1bcb487cc26dd0d5f7d97098a6c","hash":"c9b54c3c275ab11272a7d562d0978ee745c2e0c3"}
,"C:\\Users\\Syneva\\Development\\onto-real-life\\source\\js\\components\\Global\\Menu.jsx": {"path":"C:\\Users\\Syneva\\Development\\onto-real-life\\source\\js\\components\\Global\\Menu.jsx","statementMap":{"0":{"start":{"line":7,"column":4},"end":{"line":7,"column":12}},"1":{"start":{"line":8,"column":4},"end":{"line":10,"column":6}},"2":{"start":{"line":12,"column":4},"end":{"line":12,"column":54}},"3":{"start":{"line":16,"column":4},"end":{"line":16,"column":53}},"4":{"start":{"line":17,"column":4},"end":{"line":19,"column":7}},"5":{"start":{"line":23,"column":4},"end":{"line":27,"column":5}},"6":{"start":{"line":25,"column":6},"end":{"line":25,"column":63}},"7":{"start":{"line":26,"column":6},"end":{"line":26,"column":13}},"8":{"start":{"line":28,"column":4},"end":{"line":28,"column":64}},"9":{"start":{"line":32,"column":4},"end":{"line":32,"column":46}},"10":{"start":{"line":36,"column":27},"end":{"line":38,"column":19}},"11":{"start":{"line":40,"column":4},"end":{"line":84,"column":6}}},"fnMap":{"0":{"name":"(anonymous_0)","decl":{"start":{"line":6,"column":2},"end":{"line":6,"column":3}},"loc":{"start":{"line":6,"column":16},"end":{"line":13,"column":3}},"line":6},"1":{"name":"(anonymous_1)","decl":{"start":{"line":15,"column":2},"end":{"line":15,"column":3}},"loc":{"start":{"line":15,"column":15},"end":{"line":20,"column":3}},"line":15},"2":{"name":"(anonymous_2)","decl":{"start":{"line":22,"column":2},"end":{"line":22,"column":3}},"loc":{"start":{"line":22,"column":37},"end":{"line":29,"column":3}},"line":22},"3":{"name":"(anonymous_3)","decl":{"start":{"line":31,"column":2},"end":{"line":31,"column":3}},"loc":{"start":{"line":31,"column":33},"end":{"line":33,"column":3}},"line":31},"4":{"name":"(anonymous_4)","decl":{"start":{"line":35,"column":2},"end":{"line":35,"column":3}},"loc":{"start":{"line":35,"column":11},"end":{"line":85,"column":3}},"line":35}},"branchMap":{"0":{"loc":{"start":{"line":23,"column":4},"end":{"line":27,"column":5}},"type":"if","locations":[{"start":{"line":23,"column":4},"end":{"line":27,"column":5}},{"start":{"line":23,"column":4},"end":{"line":27,"column":5}}],"line":23},"1":{"loc":{"start":{"line":36,"column":27},"end":{"line":38,"column":19}},"type":"cond-expr","locations":[{"start":{"line":37,"column":8},"end":{"line":37,"column":32}},{"start":{"line":38,"column":8},"end":{"line":38,"column":19}}],"line":36}},"s":{"0":1,"1":1,"2":1,"3":2,"4":2,"5":2,"6":1,"7":1,"8":1,"9":3,"10":3,"11":3},"f":{"0":1,"1":2,"2":2,"3":3,"4":3},"b":{"0":[1,1],"1":[1,2]},"_coverageSchema":"332fd63041d2c1bcb487cc26dd0d5f7d97098a6c","hash":"ce5ae297de4647213a7ffea871c4375a2fe50bf6"}
,"C:\\Users\\Syneva\\Development\\onto-real-life\\source\\js\\components\\Global\\NotFound.jsx": {"path":"C:\\Users\\Syneva\\Development\\onto-real-life\\source\\js\\components\\Global\\NotFound.jsx","statementMap":{"0":{"start":{"line":4,"column":2},"end":{"line":6,"column":4}}},"fnMap":{"0":{"name":"NotFound","decl":{"start":{"line":3,"column":24},"end":{"line":3,"column":32}},"loc":{"start":{"line":3,"column":35},"end":{"line":7,"column":1}},"line":3}},"branchMap":{},"s":{"0":1},"f":{"0":1},"b":{},"_coverageSchema":"332fd63041d2c1bcb487cc26dd0d5f7d97098a6c","hash":"10ea90024ba290bb7eb5e077e9e7331874b046b4"}
,"C:\\Users\\Syneva\\Development\\onto-real-life\\source\\js\\components\\Global\\ResponsiveImg.jsx": {"path":"C:\\Users\\Syneva\\Development\\onto-real-life\\source\\js\\components\\Global\\ResponsiveImg.jsx","statementMap":{"0":{"start":{"line":4,"column":18},"end":{"line":9,"column":1}},"1":{"start":{"line":11,"column":21},"end":{"line":16,"column":1}},"2":{"start":{"line":19,"column":2},"end":{"line":30,"column":4}},"3":{"start":{"line":33,"column":0},"end":{"line":33,"column":36}},"4":{"start":{"line":34,"column":0},"end":{"line":34,"column":42}}},"fnMap":{"0":{"name":"ResponsiveImg","decl":{"start":{"line":18,"column":24},"end":{"line":18,"column":37}},"loc":{"start":{"line":18,"column":45},"end":{"line":31,"column":1}},"line":18}},"branchMap":{},"s":{"0":13,"1":13,"2":1,"3":13,"4":13},"f":{"0":1},"b":{},"_coverageSchema":"332fd63041d2c1bcb487cc26dd0d5f7d97098a6c","hash":"9ab6d734de8ca416fcf72c56d7318290ce4e492f"}
,"C:\\Users\\Syneva\\Development\\onto-real-life\\source\\js\\components\\Global\\Title.jsx": {"path":"C:\\Users\\Syneva\\Development\\onto-real-life\\source\\js\\components\\Global\\Title.jsx","statementMap":{"0":{"start":{"line":7,"column":4},"end":{"line":21,"column":6}}},"fnMap":{"0":{"name":"(anonymous_0)","decl":{"start":{"line":6,"column":2},"end":{"line":6,"column":3}},"loc":{"start":{"line":6,"column":11},"end":{"line":22,"column":3}},"line":6}},"branchMap":{},"s":{"0":1},"f":{"0":1},"b":{},"_coverageSchema":"332fd63041d2c1bcb487cc26dd0d5f7d97098a6c","hash":"f4c0ca8fe3b204d4ecac23fb1fcb4bff19b952bc"}
,"C:\\Users\\Syneva\\Development\\onto-real-life\\source\\js\\components\\Global\\Video.jsx": {"path":"C:\\Users\\Syneva\\Development\\onto-real-life\\source\\js\\components\\Global\\Video.jsx","statementMap":{"0":{"start":{"line":4,"column":18},"end":{"line":7,"column":1}},"1":{"start":{"line":9,"column":22},"end":{"line":12,"column":1}},"2":{"start":{"line":15,"column":2},"end":{"line":15,"column":79}},"3":{"start":{"line":18,"column":0},"end":{"line":18,"column":28}},"4":{"start":{"line":19,"column":0},"end":{"line":19,"column":36}}},"fnMap":{"0":{"name":"Video","decl":{"start":{"line":14,"column":24},"end":{"line":14,"column":29}},"loc":{"start":{"line":14,"column":37},"end":{"line":16,"column":1}},"line":14}},"branchMap":{},"s":{"0":13,"1":13,"2":1,"3":13,"4":13},"f":{"0":1},"b":{},"_coverageSchema":"332fd63041d2c1bcb487cc26dd0d5f7d97098a6c","hash":"06678b4683e7ef699841176b012ac97a033eee7e"}
,"C:\\Users\\Syneva\\Development\\onto-real-life\\source\\js\\components\\SearchPosts\\PredictiveSuggestions.jsx": {"path":"C:\\Users\\Syneva\\Development\\onto-real-life\\source\\js\\components\\SearchPosts\\PredictiveSuggestions.jsx","statementMap":{"0":{"start":{"line":5,"column":18},"end":{"line":8,"column":1}},"1":{"start":{"line":9,"column":21},"end":{"line":12,"column":1}},"2":{"start":{"line":14,"column":32},"end":{"line":24,"column":1}},"3":{"start":{"line":15,"column":4},"end":{"line":23,"column":5}},"4":{"start":{"line":18,"column":16},"end":{"line":20,"column":25}},"5":{"start":{"line":26,"column":35},"end":{"line":28,"column":1}},"6":{"start":{"line":27,"column":4},"end":{"line":27,"column":107}},"7":{"start":{"line":30,"column":4},"end":{"line":37,"column":5}},"8":{"start":{"line":40,"column":0},"end":{"line":40,"column":44}},"9":{"start":{"line":41,"column":0},"end":{"line":41,"column":50}}},"fnMap":{"0":{"name":"(anonymous_0)","decl":{"start":{"line":10,"column":17},"end":{"line":10,"column":18}},"loc":{"start":{"line":10,"column":23},"end":{"line":10,"column":25}},"line":10},"1":{"name":"(anonymous_1)","decl":{"start":{"line":14,"column":32},"end":{"line":14,"column":33}},"loc":{"start":{"line":14,"column":67},"end":{"line":24,"column":1}},"line":14},"2":{"name":"(anonymous_2)","decl":{"start":{"line":17,"column":29},"end":{"line":17,"column":30}},"loc":{"start":{"line":17,"column":40},"end":{"line":21,"column":13}},"line":17},"3":{"name":"(anonymous_3)","decl":{"start":{"line":26,"column":35},"end":{"line":26,"column":36}},"loc":{"start":{"line":26,"column":46},"end":{"line":28,"column":1}},"line":26},"4":{"name":"PredictiveSuggestions","decl":{"start":{"line":29,"column":24},"end":{"line":29,"column":45}},"loc":{"start":{"line":29,"column":53},"end":{"line":38,"column":1}},"line":29}},"branchMap":{"0":{"loc":{"start":{"line":32,"column":13},"end":{"line":34,"column":37}},"type":"cond-expr","locations":[{"start":{"line":33,"column":16},"end":{"line":33,"column":70}},{"start":{"line":34,"column":16},"end":{"line":34,"column":37}}],"line":32},"1":{"loc":{"start":{"line":32,"column":13},"end":{"line":32,"column":62}},"type":"binary-expr","locations":[{"start":{"line":32,"column":13},"end":{"line":32,"column":30}},{"start":{"line":32,"column":34},"end":{"line":32,"column":62}}],"line":32}},"s":{"0":13,"1":13,"2":13,"3":1,"4":3,"5":13,"6":1,"7":2,"8":13,"9":13},"f":{"0":0,"1":1,"2":3,"3":1,"4":2},"b":{"0":[1,1],"1":[2,1]},"_coverageSchema":"332fd63041d2c1bcb487cc26dd0d5f7d97098a6c","hash":"ff453aa547ada788cef7a60b7f6a8aedef4a9138"}
,"C:\\Users\\Syneva\\Development\\onto-real-life\\source\\js\\components\\SearchPosts\\SearchPosts.jsx": {"path":"C:\\Users\\Syneva\\Development\\onto-real-life\\source\\js\\components\\SearchPosts\\SearchPosts.jsx","statementMap":{"0":{"start":{"line":7,"column":4},"end":{"line":7,"column":17}},"1":{"start":{"line":8,"column":4},"end":{"line":8,"column":35}},"2":{"start":{"line":9,"column":4},"end":{"line":12,"column":6}},"3":{"start":{"line":14,"column":4},"end":{"line":14,"column":50}},"4":{"start":{"line":15,"column":4},"end":{"line":15,"column":56}},"5":{"start":{"line":19,"column":4},"end":{"line":22,"column":6}},"6":{"start":{"line":26,"column":23},"end":{"line":26,"column":37}},"7":{"start":{"line":27,"column":4},"end":{"line":29,"column":7}},"8":{"start":{"line":31,"column":4},"end":{"line":31,"column":92}},"9":{"start":{"line":35,"column":28},"end":{"line":35,"column":60}},"10":{"start":{"line":36,"column":4},"end":{"line":38,"column":7}},"11":{"start":{"line":42,"column":29},"end":{"line":43,"column":42}},"12":{"start":{"line":45,"column":4},"end":{"line":54,"column":6}}},"fnMap":{"0":{"name":"(anonymous_0)","decl":{"start":{"line":6,"column":2},"end":{"line":6,"column":3}},"loc":{"start":{"line":6,"column":21},"end":{"line":16,"column":3}},"line":6},"1":{"name":"(anonymous_1)","decl":{"start":{"line":18,"column":2},"end":{"line":18,"column":3}},"loc":{"start":{"line":18,"column":16},"end":{"line":23,"column":3}},"line":18},"2":{"name":"(anonymous_2)","decl":{"start":{"line":25,"column":2},"end":{"line":25,"column":3}},"loc":{"start":{"line":25,"column":14},"end":{"line":32,"column":3}},"line":25},"3":{"name":"(anonymous_3)","decl":{"start":{"line":34,"column":2},"end":{"line":34,"column":3}},"loc":{"start":{"line":34,"column":26},"end":{"line":39,"column":3}},"line":34},"4":{"name":"(anonymous_4)","decl":{"start":{"line":41,"column":2},"end":{"line":41,"column":3}},"loc":{"start":{"line":41,"column":11},"end":{"line":55,"column":3}},"line":41}},"branchMap":{"0":{"loc":{"start":{"line":31,"column":4},"end":{"line":31,"column":91}},"type":"cond-expr","locations":[{"start":{"line":31,"column":56},"end":{"line":31,"column":84}},{"start":{"line":31,"column":87},"end":{"line":31,"column":91}}],"line":31},"1":{"loc":{"start":{"line":42,"column":29},"end":{"line":43,"column":42}},"type":"cond-expr","locations":[{"start":{"line":43,"column":6},"end":{"line":43,"column":26}},{"start":{"line":43,"column":29},"end":{"line":43,"column":42}}],"line":42},"2":{"loc":{"start":{"line":42,"column":29},"end":{"line":42,"column":86}},"type":"binary-expr","locations":[{"start":{"line":42,"column":29},"end":{"line":42,"column":50}},{"start":{"line":42,"column":54},"end":{"line":42,"column":86}}],"line":42},"3":{"loc":{"start":{"line":49,"column":9},"end":{"line":51,"column":14}},"type":"cond-expr","locations":[{"start":{"line":50,"column":10},"end":{"line":50,"column":113}},{"start":{"line":51,"column":10},"end":{"line":51,"column":14}}],"line":49},"4":{"loc":{"start":{"line":49,"column":9},"end":{"line":49,"column":92}},"type":"binary-expr","locations":[{"start":{"line":49,"column":9},"end":{"line":49,"column":30}},{"start":{"line":49,"column":34},"end":{"line":49,"column":92}}],"line":49}},"s":{"0":4,"1":4,"2":4,"3":4,"4":4,"5":1,"6":2,"7":2,"8":2,"9":1,"10":1,"11":8,"12":8},"f":{"0":4,"1":1,"2":2,"3":1,"4":8},"b":{"0":[1,1],"1":[1,7],"2":[8,1],"3":[1,7],"4":[8,1]},"_coverageSchema":"332fd63041d2c1bcb487cc26dd0d5f7d97098a6c","hash":"32f726f95639a7cc6330ecbd2b5b493df9a08247"}
,"C:\\Users\\Syneva\\Development\\onto-real-life\\source\\js\\components\\Spinner\\Spinner.jsx": {"path":"C:\\Users\\Syneva\\Development\\onto-real-life\\source\\js\\components\\Spinner\\Spinner.jsx","statementMap":{"0":{"start":{"line":4,"column":18},"end":{"line":6,"column":1}},"1":{"start":{"line":8,"column":21},"end":{"line":15,"column":1}},"2":{"start":{"line":17,"column":18},"end":{"line":17,"column":24}},"3":{"start":{"line":21,"column":4},"end":{"line":21,"column":17}},"4":{"start":{"line":22,"column":4},"end":{"line":24,"column":5}},"5":{"start":{"line":23,"column":6},"end":{"line":23,"column":79}},"6":{"start":{"line":26,"column":4},"end":{"line":30,"column":6}},"7":{"start":{"line":32,"column":4},"end":{"line":32,"column":50}},"8":{"start":{"line":38,"column":4},"end":{"line":38,"column":57}},"9":{"start":{"line":39,"column":4},"end":{"line":39,"column":50}},"10":{"start":{"line":40,"column":4},"end":{"line":40,"column":56}},"11":{"start":{"line":44,"column":4},"end":{"line":44,"column":33}},"12":{"start":{"line":48,"column":19},"end":{"line":48,"column":27}},"13":{"start":{"line":49,"column":17},"end":{"line":49,"column":35}},"14":{"start":{"line":51,"column":29},"end":{"line":51,"column":63}},"15":{"start":{"line":52,"column":4},"end":{"line":52,"column":58}},"16":{"start":{"line":53,"column":28},"end":{"line":53,"column":70}},"17":{"start":{"line":55,"column":4},"end":{"line":55,"column":67}},"18":{"start":{"line":59,"column":4},"end":{"line":69,"column":6}},"19":{"start":{"line":73,"column":4},"end":{"line":80,"column":6}},"20":{"start":{"line":84,"column":4},"end":{"line":116,"column":6}},"21":{"start":{"line":120,"column":0},"end":{"line":120,"column":30}},"22":{"start":{"line":121,"column":0},"end":{"line":121,"column":36}}},"fnMap":{"0":{"name":"(anonymous_0)","decl":{"start":{"line":20,"column":2},"end":{"line":20,"column":3}},"loc":{"start":{"line":20,"column":21},"end":{"line":33,"column":3}},"line":20},"1":{"name":"(anonymous_1)","decl":{"start":{"line":37,"column":2},"end":{"line":37,"column":3}},"loc":{"start":{"line":37,"column":61},"end":{"line":41,"column":3}},"line":37},"2":{"name":"(anonymous_2)","decl":{"start":{"line":43,"column":2},"end":{"line":43,"column":3}},"loc":{"start":{"line":43,"column":33},"end":{"line":45,"column":3}},"line":43},"3":{"name":"(anonymous_3)","decl":{"start":{"line":47,"column":2},"end":{"line":47,"column":3}},"loc":{"start":{"line":47,"column":14},"end":{"line":56,"column":3}},"line":47},"4":{"name":"(anonymous_4)","decl":{"start":{"line":58,"column":2},"end":{"line":58,"column":3}},"loc":{"start":{"line":58,"column":46},"end":{"line":70,"column":3}},"line":58},"5":{"name":"(anonymous_5)","decl":{"start":{"line":72,"column":2},"end":{"line":72,"column":3}},"loc":{"start":{"line":72,"column":31},"end":{"line":81,"column":3}},"line":72},"6":{"name":"(anonymous_6)","decl":{"start":{"line":83,"column":2},"end":{"line":83,"column":3}},"loc":{"start":{"line":83,"column":11},"end":{"line":117,"column":3}},"line":83}},"branchMap":{"0":{"loc":{"start":{"line":22,"column":4},"end":{"line":24,"column":5}},"type":"if","locations":[{"start":{"line":22,"column":4},"end":{"line":24,"column":5}},{"start":{"line":22,"column":4},"end":{"line":24,"column":5}}],"line":22}},"s":{"0":14,"1":14,"2":14,"3":5,"4":5,"5":1,"6":4,"7":4,"8":1,"9":1,"10":1,"11":3,"12":1,"13":1,"14":1,"15":1,"16":1,"17":1,"18":12,"19":48,"20":4,"21":14,"22":14},"f":{"0":5,"1":1,"2":3,"3":1,"4":12,"5":48,"6":4},"b":{"0":[1,4]},"_coverageSchema":"332fd63041d2c1bcb487cc26dd0d5f7d97098a6c","hash":"df35965996c2d045e0a591246a51779e6c429cc9"}
,"C:\\Users\\Syneva\\Development\\onto-real-life\\source\\js\\utils\\img-rename.js": {"path":"C:\\Users\\Syneva\\Development\\onto-real-life\\source\\js\\utils\\img-rename.js","statementMap":{"0":{"start":{"line":6,"column":11},"end":{"line":6,"column":24}},"1":{"start":{"line":7,"column":15},"end":{"line":7,"column":32}},"2":{"start":{"line":8,"column":13},"end":{"line":8,"column":55}},"3":{"start":{"line":10,"column":18},"end":{"line":10,"column":23}},"4":{"start":{"line":11,"column":17},"end":{"line":11,"column":23}},"5":{"start":{"line":13,"column":2},"end":{"line":13,"column":92}},"6":{"start":{"line":14,"column":18},"end":{"line":14,"column":46}},"7":{"start":{"line":15,"column":19},"end":{"line":15,"column":31}},"8":{"start":{"line":17,"column":15},"end":{"line":36,"column":1}},"9":{"start":{"line":19,"column":2},"end":{"line":19,"column":71}},"10":{"start":{"line":22,"column":2},"end":{"line":35,"column":3}},"11":{"start":{"line":23,"column":4},"end":{"line":25,"column":6}},"12":{"start":{"line":26,"column":4},"end":{"line":34,"column":6}},"13":{"start":{"line":30,"column":8},"end":{"line":32,"column":9}},"14":{"start":{"line":31,"column":10},"end":{"line":31,"column":54}},"15":{"start":{"line":38,"column":0},"end":{"line":38,"column":62}}},"fnMap":{"0":{"name":"(anonymous_0)","decl":{"start":{"line":17,"column":15},"end":{"line":17,"column":16}},"loc":{"start":{"line":17,"column":74},"end":{"line":36,"column":1}},"line":17},"1":{"name":"(anonymous_1)","decl":{"start":{"line":29,"column":6},"end":{"line":29,"column":7}},"loc":{"start":{"line":29,"column":20},"end":{"line":33,"column":7}},"line":29}},"branchMap":{"0":{"loc":{"start":{"line":30,"column":8},"end":{"line":32,"column":9}},"type":"if","locations":[{"start":{"line":30,"column":8},"end":{"line":32,"column":9}},{"start":{"line":30,"column":8},"end":{"line":32,"column":9}}],"line":30}},"s":{"0":1,"1":1,"2":1,"3":1,"4":1,"5":1,"6":1,"7":1,"8":1,"9":2,"10":2,"11":6,"12":6,"13":0,"14":0,"15":1},"f":{"0":2,"1":0},"b":{"0":[0,0]},"_coverageSchema":"332fd63041d2c1bcb487cc26dd0d5f7d97098a6c","hash":"b47c60a11167af2c04ba258c498f5ff92c2c8644"}
,"C:\\Users\\Syneva\\Development\\onto-real-life\\source\\js\\utils\\post-helper.js": {"path":"C:\\Users\\Syneva\\Development\\onto-real-life\\source\\js\\utils\\post-helper.js","statementMap":{"0":{"start":{"line":2,"column":22},"end":{"line":2,"column":35}},"1":{"start":{"line":3,"column":24},"end":{"line":3,"column":38}},"2":{"start":{"line":6,"column":0},"end":{"line":10,"column":1}},"3":{"start":{"line":7,"column":2},"end":{"line":7,"column":41}},"4":{"start":{"line":9,"column":2},"end":{"line":9,"column":59}},"5":{"start":{"line":14,"column":4},"end":{"line":14,"column":27}},"6":{"start":{"line":15,"column":4},"end":{"line":15,"column":39}},"7":{"start":{"line":16,"column":4},"end":{"line":16,"column":35}},"8":{"start":{"line":21,"column":4},"end":{"line":25,"column":6}},"9":{"start":{"line":22,"column":6},"end":{"line":24,"column":7}},"10":{"start":{"line":23,"column":8},"end":{"line":23,"column":42}},"11":{"start":{"line":28,"column":23},"end":{"line":28,"column":41}},"12":{"start":{"line":29,"column":4},"end":{"line":32,"column":6}},"13":{"start":{"line":33,"column":4},"end":{"line":37,"column":6}},"14":{"start":{"line":38,"column":4},"end":{"line":38,"column":22}},"15":{"start":{"line":49,"column":0},"end":{"line":49,"column":80}}},"fnMap":{"0":{"name":"(anonymous_0)","decl":{"start":{"line":13,"column":2},"end":{"line":13,"column":3}},"loc":{"start":{"line":13,"column":51},"end":{"line":17,"column":3}},"line":13},"1":{"name":"(anonymous_1)","decl":{"start":{"line":19,"column":2},"end":{"line":19,"column":3}},"loc":{"start":{"line":19,"column":42},"end":{"line":26,"column":3}},"line":19},"2":{"name":"(anonymous_2)","decl":{"start":{"line":21,"column":11},"end":{"line":21,"column":12}},"loc":{"start":{"line":21,"column":22},"end":{"line":25,"column":5}},"line":21},"3":{"name":"(anonymous_3)","decl":{"start":{"line":27,"column":2},"end":{"line":27,"column":3}},"loc":{"start":{"line":27,"column":28},"end":{"line":39,"column":3}},"line":27},"4":{"name":"(anonymous_4)","decl":{"start":{"line":41,"column":2},"end":{"line":41,"column":3}},"loc":{"start":{"line":41,"column":28},"end":{"line":46,"column":3}},"line":41}},"branchMap":{"0":{"loc":{"start":{"line":6,"column":0},"end":{"line":10,"column":1}},"type":"if","locations":[{"start":{"line":6,"column":0},"end":{"line":10,"column":1}},{"start":{"line":6,"column":0},"end":{"line":10,"column":1}}],"line":6},"1":{"loc":{"start":{"line":22,"column":6},"end":{"line":24,"column":7}},"type":"if","locations":[{"start":{"line":22,"column":6},"end":{"line":24,"column":7}},{"start":{"line":22,"column":6},"end":{"line":24,"column":7}}],"line":22},"2":{"loc":{"start":{"line":22,"column":10},"end":{"line":22,"column":66}},"type":"binary-expr","locations":[{"start":{"line":22,"column":10},"end":{"line":22,"column":37}},{"start":{"line":22,"column":41},"end":{"line":22,"column":66}}],"line":22}},"s":{"0":13,"1":13,"2":13,"3":13,"4":0,"5":13,"6":13,"7":13,"8":2,"9":2,"10":1,"11":1,"12":1,"13":1,"14":1,"15":13},"f":{"0":13,"1":2,"2":2,"3":1,"4":0},"b":{"0":[13,0],"1":[1,1],"2":[2,1]},"_coverageSchema":"332fd63041d2c1bcb487cc26dd0d5f7d97098a6c","hash":"999ca815e7d3ed810012948b5b17e3d152627a8f"}
,"C:\\Users\\Syneva\\Development\\onto-real-life\\source\\js\\utils\\search-posts.js": {"path":"C:\\Users\\Syneva\\Development\\onto-real-life\\source\\js\\utils\\search-posts.js","statementMap":{"0":{"start":{"line":3,"column":23},"end":{"line":3,"column":54}},"1":{"start":{"line":8,"column":24},"end":{"line":12,"column":1}},"2":{"start":{"line":9,"column":22},"end":{"line":9,"column":64}},"3":{"start":{"line":10,"column":23},"end":{"line":10,"column":97}},"4":{"start":{"line":11,"column":4},"end":{"line":11,"column":34}},"5":{"start":{"line":17,"column":26},"end":{"line":36,"column":1}},"6":{"start":{"line":18,"column":21},"end":{"line":18,"column":60}},"7":{"start":{"line":20,"column":4},"end":{"line":22,"column":5}},"8":{"start":{"line":21,"column":8},"end":{"line":21,"column":26}},"9":{"start":{"line":25,"column":33},"end":{"line":25,"column":78}},"10":{"start":{"line":26,"column":21},"end":{"line":26,"column":81}},"11":{"start":{"line":27,"column":4},"end":{"line":27,"column":51}},"12":{"start":{"line":29,"column":4},"end":{"line":31,"column":5}},"13":{"start":{"line":30,"column":8},"end":{"line":30,"column":26}},"14":{"start":{"line":34,"column":23},"end":{"line":34,"column":61}},"15":{"start":{"line":35,"column":4},"end":{"line":35,"column":48}},"16":{"start":{"line":40,"column":24},"end":{"line":54,"column":1}},"17":{"start":{"line":41,"column":4},"end":{"line":41,"column":42}},"18":{"start":{"line":42,"column":4},"end":{"line":51,"column":5}},"19":{"start":{"line":43,"column":25},"end":{"line":43,"column":68}},"20":{"start":{"line":45,"column":8},"end":{"line":50,"column":9}},"21":{"start":{"line":48,"column":12},"end":{"line":48,"column":90}},"22":{"start":{"line":49,"column":12},"end":{"line":49,"column":69}},"23":{"start":{"line":53,"column":4},"end":{"line":53,"column":22}},"24":{"start":{"line":66,"column":8},"end":{"line":66,"column":23}},"25":{"start":{"line":68,"column":8},"end":{"line":68,"column":44}},"26":{"start":{"line":69,"column":8},"end":{"line":69,"column":27}},"27":{"start":{"line":71,"column":8},"end":{"line":81,"column":9}},"28":{"start":{"line":72,"column":12},"end":{"line":78,"column":15}},"29":{"start":{"line":73,"column":33},"end":{"line":73,"column":49}},"30":{"start":{"line":74,"column":30},"end":{"line":74,"column":61}},"31":{"start":{"line":75,"column":32},"end":{"line":75,"column":89}},"32":{"start":{"line":76,"column":29},"end":{"line":76,"column":63}},"33":{"start":{"line":77,"column":16},"end":{"line":77,"column":72}},"34":{"start":{"line":80,"column":12},"end":{"line":80,"column":115}},"35":{"start":{"line":83,"column":8},"end":{"line":83,"column":20}},"36":{"start":{"line":87,"column":8},"end":{"line":87,"column":49}},"37":{"start":{"line":88,"column":8},"end":{"line":88,"column":32}},"38":{"start":{"line":89,"column":8},"end":{"line":89,"column":31}},"39":{"start":{"line":90,"column":28},"end":{"line":90,"column":85}},"40":{"start":{"line":91,"column":8},"end":{"line":91,"column":51}},"41":{"start":{"line":92,"column":8},"end":{"line":92,"column":43}},"42":{"start":{"line":93,"column":8},"end":{"line":93,"column":63}},"43":{"start":{"line":93,"column":42},"end":{"line":93,"column":61}},"44":{"start":{"line":98,"column":8},"end":{"line":100,"column":9}},"45":{"start":{"line":99,"column":12},"end":{"line":99,"column":27}},"46":{"start":{"line":101,"column":25},"end":{"line":101,"column":27}},"47":{"start":{"line":102,"column":8},"end":{"line":102,"column":36}},"48":{"start":{"line":103,"column":8},"end":{"line":103,"column":48}},"49":{"start":{"line":109,"column":8},"end":{"line":120,"column":9}},"50":{"start":{"line":110,"column":26},"end":{"line":110,"column":56}},"51":{"start":{"line":111,"column":12},"end":{"line":111,"column":67}},"52":{"start":{"line":113,"column":12},"end":{"line":119,"column":13}},"53":{"start":{"line":114,"column":16},"end":{"line":116,"column":17}},"54":{"start":{"line":115,"column":20},"end":{"line":115,"column":57}},"55":{"start":{"line":118,"column":16},"end":{"line":118,"column":51}},"56":{"start":{"line":122,"column":8},"end":{"line":122,"column":26}},"57":{"start":{"line":126,"column":8},"end":{"line":128,"column":11}},"58":{"start":{"line":127,"column":12},"end":{"line":127,"column":66}},"59":{"start":{"line":132,"column":24},"end":{"line":132,"column":59}},"60":{"start":{"line":133,"column":0},"end":{"line":140,"column":1}}},"fnMap":{"0":{"name":"(anonymous_0)","decl":{"start":{"line":8,"column":24},"end":{"line":8,"column":25}},"loc":{"start":{"line":8,"column":82},"end":{"line":12,"column":1}},"line":8},"1":{"name":"(anonymous_1)","decl":{"start":{"line":17,"column":26},"end":{"line":17,"column":27}},"loc":{"start":{"line":17,"column":61},"end":{"line":36,"column":1}},"line":17},"2":{"name":"(anonymous_2)","decl":{"start":{"line":40,"column":24},"end":{"line":40,"column":25}},"loc":{"start":{"line":40,"column":45},"end":{"line":54,"column":1}},"line":40},"3":{"name":"(anonymous_3)","decl":{"start":{"line":57,"column":4},"end":{"line":57,"column":5}},"loc":{"start":{"line":57,"column":23},"end":{"line":58,"column":5}},"line":57},"4":{"name":"(anonymous_4)","decl":{"start":{"line":65,"column":4},"end":{"line":65,"column":5}},"loc":{"start":{"line":65,"column":23},"end":{"line":84,"column":5}},"line":65},"5":{"name":"(anonymous_5)","decl":{"start":{"line":72,"column":39},"end":{"line":72,"column":40}},"loc":{"start":{"line":72,"column":52},"end":{"line":78,"column":13}},"line":72},"6":{"name":"(anonymous_6)","decl":{"start":{"line":86,"column":4},"end":{"line":86,"column":5}},"loc":{"start":{"line":86,"column":21},"end":{"line":94,"column":5}},"line":86},"7":{"name":"(anonymous_7)","decl":{"start":{"line":93,"column":31},"end":{"line":93,"column":32}},"loc":{"start":{"line":93,"column":42},"end":{"line":93,"column":61}},"line":93},"8":{"name":"(anonymous_8)","decl":{"start":{"line":96,"column":4},"end":{"line":96,"column":5}},"loc":{"start":{"line":96,"column":45},"end":{"line":104,"column":5}},"line":96},"9":{"name":"(anonymous_9)","decl":{"start":{"line":108,"column":4},"end":{"line":108,"column":5}},"loc":{"start":{"line":108,"column":44},"end":{"line":123,"column":5}},"line":108},"10":{"name":"(anonymous_10)","decl":{"start":{"line":125,"column":4},"end":{"line":125,"column":5}},"loc":{"start":{"line":125,"column":36},"end":{"line":129,"column":5}},"line":125},"11":{"name":"(anonymous_11)","decl":{"start":{"line":126,"column":22},"end":{"line":126,"column":23}},"loc":{"start":{"line":126,"column":32},"end":{"line":128,"column":9}},"line":126}},"branchMap":{"0":{"loc":{"start":{"line":20,"column":4},"end":{"line":22,"column":5}},"type":"if","locations":[{"start":{"line":20,"column":4},"end":{"line":22,"column":5}},{"start":{"line":20,"column":4},"end":{"line":22,"column":5}}],"line":20},"1":{"loc":{"start":{"line":27,"column":17},"end":{"line":27,"column":50}},"type":"cond-expr","locations":[{"start":{"line":27,"column":37},"end":{"line":27,"column":45}},{"start":{"line":27,"column":48},"end":{"line":27,"column":50}}],"line":27},"2":{"loc":{"start":{"line":29,"column":4},"end":{"line":31,"column":5}},"type":"if","locations":[{"start":{"line":29,"column":4},"end":{"line":31,"column":5}},{"start":{"line":29,"column":4},"end":{"line":31,"column":5}}],"line":29},"3":{"loc":{"start":{"line":35,"column":11},"end":{"line":35,"column":47}},"type":"cond-expr","locations":[{"start":{"line":35,"column":32},"end":{"line":35,"column":42}},{"start":{"line":35,"column":45},"end":{"line":35,"column":47}}],"line":35},"4":{"loc":{"start":{"line":71,"column":8},"end":{"line":81,"column":9}},"type":"if","locations":[{"start":{"line":71,"column":8},"end":{"line":81,"column":9}},{"start":{"line":71,"column":8},"end":{"line":81,"column":9}}],"line":71},"5":{"loc":{"start":{"line":71,"column":11},"end":{"line":71,"column":46}},"type":"binary-expr","locations":[{"start":{"line":71,"column":11},"end":{"line":71,"column":16}},{"start":{"line":71,"column":20},"end":{"line":71,"column":46}}],"line":71},"6":{"loc":{"start":{"line":75,"column":32},"end":{"line":75,"column":89}},"type":"cond-expr","locations":[{"start":{"line":75,"column":51},"end":{"line":75,"column":84}},{"start":{"line":75,"column":87},"end":{"line":75,"column":89}}],"line":75},"7":{"loc":{"start":{"line":76,"column":29},"end":{"line":76,"column":63}},"type":"cond-expr","locations":[{"start":{"line":76,"column":45},"end":{"line":76,"column":58}},{"start":{"line":76,"column":61},"end":{"line":76,"column":63}}],"line":76},"8":{"loc":{"start":{"line":90,"column":28},"end":{"line":90,"column":85}},"type":"cond-expr","locations":[{"start":{"line":90,"column":52},"end":{"line":90,"column":80}},{"start":{"line":90,"column":83},"end":{"line":90,"column":85}}],"line":90},"9":{"loc":{"start":{"line":98,"column":8},"end":{"line":100,"column":9}},"type":"if","locations":[{"start":{"line":98,"column":8},"end":{"line":100,"column":9}},{"start":{"line":98,"column":8},"end":{"line":100,"column":9}}],"line":98},"10":{"loc":{"start":{"line":113,"column":12},"end":{"line":119,"column":13}},"type":"if","locations":[{"start":{"line":113,"column":12},"end":{"line":119,"column":13}},{"start":{"line":113,"column":12},"end":{"line":119,"column":13}}],"line":113},"11":{"loc":{"start":{"line":114,"column":16},"end":{"line":116,"column":17}},"type":"if","locations":[{"start":{"line":114,"column":16},"end":{"line":116,"column":17}},{"start":{"line":114,"column":16},"end":{"line":116,"column":17}}],"line":114}},"s":{"0":12,"1":12,"2":62,"3":62,"4":62,"5":12,"6":1222,"7":1222,"8":58,"9":1164,"10":1164,"11":1164,"12":1164,"13":2,"14":1162,"15":1162,"16":12,"17":232,"18":232,"19":1160,"20":1160,"21":59,"22":59,"23":232,"24":16,"25":16,"26":16,"27":16,"28":15,"29":124,"30":124,"31":124,"32":124,"33":124,"34":1,"35":16,"36":3,"37":3,"38":3,"39":3,"40":3,"41":3,"42":3,"43":3,"44":13169,"45":3068,"46":10101,"47":10101,"48":10101,"49":1843,"50":13169,"51":13169,"52":13169,"53":3068,"54":1887,"55":10101,"56":1843,"57":124,"58":1842,"59":12,"60":12},"f":{"0":62,"1":1222,"2":232,"3":0,"4":16,"5":124,"6":3,"7":3,"8":13169,"9":1843,"10":124,"11":1842},"b":{"0":[58,1164],"1":[2,1162],"2":[2,1162],"3":[2,1160],"4":[15,1],"5":[16,16],"6":[103,21],"7":[122,2],"8":[2,1],"9":[3068,10101],"10":[3068,10101],"11":[1887,1181]},"_coverageSchema":"332fd63041d2c1bcb487cc26dd0d5f7d97098a6c","hash":"7d0b7c2d9b3d59f23cfed04321b65a8b6c47273c"}
,"C:\\Users\\Syneva\\Development\\onto-real-life\\source\\js\\views\\About\\index.jsx": {"path":"C:\\Users\\Syneva\\Development\\onto-real-life\\source\\js\\views\\About\\index.jsx","statementMap":{"0":{"start":{"line":7,"column":4},"end":{"line":19,"column":6}}},"fnMap":{"0":{"name":"(anonymous_0)","decl":{"start":{"line":6,"column":2},"end":{"line":6,"column":3}},"loc":{"start":{"line":6,"column":11},"end":{"line":20,"column":3}},"line":6}},"branchMap":{},"s":{"0":1},"f":{"0":1},"b":{},"_coverageSchema":"332fd63041d2c1bcb487cc26dd0d5f7d97098a6c","hash":"96dc665ed63c1bd4cda1ccb114cc287f37696f4d"}
,"C:\\Users\\Syneva\\Development\\onto-real-life\\source\\js\\views\\App\\App.jsx": {"path":"C:\\Users\\Syneva\\Development\\onto-real-life\\source\\js\\views\\App\\App.jsx","statementMap":{"0":{"start":{"line":8,"column":18},"end":{"line":10,"column":1}},"1":{"start":{"line":12,"column":21},"end":{"line":16,"column":1}},"2":{"start":{"line":24,"column":4},"end":{"line":32,"column":6}},"3":{"start":{"line":36,"column":0},"end":{"line":36,"column":26}},"4":{"start":{"line":37,"column":0},"end":{"line":37,"column":32}}},"fnMap":{"0":{"name":"(anonymous_0)","decl":{"start":{"line":23,"column":2},"end":{"line":23,"column":3}},"loc":{"start":{"line":23,"column":11},"end":{"line":33,"column":3}},"line":23}},"branchMap":{},"s":{"0":12,"1":12,"2":2,"3":12,"4":12},"f":{"0":2},"b":{},"_coverageSchema":"332fd63041d2c1bcb487cc26dd0d5f7d97098a6c","hash":"97cbdce1102d64096ad7202d707ddcc1668213e7"}
,"C:\\Users\\Syneva\\Development\\onto-real-life\\source\\js\\views\\BlogPosts\\BlogPosts.jsx": {"path":"C:\\Users\\Syneva\\Development\\onto-real-life\\source\\js\\views\\BlogPosts\\BlogPosts.jsx","statementMap":{"0":{"start":{"line":9,"column":22},"end":{"line":9,"column":41}},"1":{"start":{"line":11,"column":18},"end":{"line":13,"column":1}},"2":{"start":{"line":15,"column":21},"end":{"line":19,"column":1}},"3":{"start":{"line":23,"column":4},"end":{"line":23,"column":17}},"4":{"start":{"line":25,"column":4},"end":{"line":25,"column":63}},"5":{"start":{"line":26,"column":4},"end":{"line":26,"column":47}},"6":{"start":{"line":29,"column":4},"end":{"line":30,"column":74}},"7":{"start":{"line":30,"column":6},"end":{"line":30,"column":73}},"8":{"start":{"line":34,"column":4},"end":{"line":35,"column":73}},"9":{"start":{"line":35,"column":6},"end":{"line":35,"column":72}},"10":{"start":{"line":39,"column":4},"end":{"line":44,"column":6}},"11":{"start":{"line":48,"column":0},"end":{"line":48,"column":32}},"12":{"start":{"line":49,"column":0},"end":{"line":49,"column":38}}},"fnMap":{"0":{"name":"(anonymous_0)","decl":{"start":{"line":22,"column":2},"end":{"line":22,"column":3}},"loc":{"start":{"line":22,"column":21},"end":{"line":27,"column":3}},"line":22},"1":{"name":"(anonymous_1)","decl":{"start":{"line":28,"column":2},"end":{"line":28,"column":3}},"loc":{"start":{"line":28,"column":24},"end":{"line":31,"column":3}},"line":28},"2":{"name":"(anonymous_2)","decl":{"start":{"line":29,"column":11},"end":{"line":29,"column":12}},"loc":{"start":{"line":30,"column":6},"end":{"line":30,"column":73}},"line":30},"3":{"name":"(anonymous_3)","decl":{"start":{"line":33,"column":2},"end":{"line":33,"column":3}},"loc":{"start":{"line":33,"column":30},"end":{"line":36,"column":3}},"line":33},"4":{"name":"(anonymous_4)","decl":{"start":{"line":34,"column":11},"end":{"line":34,"column":12}},"loc":{"start":{"line":35,"column":6},"end":{"line":35,"column":72}},"line":35},"5":{"name":"(anonymous_5)","decl":{"start":{"line":38,"column":2},"end":{"line":38,"column":3}},"loc":{"start":{"line":38,"column":11},"end":{"line":45,"column":3}},"line":38}},"branchMap":{},"s":{"0":12,"1":12,"2":12,"3":3,"4":3,"5":3,"6":4,"7":1,"8":4,"9":1,"10":3,"11":12,"12":12},"f":{"0":3,"1":4,"2":1,"3":4,"4":1,"5":3},"b":{},"_coverageSchema":"332fd63041d2c1bcb487cc26dd0d5f7d97098a6c","hash":"71f41f012f23aba194f2126e92bf55e5d3a4b600"}
,"C:\\Users\\Syneva\\Development\\onto-real-life\\source\\js\\views\\BlogPosts\\Post.jsx": {"path":"C:\\Users\\Syneva\\Development\\onto-real-life\\source\\js\\views\\BlogPosts\\Post.jsx","statementMap":{"0":{"start":{"line":9,"column":18},"end":{"line":13,"column":1}},"1":{"start":{"line":15,"column":21},"end":{"line":23,"column":1}},"2":{"start":{"line":27,"column":24},"end":{"line":30,"column":5}},"3":{"start":{"line":32,"column":4},"end":{"line":40,"column":7}},"4":{"start":{"line":33,"column":6},"end":{"line":39,"column":7}},"5":{"start":{"line":34,"column":29},"end":{"line":34,"column":55}},"6":{"start":{"line":35,"column":8},"end":{"line":36,"column":74}},"7":{"start":{"line":37,"column":8},"end":{"line":38,"column":74}},"8":{"start":{"line":42,"column":4},"end":{"line":42,"column":23}},"9":{"start":{"line":46,"column":19},"end":{"line":46,"column":49}},"10":{"start":{"line":47,"column":17},"end":{"line":47,"column":47}},"11":{"start":{"line":49,"column":4},"end":{"line":51,"column":5}},"12":{"start":{"line":50,"column":6},"end":{"line":50,"column":35}},"13":{"start":{"line":52,"column":24},"end":{"line":52,"column":75}},"14":{"start":{"line":54,"column":4},"end":{"line":66,"column":6}},"15":{"start":{"line":70,"column":0},"end":{"line":70,"column":27}},"16":{"start":{"line":71,"column":0},"end":{"line":71,"column":33}}},"fnMap":{"0":{"name":"(anonymous_0)","decl":{"start":{"line":26,"column":2},"end":{"line":26,"column":3}},"loc":{"start":{"line":26,"column":37},"end":{"line":43,"column":3}},"line":26},"1":{"name":"(anonymous_1)","decl":{"start":{"line":32,"column":36},"end":{"line":32,"column":37}},"loc":{"start":{"line":32,"column":53},"end":{"line":40,"column":5}},"line":32},"2":{"name":"(anonymous_2)","decl":{"start":{"line":45,"column":2},"end":{"line":45,"column":3}},"loc":{"start":{"line":45,"column":11},"end":{"line":67,"column":3}},"line":45}},"branchMap":{"0":{"loc":{"start":{"line":33,"column":6},"end":{"line":39,"column":7}},"type":"if","locations":[{"start":{"line":33,"column":6},"end":{"line":39,"column":7}},{"start":{"line":33,"column":6},"end":{"line":39,"column":7}}],"line":33},"1":{"loc":{"start":{"line":36,"column":10},"end":{"line":36,"column":73}},"type":"binary-expr","locations":[{"start":{"line":36,"column":11},"end":{"line":36,"column":34}},{"start":{"line":36,"column":38},"end":{"line":36,"column":64}},{"start":{"line":36,"column":69},"end":{"line":36,"column":73}}],"line":36},"2":{"loc":{"start":{"line":38,"column":10},"end":{"line":38,"column":73}},"type":"binary-expr","locations":[{"start":{"line":38,"column":11},"end":{"line":38,"column":34}},{"start":{"line":38,"column":38},"end":{"line":38,"column":64}},{"start":{"line":38,"column":69},"end":{"line":38,"column":73}}],"line":38},"3":{"loc":{"start":{"line":49,"column":4},"end":{"line":51,"column":5}},"type":"if","locations":[{"start":{"line":49,"column":4},"end":{"line":51,"column":5}},{"start":{"line":49,"column":4},"end":{"line":51,"column":5}}],"line":49}},"s":{"0":12,"1":12,"2":3,"3":3,"4":7,"5":3,"6":3,"7":3,"8":3,"9":6,"10":6,"11":6,"12":5,"13":1,"14":1,"15":12,"16":12},"f":{"0":3,"1":7,"2":6},"b":{"0":[3,4],"1":[3,2,1],"2":[3,1,2],"3":[5,1]},"_coverageSchema":"332fd63041d2c1bcb487cc26dd0d5f7d97098a6c","hash":"b1c47cc2a90827666b43d9ba09b3be350e174144"}
,"C:\\Users\\Syneva\\Development\\onto-real-life\\source\\js\\views\\BlogPosts\\PostCollection.jsx": {"path":"C:\\Users\\Syneva\\Development\\onto-real-life\\source\\js\\views\\BlogPosts\\PostCollection.jsx","statementMap":{"0":{"start":{"line":8,"column":18},"end":{"line":11,"column":1}},"1":{"start":{"line":13,"column":21},"end":{"line":16,"column":1}},"2":{"start":{"line":20,"column":4},"end":{"line":31,"column":7}},"3":{"start":{"line":21,"column":26},"end":{"line":21,"column":39}},"4":{"start":{"line":22,"column":6},"end":{"line":30,"column":8}},"5":{"start":{"line":34,"column":29},"end":{"line":34,"column":94}},"6":{"start":{"line":35,"column":4},"end":{"line":42,"column":6}},"7":{"start":{"line":46,"column":0},"end":{"line":46,"column":37}},"8":{"start":{"line":47,"column":0},"end":{"line":47,"column":43}}},"fnMap":{"0":{"name":"(anonymous_0)","decl":{"start":{"line":19,"column":2},"end":{"line":19,"column":3}},"loc":{"start":{"line":19,"column":37},"end":{"line":32,"column":3}},"line":19},"1":{"name":"(anonymous_1)","decl":{"start":{"line":20,"column":36},"end":{"line":20,"column":37}},"loc":{"start":{"line":20,"column":44},"end":{"line":31,"column":5}},"line":20},"2":{"name":"(anonymous_2)","decl":{"start":{"line":33,"column":2},"end":{"line":33,"column":3}},"loc":{"start":{"line":33,"column":11},"end":{"line":43,"column":3}},"line":33}},"branchMap":{},"s":{"0":12,"1":12,"2":3,"3":6,"4":6,"5":3,"6":3,"7":12,"8":12},"f":{"0":3,"1":6,"2":3},"b":{},"_coverageSchema":"332fd63041d2c1bcb487cc26dd0d5f7d97098a6c","hash":"f3e65679d9d5c1bc8230795844937b73057252f0"}
,"C:\\Users\\Syneva\\Development\\onto-real-life\\source\\js\\views\\Contact\\Contact.jsx": {"path":"C:\\Users\\Syneva\\Development\\onto-real-life\\source\\js\\views\\Contact\\Contact.jsx","statementMap":{"0":{"start":{"line":5,"column":2},"end":{"line":14,"column":4}}},"fnMap":{"0":{"name":"Contact","decl":{"start":{"line":4,"column":24},"end":{"line":4,"column":31}},"loc":{"start":{"line":4,"column":34},"end":{"line":15,"column":1}},"line":4}},"branchMap":{},"s":{"0":1},"f":{"0":1},"b":{},"_coverageSchema":"332fd63041d2c1bcb487cc26dd0d5f7d97098a6c","hash":"3ed8a2bf6aeef335b93a34a3740bc55bafe51bca"}
,"C:\\Users\\Syneva\\Development\\onto-real-life\\source\\js\\views\\NotFound\\index.jsx": {"path":"C:\\Users\\Syneva\\Development\\onto-real-life\\source\\js\\views\\NotFound\\index.jsx","statementMap":{"0":{"start":{"line":5,"column":4},"end":{"line":13,"column":6}}},"fnMap":{"0":{"name":"(anonymous_0)","decl":{"start":{"line":4,"column":2},"end":{"line":4,"column":3}},"loc":{"start":{"line":4,"column":11},"end":{"line":14,"column":3}},"line":4}},"branchMap":{},"s":{"0":1},"f":{"0":1},"b":{},"_coverageSchema":"332fd63041d2c1bcb487cc26dd0d5f7d97098a6c","hash":"2845ad51e7100c28afd341f9f27392fd447b9144"}
}
