TN:
SF:C:\Users\Syneva\Development\onto-real-life\source\js\components\AboutMe\AboutMe.jsx
FN:5,(anonymous_0)
FNF:1
FNH:1
FNDA:1,(anonymous_0)
DA:6,1
LF:1
LH:1
BRF:0
BRH:0
end_of_record
TN:
SF:C:\Users\Syneva\Development\onto-real-life\source\js\components\BlogPosts\PostContent.jsx
FN:26,(anonymous_0)
FN:39,(anonymous_1)
FN:43,(anonymous_2)
FN:49,(anonymous_3)
FN:54,(anonymous_4)
FN:60,(anonymous_5)
FN:68,(anonymous_6)
FN:73,(anonymous_7)
FNF:8
FNH:8
FNDA:5,(anonymous_0)
FNDA:1,(anonymous_1)
FNDA:2,(anonymous_2)
FNDA:2,(anonymous_3)
FNDA:1,(anonymous_4)
FNDA:1,(anonymous_5)
FNDA:1,(anonymous_6)
FNDA:8,(anonymous_7)
DA:6,8
DA:9,8
DA:11,8
DA:12,8
DA:15,8
DA:17,8
DA:21,8
DA:27,5
DA:29,5
DA:35,5
DA:36,5
DA:40,1
DA:44,2
DA:45,1
DA:50,2
DA:55,1
DA:61,1
DA:62,1
DA:65,1
DA:69,1
DA:74,8
DA:91,8
DA:92,8
LF:23
LH:23
BRDA:44,0,0,1
BRDA:44,0,1,1
BRDA:44,1,0,2
BRDA:44,1,1,1
BRF:4
BRH:4
end_of_record
TN:
SF:C:\Users\Syneva\Development\onto-real-life\source\js\components\BlogPosts\PostContextNav.jsx
FN:15,PostContextNav
FN:16,(anonymous_1)
FNF:2
FNH:2
FNDA:8,PostContextNav
FNDA:4,(anonymous_1)
DA:5,7
DA:10,7
DA:16,8
DA:17,4
DA:35,8
DA:59,7
DA:60,7
LF:7
LH:7
BRDA:26,0,0,3
BRDA:26,0,1,1
BRDA:37,1,0,3
BRDA:37,1,1,5
BRDA:46,2,0,1
BRDA:46,2,1,7
BRF:6
BRH:6
end_of_record
TN:
SF:C:\Users\Syneva\Development\onto-real-life\source\js\components\BlogPosts\PostPreviewer.jsx
FN:20,(anonymous_0)
FNF:1
FNH:1
FNDA:3,(anonymous_0)
DA:5,8
DA:12,8
DA:21,3
DA:47,8
DA:48,8
LF:5
LH:5
BRDA:37,0,0,1
BRDA:37,0,1,2
BRF:2
BRH:2
end_of_record
TN:
SF:C:\Users\Syneva\Development\onto-real-life\source\js\components\BlogPosts\PostTitle.jsx
FN:18,PostTitle
FNF:1
FNH:1
FNDA:3,PostTitle
DA:4,8
DA:11,8
DA:19,3
DA:42,8
DA:43,8
LF:5
LH:5
BRDA:33,0,0,1
BRDA:33,0,1,2
BRF:2
BRH:2
end_of_record
TN:
SF:C:\Users\Syneva\Development\onto-real-life\source\js\components\Contact\ContactMsg.jsx
FN:3,(anonymous_0)
FN:10,(anonymous_1)
FN:24,(anonymous_2)
FN:32,(anonymous_3)
FN:54,(anonymous_4)
FN:80,(anonymous_5)
FN:88,(anonymous_6)
FN:89,(anonymous_7)
FN:93,(anonymous_8)
FN:97,(anonymous_9)
FN:107,(anonymous_10)
FNF:11
FNH:10
FNDA:5,(anonymous_0)
FNDA:7,(anonymous_1)
FNDA:1,(anonymous_2)
FNDA:11,(anonymous_3)
FNDA:3,(anonymous_4)
FNDA:2,(anonymous_5)
FNDA:0,(anonymous_6)
FNDA:2,(anonymous_7)
FNDA:3,(anonymous_8)
FNDA:1,(anonymous_9)
FNDA:11,(anonymous_10)
DA:3,6
DA:4,5
DA:7,6
DA:11,7
DA:12,7
DA:18,7
DA:19,7
DA:20,7
DA:21,7
DA:25,1
DA:26,1
DA:27,1
DA:29,1
DA:33,11
DA:34,2
DA:40,9
DA:41,1
DA:48,8
DA:55,3
DA:56,3
DA:58,3
DA:65,1
DA:70,1
DA:71,1
DA:74,2
DA:81,2
DA:84,2
DA:94,3
DA:98,1
DA:108,11
DA:112,11
LF:31
LH:31
BRDA:33,0,0,2
BRDA:33,0,1,9
BRDA:40,1,0,1
BRDA:40,1,1,8
BRDA:58,2,0,1
BRDA:58,2,1,2
BRDA:94,3,0,3
BRDA:94,3,1,1
BRDA:94,3,2,1
BRF:9
BRH:9
end_of_record
TN:
SF:C:\Users\Syneva\Development\onto-real-life\source\js\components\Global\Header.jsx
FN:17,(anonymous_0)
FNF:1
FNH:1
FNDA:1,(anonymous_0)
DA:6,4
DA:10,4
DA:18,1
DA:31,4
DA:32,4
LF:5
LH:5
BRF:0
BRH:0
end_of_record
TN:
SF:C:\Users\Syneva\Development\onto-real-life\source\js\components\Global\Menu.jsx
FN:15,(anonymous_0)
FN:24,(anonymous_1)
FN:31,(anonymous_2)
FN:41,(anonymous_3)
FN:45,(anonymous_4)
FNF:5
FNH:5
FNDA:1,(anonymous_0)
FNDA:2,(anonymous_1)
FNDA:2,(anonymous_2)
FNDA:3,(anonymous_3)
FNDA:3,(anonymous_4)
DA:6,4
DA:10,4
DA:16,1
DA:17,1
DA:21,1
DA:25,2
DA:26,2
DA:32,2
DA:34,1
DA:35,1
DA:37,1
DA:42,3
DA:46,3
DA:49,3
DA:97,4
DA:98,4
LF:16
LH:16
BRDA:32,0,0,1
BRDA:32,0,1,1
BRDA:46,1,0,1
BRDA:46,1,1,2
BRF:4
BRH:4
end_of_record
TN:
SF:C:\Users\Syneva\Development\onto-real-life\source\js\components\Global\Title.jsx
FN:6,(anonymous_0)
FNF:1
FNH:1
FNDA:1,(anonymous_0)
DA:7,1
LF:1
LH:1
BRF:0
BRH:0
end_of_record
TN:
SF:C:\Users\Syneva\Development\onto-real-life\source\js\components\Spinner\Spinner.jsx
FN:20,(anonymous_0)
FN:37,(anonymous_1)
FN:43,(anonymous_2)
FN:47,(anonymous_3)
FN:58,(anonymous_4)
FN:72,(anonymous_5)
FN:83,(anonymous_6)
FNF:7
FNH:7
FNDA:5,(anonymous_0)
FNDA:1,(anonymous_1)
FNDA:3,(anonymous_2)
FNDA:1,(anonymous_3)
FNDA:12,(anonymous_4)
FNDA:48,(anonymous_5)
FNDA:4,(anonymous_6)
DA:4,6
DA:8,6
DA:17,6
DA:21,5
DA:22,5
DA:23,1
DA:26,4
DA:32,4
DA:38,1
DA:39,1
DA:40,1
DA:44,3
DA:48,1
DA:49,1
DA:51,1
DA:52,1
DA:53,1
DA:55,1
DA:59,12
DA:73,48
DA:84,4
DA:120,6
DA:121,6
LF:23
LH:23
BRDA:22,0,0,1
BRDA:22,0,1,4
BRF:2
BRH:2
end_of_record
TN:
SF:C:\Users\Syneva\Development\onto-real-life\source\js\utils\post-helper.js
FN:13,(anonymous_0)
FN:19,(anonymous_1)
FN:21,(anonymous_2)
FN:27,(anonymous_3)
FN:41,(anonymous_4)
FNF:5
FNH:4
FNDA:9,(anonymous_0)
FNDA:2,(anonymous_1)
FNDA:2,(anonymous_2)
FNDA:1,(anonymous_3)
FNDA:0,(anonymous_4)
DA:2,9
DA:3,9
DA:6,9
DA:7,9
DA:9,0
DA:14,9
DA:15,9
DA:16,9
DA:21,2
DA:22,2
DA:23,1
DA:28,1
DA:29,1
DA:33,1
DA:38,1
DA:49,9
LF:16
LH:15
BRDA:6,0,0,9
BRDA:6,0,1,0
BRDA:22,1,0,1
BRDA:22,1,1,1
BRDA:22,2,0,2
BRDA:22,2,1,1
BRF:6
BRH:5
end_of_record
TN:
SF:C:\Users\Syneva\Development\onto-real-life\source\js\views\About\index.jsx
FN:6,(anonymous_0)
FNF:1
FNH:1
FNDA:1,(anonymous_0)
DA:7,1
LF:1
LH:1
BRF:0
BRH:0
end_of_record
TN:
SF:C:\Users\Syneva\Development\onto-real-life\source\js\views\App\App.jsx
FN:21,(anonymous_0)
FNF:1
FNH:1
FNDA:2,(anonymous_0)
DA:6,4
DA:10,4
DA:22,2
DA:24,2
DA:35,4
DA:36,4
LF:6
LH:6
BRF:0
BRH:0
end_of_record
TN:
SF:C:\Users\Syneva\Development\onto-real-life\source\js\views\BlogPosts\BlogPosts.jsx
FN:24,(anonymous_0)
FN:30,(anonymous_1)
FN:43,(anonymous_2)
FN:59,(anonymous_3)
FN:63,(anonymous_4)
FNF:5
FNH:5
FNDA:3,(anonymous_0)
FNDA:8,(anonymous_1)
FNDA:1,(anonymous_2)
FNDA:5,(anonymous_3)
FNDA:6,(anonymous_4)
DA:11,5
DA:13,5
DA:17,5
DA:25,3
DA:30,3
DA:31,8
DA:32,3
DA:33,3
DA:35,3
DA:40,3
DA:44,1
DA:60,5
DA:64,6
DA:66,6
DA:67,1
DA:72,1
DA:80,5
DA:84,5
DA:85,5
LF:19
LH:19
BRDA:31,0,0,3
BRDA:31,0,1,5
BRDA:34,1,0,3
BRDA:34,1,1,2
BRDA:34,1,2,1
BRDA:36,2,0,3
BRDA:36,2,1,2
BRDA:36,2,2,1
BRDA:66,3,0,1
BRDA:66,3,1,5
BRF:10
BRH:10
end_of_record
TN:
SF:C:\Users\Syneva\Development\onto-real-life\source\js\views\BlogPosts\PostCollection.jsx
FN:15,(anonymous_0)
FN:16,(anonymous_1)
FN:29,(anonymous_2)
FNF:3
FNH:3
FNDA:2,(anonymous_0)
FNDA:4,(anonymous_1)
FNDA:2,(anonymous_2)
DA:6,6
DA:10,6
DA:16,2
DA:17,4
DA:18,4
DA:30,2
DA:42,6
DA:43,6
LF:8
LH:8
BRF:0
BRH:0
end_of_record
TN:
SF:C:\Users\Syneva\Development\onto-real-life\source\js\views\Contact\Contact.jsx
FN:4,Contact
FNF:1
FNH:1
FNDA:1,Contact
DA:5,1
LF:1
LH:1
BRF:0
BRH:0
end_of_record
TN:
SF:C:\Users\Syneva\Development\onto-real-life\source\js\views\NotFound\index.jsx
FN:4,(anonymous_0)
FNF:1
FNH:1
FNDA:1,(anonymous_0)
DA:5,1
LF:1
LH:1
BRF:0
BRH:0
end_of_record
