TN:
SF:C:\Users\Syneva\Development\onto-real-life\source\js\components\AboutMe\AboutMe.jsx
FN:5,(anonymous_0)
FNF:1
FNH:1
FNDA:1,(anonymous_0)
DA:6,1
LF:1
LH:1
BRF:0
BRH:0
end_of_record
TN:
SF:C:\Users\Syneva\Development\onto-real-life\source\js\components\BlogPosts\PostContent.jsx
FN:26,(anonymous_0)
FN:38,(anonymous_1)
FN:43,(anonymous_2)
FN:49,(anonymous_3)
FN:54,(anonymous_4)
FNF:5
FNH:5
FNDA:4,(anonymous_0)
FNDA:1,(anonymous_1)
FNDA:1,(anonymous_2)
FNDA:1,(anonymous_3)
FNDA:6,(anonymous_4)
DA:6,7
DA:9,7
DA:11,7
DA:12,7
DA:15,7
DA:17,7
DA:21,7
DA:27,4
DA:29,4
DA:34,4
DA:35,4
DA:39,1
DA:44,1
DA:50,1
DA:55,6
DA:72,7
DA:73,7
LF:17
LH:17
BRF:0
BRH:0
end_of_record
TN:
SF:C:\Users\Syneva\Development\onto-real-life\source\js\components\BlogPosts\PostPreviewer.jsx
FN:20,(anonymous_0)
FNF:1
FNH:1
FNDA:3,(anonymous_0)
DA:5,7
DA:12,7
DA:21,3
DA:47,7
DA:48,7
LF:5
LH:5
BRDA:37,0,0,1
BRDA:37,0,1,2
BRF:2
BRH:2
end_of_record
TN:
SF:C:\Users\Syneva\Development\onto-real-life\source\js\components\BlogPosts\PostTitle.jsx
FN:18,PostTitle
FNF:1
FNH:1
FNDA:3,PostTitle
DA:4,7
DA:11,7
DA:19,3
DA:43,7
DA:44,7
LF:5
LH:5
BRDA:34,0,0,1
BRDA:34,0,1,2
BRF:2
BRH:2
end_of_record
TN:
SF:C:\Users\Syneva\Development\onto-real-life\source\js\components\Contact\ContactMsg.jsx
FN:3,(anonymous_0)
FN:10,(anonymous_1)
FN:24,(anonymous_2)
FN:32,(anonymous_3)
FN:54,(anonymous_4)
FN:80,(anonymous_5)
FN:88,(anonymous_6)
FN:89,(anonymous_7)
FN:93,(anonymous_8)
FN:97,(anonymous_9)
FN:107,(anonymous_10)
FNF:11
FNH:10
FNDA:5,(anonymous_0)
FNDA:7,(anonymous_1)
FNDA:1,(anonymous_2)
FNDA:11,(anonymous_3)
FNDA:3,(anonymous_4)
FNDA:2,(anonymous_5)
FNDA:0,(anonymous_6)
FNDA:2,(anonymous_7)
FNDA:3,(anonymous_8)
FNDA:1,(anonymous_9)
FNDA:11,(anonymous_10)
DA:3,6
DA:4,5
DA:7,6
DA:11,7
DA:12,7
DA:18,7
DA:19,7
DA:20,7
DA:21,7
DA:25,1
DA:26,1
DA:27,1
DA:29,1
DA:33,11
DA:34,2
DA:40,9
DA:41,1
DA:48,8
DA:55,3
DA:56,3
DA:58,3
DA:65,1
DA:70,1
DA:71,1
DA:74,2
DA:81,2
DA:84,2
DA:94,3
DA:98,1
DA:108,11
DA:112,11
LF:31
LH:31
BRDA:4,0,0,3
BRDA:4,0,1,2
BRDA:4,1,0,5
BRDA:4,1,1,3
BRDA:33,2,0,2
BRDA:33,2,1,9
BRDA:40,3,0,1
BRDA:40,3,1,8
BRDA:58,4,0,1
BRDA:58,4,1,2
BRDA:94,5,0,3
BRDA:94,5,1,1
BRDA:94,5,2,1
BRF:13
BRH:13
end_of_record
TN:
SF:C:\Users\Syneva\Development\onto-real-life\source\js\components\Global\Header.jsx
FN:17,(anonymous_0)
FNF:1
FNH:1
FNDA:1,(anonymous_0)
DA:6,4
DA:10,4
DA:18,1
DA:31,4
DA:32,4
LF:5
LH:5
BRF:0
BRH:0
end_of_record
TN:
SF:C:\Users\Syneva\Development\onto-real-life\source\js\components\Global\Menu.jsx
FN:15,(anonymous_0)
FN:24,(anonymous_1)
FN:28,(anonymous_2)
FN:34,(anonymous_3)
FN:38,(anonymous_4)
FNF:5
FNH:5
FNDA:2,(anonymous_0)
FNDA:18,(anonymous_1)
FNDA:2,(anonymous_2)
FNDA:8,(anonymous_3)
FNDA:4,(anonymous_4)
DA:6,4
DA:10,4
DA:16,2
DA:17,2
DA:21,2
DA:25,18
DA:29,2
DA:35,8
DA:39,4
DA:42,4
DA:97,4
DA:98,4
LF:12
LH:12
BRDA:25,0,0,1
BRDA:25,0,1,17
BRDA:39,1,0,1
BRDA:39,1,1,3
BRF:4
BRH:4
end_of_record
TN:
SF:C:\Users\Syneva\Development\onto-real-life\source\js\components\Global\Title.jsx
FN:6,(anonymous_0)
FNF:1
FNH:1
FNDA:1,(anonymous_0)
DA:7,1
LF:1
LH:1
BRF:0
BRH:0
end_of_record
TN:
SF:C:\Users\Syneva\Development\onto-real-life\source\js\components\Spinner\Spinner.jsx
FN:20,(anonymous_0)
FN:37,(anonymous_1)
FN:43,(anonymous_2)
FN:47,(anonymous_3)
FN:58,(anonymous_4)
FN:72,(anonymous_5)
FN:83,(anonymous_6)
FNF:7
FNH:7
FNDA:5,(anonymous_0)
FNDA:1,(anonymous_1)
FNDA:3,(anonymous_2)
FNDA:1,(anonymous_3)
FNDA:12,(anonymous_4)
FNDA:48,(anonymous_5)
FNDA:4,(anonymous_6)
DA:4,6
DA:8,6
DA:17,6
DA:21,5
DA:22,5
DA:23,1
DA:26,4
DA:32,4
DA:38,1
DA:39,1
DA:40,1
DA:44,3
DA:48,1
DA:49,1
DA:51,1
DA:52,1
DA:53,1
DA:55,1
DA:59,12
DA:73,48
DA:84,4
DA:120,6
DA:121,6
LF:23
LH:23
BRDA:22,0,0,1
BRDA:22,0,1,4
BRF:2
BRH:2
end_of_record
TN:
SF:C:\Users\Syneva\Development\onto-real-life\source\js\utils\post-helper.js
FN:13,(anonymous_0)
FN:19,(anonymous_1)
FN:21,(anonymous_2)
FN:27,(anonymous_3)
FN:41,(anonymous_4)
FNF:5
FNH:4
FNDA:8,(anonymous_0)
FNDA:2,(anonymous_1)
FNDA:2,(anonymous_2)
FNDA:1,(anonymous_3)
FNDA:0,(anonymous_4)
DA:2,8
DA:3,8
DA:6,8
DA:7,8
DA:9,0
DA:14,8
DA:15,8
DA:16,8
DA:21,2
DA:22,2
DA:23,1
DA:28,1
DA:29,1
DA:33,1
DA:38,1
DA:49,8
LF:16
LH:15
BRDA:6,0,0,8
BRDA:6,0,1,0
BRDA:22,1,0,1
BRDA:22,1,1,1
BRDA:22,2,0,2
BRDA:22,2,1,1
BRF:6
BRH:5
end_of_record
TN:
SF:C:\Users\Syneva\Development\onto-real-life\source\js\views\About\index.jsx
FN:6,(anonymous_0)
FNF:1
FNH:1
FNDA:1,(anonymous_0)
DA:7,1
LF:1
LH:1
BRF:0
BRH:0
end_of_record
TN:
SF:C:\Users\Syneva\Development\onto-real-life\source\js\views\App\App.jsx
FN:21,(anonymous_0)
FNF:1
FNH:1
FNDA:2,(anonymous_0)
DA:6,4
DA:10,4
DA:22,2
DA:24,2
DA:35,4
DA:36,4
LF:6
LH:6
BRF:0
BRH:0
end_of_record
TN:
SF:C:\Users\Syneva\Development\onto-real-life\source\js\views\BlogPosts\BlogPosts.jsx
FN:20,(anonymous_0)
FN:24,(anonymous_1)
FN:38,(anonymous_2)
FN:44,(anonymous_3)
FN:55,(anonymous_4)
FNF:5
FNH:5
FNDA:5,(anonymous_0)
FNDA:1,(anonymous_1)
FNDA:3,(anonymous_2)
FNDA:8,(anonymous_3)
FNDA:6,(anonymous_4)
DA:7,5
DA:9,5
DA:13,5
DA:21,5
DA:25,1
DA:39,3
DA:44,3
DA:45,8
DA:46,3
DA:47,3
DA:48,3
DA:52,3
DA:56,6
DA:58,6
DA:59,1
DA:61,1
DA:64,5
DA:68,5
DA:69,5
LF:19
LH:19
BRDA:45,0,0,3
BRDA:45,0,1,5
BRDA:47,1,0,3
BRDA:47,1,1,2
BRDA:47,1,2,1
BRDA:48,2,0,3
BRDA:48,2,1,2
BRDA:48,2,2,1
BRDA:58,3,0,1
BRDA:58,3,1,5
BRF:10
BRH:10
end_of_record
TN:
SF:C:\Users\Syneva\Development\onto-real-life\source\js\views\BlogPosts\PostCollection.jsx
FN:15,(anonymous_0)
FN:16,(anonymous_1)
FN:29,(anonymous_2)
FNF:3
FNH:3
FNDA:2,(anonymous_0)
FNDA:4,(anonymous_1)
FNDA:2,(anonymous_2)
DA:6,6
DA:10,6
DA:16,2
DA:17,4
DA:18,4
DA:30,2
DA:42,6
DA:43,6
LF:8
LH:8
BRF:0
BRH:0
end_of_record
TN:
SF:C:\Users\Syneva\Development\onto-real-life\source\js\views\Contact\Contact.jsx
FN:4,Contact
FNF:1
FNH:1
FNDA:1,Contact
DA:5,1
LF:1
LH:1
BRF:0
BRH:0
end_of_record
TN:
SF:C:\Users\Syneva\Development\onto-real-life\source\js\views\NotFound\index.jsx
FN:4,(anonymous_0)
FNF:1
FNH:1
FNDA:1,(anonymous_0)
DA:5,1
LF:1
LH:1
BRF:0
BRH:0
end_of_record
